2025-09-05 11:07:57,095 [INFO] Activator:176 - 


2025-09-05 11:07:57,102 [INFO] Activator:177 - !SESSION log4j initialized
2025-09-05 11:08:04,863 [INFO] LogOutputStream:77 - [STDOUT_REDIRECT] 
2025-09-05 11:08:27,157 [ERROR] LogOutputStream:75 - [STDERR_REDIRECT] SLF4J: Failed to load class "org.slf4j.impl.StaticLoggerBinder".
2025-09-05 11:08:27,158 [ERROR] LogOutputStream:75 - [STDERR_REDIRECT] SLF4J: Defaulting to no-operation (NOP) logger implementation
2025-09-05 11:08:27,159 [ERROR] LogOutputStream:75 - [STDERR_REDIRECT] SLF4J: See http://www.slf4j.org/codes.html#StaticLoggerBinder for further details.
2025-09-05 11:09:25,065 [INFO] ApplicationProperties:184 - Using Application install path: /app/stm32cubeide/plugins/com.st.stm32cube.common.mx_6.8.0.202302231600
2025-09-05 11:09:25,113 [INFO] DbMcusXml:78 - Set database path to: /app/stm32cubeide/plugins/com.st.stm32cube.common.mx_6.8.0.202302231600//db//mcu/
2025-09-05 11:09:25,114 [INFO] ApiDb:274 - Set plugin database path to: /app/stm32cubeide/plugins/com.st.stm32cube.common.mx_6.8.0.202302231600//db//plugins/boardmanager/
2025-09-05 11:09:25,123 [WARN] ApiDb:259 - Overriding images path with different value:  => /app/stm32cubeide/plugins/com.st.stm32cube.common.mx_6.8.0.202302231600//db//plugins/mcufinder/images/
2025-09-05 11:09:25,174 [INFO] ApiDb:250 - Set database path to: /home/ziad/.stmcufinder/plugins/mcufinder//mcu/
2025-09-05 11:09:25,178 [INFO] DbMcusAds:125 - Set database path to: /home/ziad/.stmcufinder/plugins/mcufinder//mcu/
2025-09-05 11:09:25,224 [INFO] CrossReferenceDbSqlite:203 - Set database path to: /home/ziad/.stmcufinder/plugins/mcufinder//mcu/cs/
2025-09-05 11:09:25,566 [INFO] RulesReader:64 - Compatibility file has been processed (293 Rules)
2025-09-05 11:09:25,778 [INFO] DbMcusXml:78 - Set database path to: /app/stm32cubeide/plugins/com.st.stm32cube.common.mx_6.8.0.202302231600//db//mcu/
2025-09-05 11:09:25,778 [INFO] ApiDb:274 - Set plugin database path to: /app/stm32cubeide/plugins/com.st.stm32cube.common.mx_6.8.0.202302231600//db//plugins/boardmanager/
2025-09-05 11:09:25,779 [INFO] ApiDb:261 - Set plugin images path to: /app/stm32cubeide/plugins/com.st.stm32cube.common.mx_6.8.0.202302231600//db//plugins/mcufinder/images/
2025-09-05 11:09:25,779 [WARN] DbFile:41 - Overriding database path with different value: /home/ziad/.stmcufinder/plugins/mcufinder/ => /home/ziad/.stmcufinder/plugins/mcufinder
2025-09-05 11:09:25,779 [INFO] ApiDb:250 - Set database path to: /home/ziad/.stmcufinder/plugins/mcufinder//mcu/
2025-09-05 11:09:25,779 [WARN] DbFile:41 - Overriding database path with different value: /home/ziad/.stmcufinder/plugins/mcufinder/ => /home/ziad/.stmcufinder/plugins/mcufinder
2025-09-05 11:09:25,779 [INFO] DbMcusAds:125 - Set database path to: /home/ziad/.stmcufinder/plugins/mcufinder//mcu/
2025-09-05 11:09:25,779 [WARN] DbFile:41 - Overriding database path with different value: /home/ziad/.stmcufinder/plugins/mcufinder/ => /home/ziad/.stmcufinder/plugins/mcufinder
2025-09-05 11:09:25,780 [WARN] DbFile:41 - Overriding database path with different value: /home/ziad/.stmcufinder/plugins/mcufinder/ => /home/ziad/.stmcufinder/plugins/mcufinder
2025-09-05 11:09:25,780 [INFO] CrossReferenceDbSqlite:203 - Set database path to: /home/ziad/.stmcufinder/plugins/mcufinder//mcu/cs/
2025-09-05 11:09:26,051 [INFO] MainPanel:253 - HeapMemory: 460324864
2025-09-05 11:09:26,503 [INFO] DbMcusXml:78 - Set database path to: /app/stm32cubeide/plugins/com.st.stm32cube.common.mx_6.8.0.202302231600//db//mcu/
2025-09-05 11:09:26,504 [INFO] ApiDb:274 - Set plugin database path to: /app/stm32cubeide/plugins/com.st.stm32cube.common.mx_6.8.0.202302231600//db//plugins/boardmanager/
2025-09-05 11:09:26,504 [INFO] ApiDb:261 - Set plugin images path to: /app/stm32cubeide/plugins/com.st.stm32cube.common.mx_6.8.0.202302231600//db//plugins/mcufinder/images/
2025-09-05 11:09:26,507 [WARN] DbFile:41 - Overriding database path with different value: /home/ziad/.stmcufinder/plugins/mcufinder/ => /home/ziad/.stmcufinder/plugins/mcufinder
2025-09-05 11:09:26,507 [INFO] ApiDb:250 - Set database path to: /home/ziad/.stmcufinder/plugins/mcufinder//mcu/
2025-09-05 11:09:26,507 [WARN] DbFile:41 - Overriding database path with different value: /home/ziad/.stmcufinder/plugins/mcufinder/ => /home/ziad/.stmcufinder/plugins/mcufinder
2025-09-05 11:09:26,507 [INFO] DbMcusAds:125 - Set database path to: /home/ziad/.stmcufinder/plugins/mcufinder//mcu/
2025-09-05 11:09:26,508 [WARN] DbFile:41 - Overriding database path with different value: /home/ziad/.stmcufinder/plugins/mcufinder/ => /home/ziad/.stmcufinder/plugins/mcufinder
2025-09-05 11:09:26,508 [WARN] DbFile:41 - Overriding database path with different value: /home/ziad/.stmcufinder/plugins/mcufinder/ => /home/ziad/.stmcufinder/plugins/mcufinder
2025-09-05 11:09:26,508 [INFO] CrossReferenceDbSqlite:203 - Set database path to: /home/ziad/.stmcufinder/plugins/mcufinder//mcu/cs/
2025-09-05 11:09:26,555 [INFO] ApplicationProperties:184 - Using Application install path: /app/stm32cubeide/plugins/com.st.stm32cube.common.mx_6.8.0.202302231600
2025-09-05 11:09:26,559 [INFO] PluginManage:196 - Search for loadable plugins [exclusion list=, ]
2025-09-05 11:09:26,573 [INFO] PluginManage:310 - Check plugin analytics
2025-09-05 11:09:26,985 [INFO] AnalyticsPlugin:253 - Accepted Software Licenses: 
2025-09-05 11:09:26,986 [INFO] AnalyticsPlugin:255 - Accepted CMSIS Pack Licenses: 
2025-09-05 11:09:26,986 [INFO] AnalyticsPlugin:257 - Accepted Firmware Licenses: FW.F4.1.27.0
2025-09-05 11:09:26,999 [INFO] PluginManage:359 - Loaded plugin analytics (category:tool,tabindex:-1)
2025-09-05 11:09:27,018 [INFO] PluginManage:310 - Check plugin cadmodel
2025-09-05 11:09:27,590 [INFO] CADModel:105 - Init CAD model plugin
2025-09-05 11:09:27,590 [INFO] PluginManage:359 - Loaded plugin cadmodel (category:power,tabindex:5)
2025-09-05 11:09:27,590 [INFO] PluginManage:310 - Check plugin clock
2025-09-05 11:09:27,680 [INFO] PluginManage:359 - Loaded plugin clock (category:base,tabindex:2)
2025-09-05 11:09:27,680 [INFO] PluginManage:310 - Check plugin ddr
2025-09-05 11:09:27,706 [INFO] PluginManage:359 - Loaded plugin ddr (category:tool,tabindex:6)
2025-09-05 11:09:27,707 [INFO] PluginManage:310 - Check plugin filemanager
2025-09-05 11:09:28,262 [INFO] PluginManage:359 - Loaded plugin filemanager (category:base,tabindex:10)
2025-09-05 11:09:28,262 [INFO] PluginManage:310 - Check plugin ipmanager
2025-09-05 11:09:28,276 [INFO] PluginManage:359 - Loaded plugin ipmanager (category:base,tabindex:5)
2025-09-05 11:09:28,276 [INFO] PluginManage:310 - Check plugin lpbam
2025-09-05 11:09:28,320 [INFO] PluginManage:359 - Loaded plugin lpbam (category:base,tabindex:0)
2025-09-05 11:09:28,320 [INFO] PluginManage:310 - Check plugin pinoutandconfiguration
2025-09-05 11:09:28,355 [INFO] PluginManage:359 - Loaded plugin pinoutandconfiguration (category:base,tabindex:1)
2025-09-05 11:09:28,355 [INFO] PluginManage:310 - Check plugin pinoutconfig
2025-09-05 11:09:28,659 [WARN] SupportedApi:132 - Cannot load RTOS API schema: s4s-elt-must-match.1: The content of 'definitions' must match (annotation?, (simpleType | complexType)?, (unique | key | keyref)*)). A problem was found starting at: attribute.
2025-09-05 11:09:28,918 [INFO] PluginManage:359 - Loaded plugin pinoutconfig (category:base,tabindex:0)
2025-09-05 11:09:28,919 [INFO] PluginManage:310 - Check plugin power
2025-09-05 11:09:28,936 [INFO] PluginManage:359 - Loaded plugin power (category:power,tabindex:4)
2025-09-05 11:09:28,937 [INFO] PluginManage:310 - Check plugin projectmanager
2025-09-05 11:09:28,976 [INFO] PluginManage:359 - Loaded plugin projectmanager (category:projectmanager,tabindex:3)
2025-09-05 11:09:28,976 [INFO] PluginManage:310 - Check plugin thirdparty
2025-09-05 11:09:29,414 [INFO] PluginManage:359 - Loaded plugin thirdparty (category:base,tabindex:-1)
2025-09-05 11:09:29,414 [INFO] PluginManage:310 - Check plugin tools
2025-09-05 11:09:29,417 [WARN] IntegrityCheckThread:84 - waiting for thirdparty lock release [integrity check]
2025-09-05 11:09:29,420 [INFO] IntegrityCheckThread:86 - entering critical section [integrity check]
2025-09-05 11:09:29,419 [INFO] PluginManage:359 - Loaded plugin tools (category:base,tabindex:7)
2025-09-05 11:09:29,423 [INFO] PluginManage:310 - Check plugin tutovideos
2025-09-05 11:09:29,426 [INFO] ThirdPartyUpdaterWithRetryManager:70 - Updater plugin not ready yet. [1/15]
2025-09-05 11:09:29,992 [INFO] PluginManage:359 - Loaded plugin tutovideos (category:base,tabindex:-1)
2025-09-05 11:09:29,993 [INFO] PluginManage:310 - Check plugin updater
2025-09-05 11:09:30,056 [INFO] PluginManage:359 - Loaded plugin updater (category:base,tabindex:12)
2025-09-05 11:09:30,058 [INFO] PluginManage:283 - PluginManage : Loaded plugins [15]
2025-09-05 11:09:30,873 [INFO] PinOutPanel:1499 - setPackage(No Configuration,No Configuration)
2025-09-05 11:09:30,996 [INFO] CADModel:165 - CPN selected for project level
2025-09-05 11:09:30,996 [INFO] CADModel:114 - Register for checkConnection events
2025-09-05 11:09:31,020 [INFO] IPUIPlugin:80 - create IPUIPlugin
2025-09-05 11:09:31,020 [INFO] PluginManager:220 - loadIPPluginJar : add dfsdm
2025-09-05 11:09:31,022 [INFO] IPUIPlugin:80 - create IPUIPlugin
2025-09-05 11:09:31,022 [INFO] PluginManager:220 - loadIPPluginJar : add fatfs
2025-09-05 11:09:31,025 [INFO] IPUIPlugin:80 - create IPUIPlugin
2025-09-05 11:09:31,026 [INFO] PluginManager:220 - loadIPPluginJar : add tracer_emb
2025-09-05 11:09:31,034 [INFO] IPUIPlugin:80 - create IPUIPlugin
2025-09-05 11:09:31,035 [INFO] PluginManager:220 - loadIPPluginJar : add hash
2025-09-05 11:09:31,042 [INFO] IPUIPlugin:80 - create IPUIPlugin
2025-09-05 11:09:31,042 [INFO] PluginManager:220 - loadIPPluginJar : add opamp
2025-09-05 11:09:31,045 [INFO] IPUIPlugin:80 - create IPUIPlugin
2025-09-05 11:09:31,045 [INFO] PluginManager:220 - loadIPPluginJar : add quadspi
2025-09-05 11:09:31,049 [INFO] IPUIPlugin:80 - create IPUIPlugin
2025-09-05 11:09:31,050 [INFO] PluginManager:220 - loadIPPluginJar : add openamp
2025-09-05 11:09:31,052 [INFO] IPUIPlugin:80 - create IPUIPlugin
2025-09-05 11:09:31,053 [INFO] PluginManager:220 - loadIPPluginJar : add ltdc
2025-09-05 11:09:31,077 [INFO] IPUIPlugin:80 - create IPUIPlugin
2025-09-05 11:09:31,077 [INFO] PluginManager:220 - loadIPPluginJar : add resmgrutility
2025-09-05 11:09:31,082 [INFO] IPUIPlugin:80 - create IPUIPlugin
2025-09-05 11:09:31,082 [INFO] PluginManager:220 - loadIPPluginJar : add gtzc
2025-09-05 11:09:31,085 [INFO] IPUIPlugin:80 - create IPUIPlugin
2025-09-05 11:09:31,086 [INFO] PluginManager:220 - loadIPPluginJar : add can
2025-09-05 11:09:31,094 [INFO] IPUIPlugin:80 - create IPUIPlugin
2025-09-05 11:09:31,095 [INFO] PluginManager:220 - loadIPPluginJar : add gic
2025-09-05 11:09:31,102 [INFO] IPUIPlugin:80 - create IPUIPlugin
2025-09-05 11:09:31,102 [INFO] PluginManager:220 - loadIPPluginJar : add gpio
2025-09-05 11:09:31,105 [INFO] IPUIPlugin:80 - create IPUIPlugin
2025-09-05 11:09:31,106 [INFO] PluginManager:220 - loadIPPluginJar : add i2c
2025-09-05 11:09:31,109 [INFO] IPUIPlugin:80 - create IPUIPlugin
2025-09-05 11:09:31,109 [INFO] PluginManager:220 - loadIPPluginJar : add gfxmmu
2025-09-05 11:09:31,120 [INFO] IPUIPlugin:80 - create IPUIPlugin
2025-09-05 11:09:31,120 [INFO] PluginManager:220 - loadIPPluginJar : add i3c
2025-09-05 11:09:31,128 [INFO] IPUIPlugin:80 - create IPUIPlugin
2025-09-05 11:09:31,128 [INFO] PluginManager:220 - loadIPPluginJar : add stm32_wpan
2025-09-05 11:09:31,136 [INFO] IPUIPlugin:80 - create IPUIPlugin
2025-09-05 11:09:31,136 [INFO] PluginManager:220 - loadIPPluginJar : add ipddr
2025-09-05 11:09:31,140 [INFO] IPUIPlugin:80 - create IPUIPlugin
2025-09-05 11:09:31,140 [INFO] PluginManager:220 - loadIPPluginJar : add i2s
2025-09-05 11:09:31,144 [INFO] IPUIPlugin:80 - create IPUIPlugin
2025-09-05 11:09:31,144 [INFO] PluginManager:220 - loadIPPluginJar : add pdm2pcm
2025-09-05 11:09:31,153 [INFO] IPUIPlugin:80 - create IPUIPlugin
2025-09-05 11:09:31,153 [INFO] PluginManager:220 - loadIPPluginJar : add freertos
2025-09-05 11:09:31,164 [INFO] IPUIPlugin:80 - create IPUIPlugin
2025-09-05 11:09:31,165 [INFO] PluginManager:220 - loadIPPluginJar : add aes
2025-09-05 11:09:31,167 [INFO] IPUIPlugin:80 - create IPUIPlugin
2025-09-05 11:09:31,168 [INFO] PluginManager:220 - loadIPPluginJar : add tim
2025-09-05 11:09:31,172 [INFO] IPUIPlugin:80 - create IPUIPlugin
2025-09-05 11:09:31,173 [INFO] PluginManager:220 - loadIPPluginJar : add ucpd
2025-09-05 11:09:31,181 [INFO] IPUIPlugin:80 - create IPUIPlugin
2025-09-05 11:09:31,184 [INFO] PluginManager:220 - loadIPPluginJar : add usart
2025-09-05 11:09:31,194 [INFO] IPUIPlugin:80 - create IPUIPlugin
2025-09-05 11:09:31,195 [INFO] PluginManager:220 - loadIPPluginJar : add touchsensing
2025-09-05 11:09:31,202 [INFO] IPUIPlugin:80 - create IPUIPlugin
2025-09-05 11:09:31,203 [INFO] PluginManager:220 - loadIPPluginJar : add nvic
2025-09-05 11:09:31,216 [INFO] IPUIPlugin:80 - create IPUIPlugin
2025-09-05 11:09:31,217 [INFO] PluginManager:220 - loadIPPluginJar : add fmc
2025-09-05 11:09:31,221 [INFO] IPUIPlugin:80 - create IPUIPlugin
2025-09-05 11:09:31,222 [INFO] PluginManager:220 - loadIPPluginJar : add comp
2025-09-05 11:09:31,225 [INFO] IPUIPlugin:80 - create IPUIPlugin
2025-09-05 11:09:31,225 [INFO] PluginManager:220 - loadIPPluginJar : add spi
2025-09-05 11:09:31,230 [INFO] IPUIPlugin:80 - create IPUIPlugin
2025-09-05 11:09:31,230 [INFO] PluginManager:220 - loadIPPluginJar : add lorawan
2025-09-05 11:09:31,232 [INFO] IPUIPlugin:80 - create IPUIPlugin
2025-09-05 11:09:31,232 [INFO] PluginManager:220 - loadIPPluginJar : add tsc
2025-09-05 11:09:31,244 [INFO] IPUIPlugin:80 - create IPUIPlugin
2025-09-05 11:09:31,244 [INFO] PluginManager:220 - loadIPPluginJar : add cryp
2025-09-05 11:09:31,248 [INFO] IPUIPlugin:80 - create IPUIPlugin
2025-09-05 11:09:31,248 [INFO] PluginManager:220 - loadIPPluginJar : add usbx
2025-09-05 11:09:31,251 [INFO] IPUIPlugin:80 - create IPUIPlugin
2025-09-05 11:09:31,251 [INFO] PluginManager:220 - loadIPPluginJar : add genericplugin
2025-09-05 11:09:31,315 [INFO] IPUIPlugin:80 - create IPUIPlugin
2025-09-05 11:09:31,321 [INFO] PluginManager:220 - loadIPPluginJar : add plateformsettings
2025-09-05 11:09:31,350 [INFO] IPUIPlugin:80 - create IPUIPlugin
2025-09-05 11:09:31,350 [INFO] PluginManager:220 - loadIPPluginJar : add linkedlist
2025-09-05 11:09:31,353 [INFO] IPUIPlugin:80 - create IPUIPlugin
2025-09-05 11:09:31,359 [INFO] PluginManager:220 - loadIPPluginJar : add ts
2025-09-05 11:09:31,370 [INFO] IPUIPlugin:80 - create IPUIPlugin
2025-09-05 11:09:31,370 [INFO] PluginManager:220 - loadIPPluginJar : add mdma
2025-09-05 11:09:31,373 [INFO] IPUIPlugin:80 - create IPUIPlugin
2025-09-05 11:09:31,373 [INFO] PluginManager:220 - loadIPPluginJar : add dma3
2025-09-05 11:09:31,381 [INFO] IPUIPlugin:80 - create IPUIPlugin
2025-09-05 11:09:31,381 [INFO] PluginManager:220 - loadIPPluginJar : add adc
2025-09-05 11:09:31,385 [INFO] IPUIPlugin:80 - create IPUIPlugin
2025-09-05 11:09:31,385 [INFO] PluginManager:220 - loadIPPluginJar : add sai
2025-09-05 11:09:31,395 [INFO] IPUIPlugin:80 - create IPUIPlugin
2025-09-05 11:09:31,395 [INFO] PluginManager:220 - loadIPPluginJar : add dma
2025-09-05 11:09:31,581 [INFO] CADModel:165 - CPN selected for project level
2025-09-05 11:09:31,581 [INFO] CADModel:114 - Register for checkConnection events
2025-09-05 11:09:31,582 [FATAL] Updater:308 - Updater called before beeing initialized
2025-09-05 11:09:31,582 [ERROR] CADModel:125 - Updater not yet initialized, retry later 
2025-09-05 11:09:32,031 [INFO] CADModel:165 - CPN selected for project level
2025-09-05 11:09:32,031 [INFO] CADModel:114 - Register for checkConnection events
2025-09-05 11:09:32,031 [FATAL] Updater:308 - Updater called before beeing initialized
2025-09-05 11:09:32,031 [ERROR] CADModel:125 - Updater not yet initialized, retry later 
2025-09-05 11:09:32,038 [FATAL] Updater:308 - Updater called before beeing initialized
2025-09-05 11:09:32,190 [FATAL] Updater:308 - Updater called before beeing initialized
2025-09-05 11:09:32,211 [INFO] DbMcusAds:53 - JSON generation date=Tue Jul 08 10:14:23 EET 2025 (1751962463582)
2025-09-05 11:09:32,211 [FATAL] Updater:308 - Updater called before beeing initialized
2025-09-05 11:09:32,302 [WARN] DetailPanel:346 - Failed to get advertising image, set to default
2025-09-05 11:09:32,427 [INFO] ThirdPartyUpdaterWithRetryManager:70 - Updater plugin not ready yet. [2/15]
2025-09-05 11:09:32,461 [FATAL] Updater:308 - Updater called before beeing initialized
2025-09-05 11:09:32,464 [FATAL] Updater:308 - Updater called before beeing initialized
2025-09-05 11:09:32,464 [FATAL] Updater:308 - Updater called before beeing initialized
2025-09-05 11:09:32,464 [WARN] DetailPanel:346 - Failed to get advertising image, set to default
2025-09-05 11:09:32,466 [FATAL] Updater:308 - Updater called before beeing initialized
2025-09-05 11:09:32,518 [ERROR] Updater:1120 - MainUpdater not yet initialized. External WinMGr cannot be set.
2025-09-05 11:09:32,521 [INFO] Updater:1056 - Updater Version found : 6.8.0
2025-09-05 11:09:32,550 [INFO] ApplicationProperties:184 - Using Application install path: /app/stm32cubeide/plugins/com.st.stm32cube.common.mx_6.8.0.202302231600
2025-09-05 11:09:32,932 [INFO] MainUpdater:2854 - connection check result : 10
2025-09-05 11:09:32,932 [INFO] MainUpdater:283 - Updater Check For Update Now.
2025-09-05 11:09:32,933 [INFO] MicroXplorer:498 - Change Database Version : DB.6.0.80
2025-09-05 11:09:33,151 [INFO] CheckServerUpdateThread:120 - End of CheckServer Thread
2025-09-05 11:09:33,344 [INFO] MainUpdater:2854 - connection check result : 10
2025-09-05 11:09:33,349 [INFO] McuFinderGlobals:66 - Set McuFinderConnectedMode to true
2025-09-05 11:09:34,158 [INFO] ServerAccessManage:473 - Download File mcusAds.json._tmp_
2025-09-05 11:09:34,274 [INFO] LoadUrlFilesThread:156 - End of LoadUrlFiles Thread
2025-09-05 11:09:34,575 [INFO] ServerAccessManage:473 - Download File cube-finder-db.zip
2025-09-05 11:09:35,427 [WARN] MainUpdater:1187 - Updater busy. Cannot search thirdparties
2025-09-05 11:09:35,428 [INFO] ThirdPartyUpdaterWithRetryManager:96 - Updater plugin is busy. [1/15]
2025-09-05 11:09:38,453 [WARN] MainUpdater:1187 - Updater busy. Cannot search thirdparties
2025-09-05 11:09:38,453 [INFO] ThirdPartyUpdaterWithRetryManager:96 - Updater plugin is busy. [2/15]
2025-09-05 11:09:41,453 [WARN] MainUpdater:1187 - Updater busy. Cannot search thirdparties
2025-09-05 11:09:41,453 [INFO] ThirdPartyUpdaterWithRetryManager:96 - Updater plugin is busy. [3/15]
2025-09-05 11:09:44,454 [WARN] MainUpdater:1187 - Updater busy. Cannot search thirdparties
2025-09-05 11:09:44,454 [INFO] ThirdPartyUpdaterWithRetryManager:96 - Updater plugin is busy. [4/15]
2025-09-05 11:09:47,456 [WARN] MainUpdater:1187 - Updater busy. Cannot search thirdparties
2025-09-05 11:09:47,456 [INFO] ThirdPartyUpdaterWithRetryManager:96 - Updater plugin is busy. [5/15]
2025-09-05 11:09:48,965 [INFO] FileExtend:240 - Unzip File : cube-finder-db.zip
2025-09-05 11:09:48,966 [INFO] FileExtend:255 - Standard Zip Deflate
2025-09-05 11:09:50,457 [WARN] MainUpdater:1187 - Updater busy. Cannot search thirdparties
2025-09-05 11:09:50,457 [INFO] ThirdPartyUpdaterWithRetryManager:96 - Updater plugin is busy. [6/15]
2025-09-05 11:09:53,458 [WARN] MainUpdater:1187 - Updater busy. Cannot search thirdparties
2025-09-05 11:09:53,458 [INFO] ThirdPartyUpdaterWithRetryManager:96 - Updater plugin is busy. [7/15]
2025-09-05 11:09:53,535 [INFO] LoadUrlFilesThread:156 - End of LoadUrlFiles Thread
2025-09-05 11:09:54,117 [INFO] ServerAccessManage:473 - Download File crdb.zip
2025-09-05 11:09:56,458 [WARN] MainUpdater:1187 - Updater busy. Cannot search thirdparties
2025-09-05 11:09:56,459 [INFO] ThirdPartyUpdaterWithRetryManager:96 - Updater plugin is busy. [8/15]
2025-09-05 11:09:57,900 [INFO] FileExtend:240 - Unzip File : crdb.zip
2025-09-05 11:09:57,901 [INFO] FileExtend:255 - Standard Zip Deflate
2025-09-05 11:09:58,198 [INFO] LoadUrlFilesThread:156 - End of LoadUrlFiles Thread
2025-09-05 11:09:58,742 [INFO] ServerAccessManage:473 - Download File tutoVideoDB.zip
2025-09-05 11:09:59,462 [WARN] MainUpdater:1187 - Updater busy. Cannot search thirdparties
2025-09-05 11:09:59,462 [INFO] ThirdPartyUpdaterWithRetryManager:96 - Updater plugin is busy. [9/15]
2025-09-05 11:09:59,699 [INFO] FileExtend:240 - Unzip File : tutoVideoDB.zip
2025-09-05 11:09:59,700 [INFO] FileExtend:255 - Standard Zip Deflate
2025-09-05 11:09:59,861 [INFO] LoadUrlFilesThread:156 - End of LoadUrlFiles Thread
2025-09-05 11:09:59,891 [WARN] DbFile:41 - Overriding database path with different value: /home/ziad/.stmcufinder/plugins/mcufinder/ => /home/ziad/.stmcufinder/plugins/mcufinder
2025-09-05 11:10:00,179 [INFO] ServerAccessManage:473 - Download File api_config.json
2025-09-05 11:10:00,285 [INFO] LoadUrlFilesThread:156 - End of LoadUrlFiles Thread
2025-09-05 11:10:00,298 [INFO] DbMcusAds:53 - JSON generation date=Tue Jul 08 10:14:23 EET 2025 (1751962463582)
2025-09-05 11:10:00,400 [INFO] LoadUrlFilesThread:185 - End of LoadServerUrlFiles without Thread
2025-09-05 11:10:00,402 [INFO] TargetSelectorAdapter:259 - Refresh data is successful
2025-09-05 11:10:00,763 [INFO] ApiDb:581 - Connected to CubeFinder SQLite database (/home/ziad/.stmcufinder/plugins/mcufinder/mcu/cube-finder-db.db)
2025-09-05 11:10:00,905 [INFO] ApiDb:668 - CubeFinder database Data Model version=2.1
2025-09-05 11:10:00,907 [INFO] ApiDb:669 - CubeFinder database Configuration version=3.0.39
2025-09-05 11:10:00,908 [INFO] ApiDb:670 - CubeFinder database generation date=2025-07-24 (1753349077)
2025-09-05 11:10:00,909 [INFO] ApiDb:671 - CubeFinder database FW Pack versions=[FP-ATR-ASTRA1_V2.0.0, FP-SNS-FLIGHT1_V5.1.0, FP-SNS-MOTENV1_V5.0.0, FP-SNS-MOTENVWB1_V1.4.0, FP-SNS-SMARTAG2_V1.2.0, FP-SNS-STBOX1_V2.0.0, STM32Cube_FW_C0_V1.4.0, STM32Cube_FW_F4_V1.28.2, STM32Cube_FW_F7_V1.17.3, STM32Cube_FW_G0_V1.6.2, STM32Cube_FW_G4_V1.6.1, STM32Cube_FW_H5_V1.5.0, STM32Cube_FW_H7RS_V1.2.0, STM32Cube_FW_H7_V1.12.1, STM32Cube_FW_L0_V1.12.2, STM32Cube_FW_L4_V1.18.1, STM32Cube_FW_L5_V1.5.1, STM32Cube_FW_N6_V1.2.0, STM32Cube_FW_U0_V1.3.0, STM32Cube_FW_U3_V1.2.0, STM32Cube_FW_U5_V1.8.0, STM32Cube_FW_WB0_V1.3.0, STM32Cube_FW_WBA_V1.7.0, STM32Cube_FW_WB_V1.23.0, STM32Cube_FW_WL3_V1.2.0, STM32Cube_FW_WL_V1.3.1, X-CUBE-ALGOBUILD_V1.4.0, X-CUBE-ALS_V1.0.2, X-CUBE-AZRTOS-F4_V1.1.0, X-CUBE-AZRTOS-F7_V1.1.0, X-CUBE-AZRTOS-G0_V1.1.0, X-CUBE-AZRTOS-G4_V2.0.0, X-CUBE-AZRTOS-H7RS_V1.1.0, X-CUBE-AZRTOS-H7_V3.4.0, X-CUBE-AZRTOS-L4_V2.0.0, X-CUBE-AZRTOS-L5_V2.0.0, X-CUBE-AZRTOS-WB_V2.0.0, X-CUBE-AZRTOS-WL_V2.0.0, X-CUBE-BLE1_V7.1.0, X-CUBE-BLE2_V3.3.0, X-CUBE-BLEMGR_V4.1.0, X-CUBE-EEPRMA1_V5.2.0, X-CUBE-FREERTOS_V1.3.1, X-CUBE-GNSS1_V6.0.0, X-CUBE-MEMS1_V11.3.0, X-CUBE-NFC4_V3.0.0, X-CUBE-NFC7_V2.0.0, X-CUBE-SFXS2LP1_V4.0.0, X-CUBE-ST67W61_V1.0.0, X-CUBE-SUBG2_V5.0.0, X-CUBE-TOF1_V3.4.3]
2025-09-05 11:10:04,869 [WARN] PackLoader:240 - Cannot read IP mode file for STMicroelectronics.FP-SNS-MOTENVWB1.1.4.0
2025-09-05 11:10:05,061 [WARN] PackLoader:240 - Cannot read IP mode file for STMicroelectronics.FP-ATR-ASTRA1.2.0.2
2025-09-05 11:10:05,087 [WARN] PackLoader:240 - Cannot read IP mode file for STMicroelectronics.FP-ATR-ASTRA1.2.0.1
2025-09-05 11:10:05,216 [WARN] PackLoader:240 - Cannot read IP mode file for STMicroelectronics.X-CUBE-SMBUS.2.1.0
2025-09-05 11:10:05,292 [WARN] PackLoader:240 - Cannot read IP mode file for STMicroelectronics.X-CUBE-WB05N.1.1.0
2025-09-05 11:10:05,481 [WARN] PackLoader:240 - Cannot read IP mode file for STMicroelectronics.X-CUBE-AZRTOS-F7.1.1.0
2025-09-05 11:10:05,502 [WARN] PackLoader:240 - Cannot read IP mode file for STMicroelectronics.FP-SNS-FLIGHT1.5.0.2
2025-09-05 11:10:05,557 [ERROR] Engine:466 - /home/ziad/.stm32cubemx/thirdparties/pdsc/Infineon.AIROC-Wi-Fi-Bluetooth-STM32.1.7.0.pdsc: PDSC version is not supported
2025-09-05 11:10:05,675 [WARN] PackLoader:240 - Cannot read IP mode file for STMicroelectronics.X-CUBE-AZRTOS-H7.3.4.0
2025-09-05 11:10:05,714 [WARN] PackLoader:240 - Cannot read IP mode file for STMicroelectronics.X-CUBE-DISPLAY.3.0.0
2025-09-05 11:10:05,733 [WARN] PackLoader:240 - Cannot read IP mode file for STMicroelectronics.X-CUBE-BLE1.7.0.0
2025-09-05 11:10:05,760 [WARN] PackLoader:240 - Cannot read IP mode file for STMicroelectronics.X-CUBE-NFC10.1.0.0
2025-09-05 11:10:05,778 [ERROR] Engine:466 - /home/ziad/.stm32cubemx/thirdparties/pdsc/STMicroelectronics.X-CUBE-BLEMGR.4.0.0.pdsc: PDSC version is not supported
2025-09-05 11:10:05,790 [WARN] PackLoader:240 - Cannot read IP mode file for emotas.I-CUBE-CANOPEN.1.3.0
2025-09-05 11:10:05,814 [WARN] PackLoader:240 - Cannot read IP mode file for STMicroelectronics.X-CUBE-AI.10.0.0
2025-09-05 11:10:05,833 [ERROR] Engine:466 - /home/ziad/.stm32cubemx/thirdparties/pdsc/STMicroelectronics.FP-SNS-STBOX1.2.1.0.pdsc: PDSC version is not supported
2025-09-05 11:10:05,857 [WARN] PackLoader:240 - Cannot read IP mode file for STMicroelectronics.FP-SNS-SMARTAG2.1.2.0
2025-09-05 11:10:05,870 [ERROR] Engine:466 - /home/ziad/.stm32cubemx/thirdparties/pdsc/STMicroelectronics.FP-SNS-FLIGHT1.5.1.0.pdsc: PDSC version is not supported
2025-09-05 11:10:06,266 [WARN] PackLoader:240 - Cannot read IP mode file for STMicroelectronics.X-CUBE-MEMS1.11.1.0
2025-09-05 11:10:07,292 [INFO] LogOutputStream:77 - [STDOUT_REDIRECT] 1 : Invalid condition id : UX_CORESTACK_Condition cause : null
2025-09-05 11:10:07,293 [INFO] LogOutputStream:77 - [STDOUT_REDIRECT] 1 : Invalid condition id : UX_CORESTACK_Condition cause : null
2025-09-05 11:10:07,293 [INFO] LogOutputStream:77 - [STDOUT_REDIRECT] 1 : Invalid condition id : UX_CORESTACK_Condition cause : null
2025-09-05 11:10:07,293 [INFO] LogOutputStream:77 - [STDOUT_REDIRECT] 1 : Invalid condition id : UX_CORESTACK_Condition cause : null
2025-09-05 11:10:07,298 [INFO] LogOutputStream:77 - [STDOUT_REDIRECT] 1 : Invalid condition id : UX_CORESTACK_Condition cause : null
2025-09-05 11:10:07,313 [WARN] PackLoader:240 - Cannot read IP mode file for STMicroelectronics.X-CUBE-AZRTOS-WL.2.0.0
2025-09-05 11:10:07,344 [WARN] PackLoader:240 - Cannot read IP mode file for STMicroelectronics.FP-SNS-MOTENV1.5.0.0
2025-09-05 11:10:07,373 [WARN] PackLoader:240 - Cannot read IP mode file for wolfSSL.I-CUBE-wolfMQTT.1.19.0
2025-09-05 11:10:07,417 [WARN] PackLoader:240 - Cannot read IP mode file for WES.I-CUBE-Cesium.1.3.0
2025-09-05 11:10:07,521 [WARN] PackLoader:240 - Cannot read IP mode file for STMicroelectronics.X-CUBE-BLE2.3.3.0
2025-09-05 11:10:07,584 [WARN] PackLoader:240 - Cannot read IP mode file for STMicroelectronics.X-CUBE-NFC9.1.0.0
2025-09-05 11:10:07,679 [WARN] PackLoader:240 - Cannot read IP mode file for STMicroelectronics.X-CUBE-BLE1.7.1.0
2025-09-05 11:10:07,773 [WARN] PackLoader:240 - Cannot read IP mode file for STMicroelectronics.X-CUBE-EEPRMA1.5.2.0
2025-09-05 11:10:08,276 [WARN] PackLoader:240 - Cannot read IP mode file for STMicroelectronics.X-CUBE-MEMS1.11.2.0
2025-09-05 11:10:09,390 [WARN] PackLoader:240 - Cannot read IP mode file for STMicroelectronics.X-CUBE-AZRTOS-G0.1.1.0
2025-09-05 11:10:09,406 [WARN] PackLoader:240 - Cannot read IP mode file for STMicroelectronics.X-CUBE-SAFEA1.1.2.2
2025-09-05 11:10:09,422 [WARN] PackLoader:240 - Cannot read IP mode file for STMicroelectronics.X-CUBE-NFC4.3.0.0
2025-09-05 11:10:09,433 [ERROR] Engine:466 - /home/ziad/.stm32cubemx/thirdparties/pdsc/EmbeddedOffice.I-CUBE-FS-RTOS.1.0.1.pdsc: PDSC version is not supported
2025-09-05 11:10:09,451 [WARN] PackLoader:240 - Cannot read IP mode file for STMicroelectronics.X-CUBE-WB05N.2.0.0
2025-09-05 11:10:09,465 [ERROR] Engine:466 - /home/ziad/.stm32cubemx/thirdparties/pdsc/STMicroelectronics.X-CUBE-TCPP.4.2.0.pdsc: PDSC version is not supported
2025-09-05 11:10:09,470 [ERROR] Engine:466 - /home/ziad/.stm32cubemx/thirdparties/pdsc/RealThread.X-CUBE-RT-Thread_Nano.4.1.1.pdsc: PDSC version is not supported
2025-09-05 11:10:09,477 [WARN] PackLoader:240 - Cannot read IP mode file for STMicroelectronics.FP-ATR-SIGFOX1.3.2.0
2025-09-05 11:10:09,481 [ERROR] Engine:466 - /home/ziad/.stm32cubemx/thirdparties/pdsc/quantropi.X-CUBE-qispace-sdk-base.1.9.3.pdsc: PDSC version is not supported
2025-09-05 11:10:09,538 [WARN] PackLoader:240 - Cannot read IP mode file for STMicroelectronics.X-CUBE-EEPRMA1.5.1.0
2025-09-05 11:10:09,572 [WARN] PackLoader:240 - Cannot read IP mode file for wolfSSL.I-CUBE-wolfSSL.5.7.6
2025-09-05 11:10:09,594 [WARN] PackLoader:240 - Cannot read IP mode file for ITTIA_DB.I-CUBE-ITTIADB.8.9.0
2025-09-05 11:10:09,621 [ERROR] Engine:466 - /home/ziad/.stm32cubemx/thirdparties/pdsc/STMicroelectronics.X-CUBE-ST67W61.1.0.0.pdsc: PDSC version is not supported
2025-09-05 11:10:09,639 [WARN] PackLoader:240 - Cannot read IP mode file for STMicroelectronics.X-CUBE-AI.10.2.0
2025-09-05 11:10:09,825 [WARN] PackLoader:240 - Cannot read IP mode file for SEGGER.I-CUBE-embOS.1.3.1
2025-09-05 11:10:10,037 [WARN] PackLoader:240 - Cannot read IP mode file for STMicroelectronics.X-CUBE-ALGOBUILD.1.4.0
2025-09-05 11:10:10,299 [WARN] PackLoader:240 - Cannot read IP mode file for STMicroelectronics.X-CUBE-MEMS1.11.3.0
2025-09-05 11:10:11,137 [WARN] PackLoader:240 - Cannot read IP mode file for STMicroelectronics.X-CUBE-PM33A1.1.0.0
2025-09-05 11:10:11,240 [WARN] PackLoader:240 - Cannot read IP mode file for STMicroelectronics.X-CUBE-AZRTOS-F4.1.1.0
2025-09-05 11:10:11,271 [ERROR] Engine:466 - /home/ziad/.stm32cubemx/thirdparties/pdsc/Avnet-IotConnect.X-CUBE-IoTC-DA16k-PMOD.1.0.0.pdsc: PDSC version is not supported
2025-09-05 11:10:11,290 [WARN] PackLoader:240 - Cannot read IP mode file for STMicroelectronics.X-CUBE-ISPU.2.1.0
2025-09-05 11:10:11,316 [WARN] PackLoader:240 - Cannot read IP mode file for STMicroelectronics.X-CUBE-NFC12.1.0.0
2025-09-05 11:10:11,413 [WARN] PackLoader:240 - Cannot read IP mode file for STMicroelectronics.X-CUBE-AZRTOS-L5.2.0.0
2025-09-05 11:10:11,513 [WARN] PackLoader:240 - Cannot read IP mode file for STMicroelectronics.X-CUBE-NFC6.3.1.0
2025-09-05 11:10:11,539 [ERROR] Engine:466 - /home/ziad/.stm32cubemx/thirdparties/pdsc/STMicroelectronics.X-CUBE-DPower.1.2.0.pdsc: PDSC version is not supported
2025-09-05 11:10:11,569 [WARN] PackLoader:240 - Cannot read IP mode file for STMicroelectronics.X-CUBE-FREERTOS.1.3.1
2025-09-05 11:10:11,581 [WARN] PackLoader:240 - Cannot read IP mode file for STMicroelectronics.X-CUBE-FREERTOS.1.3.0
2025-09-05 11:10:11,596 [WARN] PackLoader:240 - Cannot read IP mode file for STMicroelectronics.X-CUBE-NFC7.1.0.1
2025-09-05 11:10:11,608 [ERROR] Engine:466 - /home/ziad/.stm32cubemx/thirdparties/pdsc/STMicroelectronics.FP-SNS-STAIOTCFT.1.0.0.pdsc: PDSC version is not supported
2025-09-05 11:10:11,615 [ERROR] Engine:466 - /home/ziad/.stm32cubemx/thirdparties/pdsc/STMicroelectronics.X-CUBE-DPower.1.3.0.pdsc: PDSC version is not supported
2025-09-05 11:10:11,699 [WARN] ConditionMgr:438 - getConditionDescription Invalid condition id : LAN8742 Phy interface Condition cause : null
2025-09-05 11:10:11,700 [WARN] PackLoader:240 - Cannot read IP mode file for STMicroelectronics.X-CUBE-AZRTOS-L4.2.0.0
2025-09-05 11:10:11,720 [WARN] ConditionMgr:1039 - genDependencies : Invalid condition id : LAN8742 Phy interface Condition cause : null
2025-09-05 11:10:11,720 [WARN] ConditionMgr:1039 - genDependencies : Invalid condition id : LAN8742 Phy interface Condition cause : null
2025-09-05 11:10:11,725 [WARN] ConditionMgr:1039 - genDependencies : Invalid condition id : LAN8742 Phy interface Condition cause : null
2025-09-05 11:10:11,738 [WARN] PackLoader:240 - Cannot read IP mode file for STMicroelectronics.X-CUBE-SFXS2LP1.4.0.0
2025-09-05 11:10:11,840 [WARN] PackLoader:240 - Cannot read IP mode file for STMicroelectronics.X-CUBE-AZRTOS-H7.3.3.0
2025-09-05 11:10:11,856 [ERROR] Engine:466 - /home/ziad/.stm32cubemx/thirdparties/pdsc/STMicroelectronics.X-CUBE-BLEMGR.4.1.0.pdsc: PDSC version is not supported
2025-09-05 11:10:11,891 [WARN] ConditionMgr:438 - getConditionDescription Invalid condition id : UX DEVICE CLASS RTOS Condition cause : null
2025-09-05 11:10:11,891 [WARN] ConditionMgr:438 - getConditionDescription Invalid condition id : UX DEVICE CLASS RTOS Condition cause : null
2025-09-05 11:10:11,892 [INFO] ApiDb:240 - Found 297 in-development CPN: [B-G473E-ZEST1S, B-WB1M-WPAN1, B-WL5M-SUBG1, NUCLEO-C031C6, NUCLEO-H503RB, NUCLEO-H563ZI, NUCLEO-U545RE-Q, NUCLEO-U5A5ZJ-Q, NUCLEO-WBA52CG, STEVAL-PROTEUS1, STEVAL-STWINBX1, STM320518-EVAL, STM32C0116-DK, STM32C011D6Y3TR, STM32C011D6Y6TR, STM32C011F4P3, STM32C011F4P6, STM32C011F4U3, STM32C011F4U6TR, STM32C011F6P3, STM32C011F6P6, STM32C011F6U3, STM32C011F6U6TR, STM32C011J4M3, STM32C011J4M6, STM32C011J6M3, STM32C011J6M6, STM32C0316-DK, STM32C031C4T3, STM32C031C4T6, STM32C031C4U3, STM32C031C4U6, STM32C031C6T3, STM32C031C6T6, STM32C031C6U3, STM32C031C6U6, STM32C031F4P3, STM32C031F4P6, STM32C031F6P3, STM32C031F6P6, STM32C031G4U3, STM32C031G4U6, STM32C031G6U3, STM32C031G6U6, STM32C031K4T3, STM32C031K4T6, STM32C031K4U3, STM32C031K4U6, STM32C031K6T3, STM32C031K6T6, STM32C031K6U3, STM32C031K6U6, STM32G071K8TXN, STM32G071K8UXN, STM32G081GBU6N, STM32G081KBT6N, STM32G081KBUXN, STM32G0B1CCT6N, STM32G0B1KCT6, STM32G0B1NEY6TR, STM32G0B1RCT6N, STM32G0C1CCT6, STM32G0C1CCT6N, STM32G0C1CCU6N, STM32G0C1CET6N, STM32G0C1CEU6N, STM32G0C1KCT6, STM32G0C1NEY6TR, STM32G0C1RCI6N, STM32G0C1RCT6N, STM32G0C1REI6N, STM32G0C1RET6N, STM32G0C1VCI6, STM32G0C1VEI6, STM32G471CCT6, STM32G471CCU6, STM32G471CET3, STM32G471CET6, STM32G471CEU3, STM32G471CEU6, STM32G471MCT6, STM32G471MET3, STM32G471MET6, STM32G471MEY6TR, STM32G471QCT6, STM32G471QET3, STM32G471RCT6, STM32G471RET3, STM32G471RET6, STM32G471VCH6, STM32G471VCI6, STM32G471VCT6, STM32G471VEH3, STM32G471VEH6, STM32G471VEI3, STM32G471VEI6, STM32G471VET3, STM32G471VET6, STM32G474CCT6, STM32H503CBT6, STM32H503CBU6, STM32H503EBY6TR, STM32H503KBU6, STM32H503RBT6, STM32H562AGI6, STM32H562AII6, STM32H562IGK6, STM32H562IGT6, STM32H562IIK6, STM32H562IIT6, STM32H562RGT6, STM32H562RGV6, STM32H562RIT6, STM32H562RIV6, STM32H562VGT6, STM32H562VIT6, STM32H562ZGT6, STM32H562ZIT6, STM32H563AGI6, STM32H563AII3Q, STM32H563AII6, STM32H563IGK6, STM32H563IGT6, STM32H563IIK3Q, STM32H563IIK6, STM32H563IIT3Q, STM32H563IIT6, STM32H563MIY3QTR, STM32H563RGT6, STM32H563RGV6, STM32H563RIT6, STM32H563RIV6, STM32H563VGT6, STM32H563VIT3Q, STM32H563VIT6, STM32H563ZGT6, STM32H563ZIT3Q, STM32H563ZIT6, STM32H573AII3Q, STM32H573AII6, STM32H573I-DK, STM32H573IIK3Q, STM32H573IIK6, STM32H573IIT3Q, STM32H573IIT6, STM32H573MIY3QTR, STM32H573RIT6, STM32H573RIV6, STM32H573VIT3Q, STM32H573VIT6, STM32H573ZIT3Q, STM32H573ZIT6, STM32L4R5QGI6STR, STM32MP131AAE3, STM32MP131AAF3, STM32MP131AAG3, STM32MP131CAE3, STM32MP131CAF3, STM32MP131CAG3, STM32MP131DAE7, STM32MP131DAF7, STM32MP131DAG7, STM32MP131FAE7, STM32MP131FAF7, STM32MP131FAG7, STM32MP133AAE3, STM32MP133AAF3, STM32MP133AAG3, STM32MP133CAE3, STM32MP133CAF3, STM32MP133CAG3, STM32MP133DAE7, STM32MP133DAF7, STM32MP133DAG7, STM32MP133FAE7, STM32MP133FAF7, STM32MP133FAG7, STM32MP135AAE3, STM32MP135AAF3, STM32MP135AAG3, STM32MP135CAE3, STM32MP135CAF3, STM32MP135CAG3, STM32MP135DAE7, STM32MP135DAF7, STM32MP135DAG7, STM32MP135F-DK, STM32MP135FAE7, STM32MP135FAF7, STM32MP135FAF7T, STM32MP135FAF7U, STM32MP135FAG7, STM32U535CBT6, STM32U535CBT6Q, STM32U535CBU6, STM32U535CBU6Q, STM32U535CCT6, STM32U535CCT6Q, STM32U535CCU6, STM32U535CCU6Q, STM32U535CET6, STM32U535CET6Q, STM32U535CEU6, STM32U535CEU6Q, STM32U535JEY6QTR, STM32U535NCY6QTR, STM32U535NEY6QTR, STM32U535RBI6, STM32U535RBI6Q, STM32U535RBT6, STM32U535RBT6Q, STM32U535RCI6, STM32U535RCI6Q, STM32U535RCT6, STM32U535RCT6Q, STM32U535REI6, STM32U535REI6Q, STM32U535RET6, STM32U535RET6Q, STM32U535VCI6, STM32U535VCI6Q, STM32U535VCT6, STM32U535VCT6Q, STM32U535VEI6, STM32U535VEI6Q, STM32U535VET6, STM32U535VET6Q, STM32U545CET6, STM32U545CET6Q, STM32U545CEU6, STM32U545CEU6Q, STM32U545JEY6QTR, STM32U545NEY6QTR, STM32U545REI6, STM32U545REI6Q, STM32U545RET6, STM32U545RET6Q, STM32U545VEI6, STM32U545VEI6Q, STM32U545VET6, STM32U545VET6Q, STM32U595AIH6, STM32U595AIH6Q, STM32U595AJH6, STM32U595AJH6Q, STM32U595QII6, STM32U595QII6Q, STM32U595QJI6, STM32U595QJI6Q, STM32U595RIT6, STM32U595RIT6Q, STM32U595RJT6, STM32U595RJT6Q, STM32U595VIT6, STM32U595VIT6Q, STM32U595VJT6, STM32U595VJT6Q, STM32U595ZIT6, STM32U595ZIT6Q, STM32U595ZIY6QTR, STM32U595ZJT6, STM32U595ZJT6Q, STM32U595ZJY6QTR, STM32U599BJY6QTR, STM32U599NIH6Q, STM32U599NJH6Q, STM32U599VIT6Q, STM32U599VJT6, STM32U599VJT6Q, STM32U599ZIT6Q, STM32U599ZIY6QTR, STM32U599ZJT6Q, STM32U599ZJY6QTR, STM32U5A5AJH6, STM32U5A5AJH6Q, STM32U5A5QJI6, STM32U5A5QJI6Q, STM32U5A5RJT6, STM32U5A5RJT6Q, STM32U5A5VJT6, STM32U5A5VJT6Q, STM32U5A5ZJT6, STM32U5A5ZJT6Q, STM32U5A5ZJY6QTR, STM32U5A9BJY6QTR, STM32U5A9J-DK, STM32U5A9NJH6Q, STM32U5A9VJT6Q, STM32U5A9ZJT6Q, STM32U5A9ZJY6QTR, STM32WB1MMCH6, STM32WBA52CEU6, STM32WBA52CEU6T, STM32WBA52CGU6, STM32WBA52CGU6T, STM32WL5MOCH6, STM32WL5MOCH6TR]
2025-09-05 11:10:11,897 [WARN] PackLoader:240 - Cannot read IP mode file for STMicroelectronics.X-CUBE-AZRTOS-WB.2.0.0
2025-09-05 11:10:11,898 [WARN] ConditionMgr:1039 - genDependencies : Invalid condition id : UX DEVICE CLASS RTOS Condition cause : null
2025-09-05 11:10:11,898 [WARN] ConditionMgr:1039 - genDependencies : Invalid condition id : UX DEVICE CLASS RTOS Condition cause : null
2025-09-05 11:10:11,899 [WARN] ConditionMgr:1039 - genDependencies : Invalid condition id : UX DEVICE CLASS RTOS Condition cause : null
2025-09-05 11:10:11,900 [WARN] ConditionMgr:1039 - genDependencies : Invalid condition id : UX DEVICE CLASS RTOS Condition cause : null
2025-09-05 11:10:11,900 [WARN] ConditionMgr:1039 - genDependencies : Invalid condition id : UX DEVICE CLASS RTOS Condition cause : null
2025-09-05 11:10:11,903 [INFO] DbMcus:216 - Found 4711 MCUs, 4711 are supported
2025-09-05 11:10:11,906 [WARN] PackLoader:240 - Cannot read IP mode file for STMicroelectronics.X-CUBE-GNSS1.7.0.1
2025-09-05 11:10:11,912 [INFO] ApiDb:423 - Load user favorites file /home/ziad/.stm32cubeide/favorites.mcus.txt: 2 item(s)
2025-09-05 11:10:11,913 [INFO] ApiDb:427 - User favorites MCUs=[STM32F103C8T6, STM32F405RGT6]
2025-09-05 11:10:11,913 [INFO] DbMcus:222 - Set 2 / 2 favorites MCUs
2025-09-05 11:10:11,915 [WARN] PackLoader:240 - Cannot read IP mode file for STMicroelectronics.X-CUBE-TOUCHGFX.4.25.0
2025-09-05 11:10:11,927 [ERROR] Engine:466 - /home/ziad/.stm32cubemx/thirdparties/pdsc/STMicroelectronics.FP-SNS-STBOX1.2.0.0.pdsc: PDSC version is not supported
2025-09-05 11:10:11,943 [WARN] PackLoader:240 - Cannot read IP mode file for STMicroelectronics.X-CUBE-SUBG2.5.0.0
2025-09-05 11:10:12,025 [WARN] PackLoader:240 - Cannot read IP mode file for STMicroelectronics.X-CUBE-AZRTOS-H7RS.1.1.0
2025-09-05 11:10:12,047 [WARN] PackLoader:240 - Cannot read IP mode file for Cesanta.I-CUBE-Mongoose.7.13.0
2025-09-05 11:10:12,075 [WARN] PackLoader:240 - Cannot read IP mode file for STMicroelectronics.X-CUBE-AZRTOS-G4.2.0.0
2025-09-05 11:10:12,088 [WARN] PackLoader:240 - Cannot read IP mode file for STMicroelectronics.X-CUBE-NFC7.2.0.0
2025-09-05 11:10:12,113 [ERROR] Engine:466 - /home/ziad/.stm32cubemx/thirdparties/pdsc/STMicroelectronics.X-CUBE-IPS.3.1.0.pdsc: PDSC version is not supported
2025-09-05 11:10:12,116 [WARN] PackLoader:240 - Cannot read IP mode file for STMicroelectronics.X-CUBE-ALS.1.0.2
2025-09-05 11:10:12,127 [WARN] PackLoader:240 - Cannot read IP mode file for STMicroelectronics.X-CUBE-TOUCHGFX.4.24.2
2025-09-05 11:10:12,132 [WARN] PackLoader:240 - Cannot read IP mode file for wolfSSL.I-CUBE-wolfTPM.3.4.0
2025-09-05 11:10:12,146 [WARN] PackLoader:240 - Cannot read IP mode file for portGmbH.I-Cube-SoM-uGOAL.1.1.0
2025-09-05 11:10:12,269 [WARN] PackLoader:240 - Cannot read IP mode file for STMicroelectronics.X-CUBE-AZRTOS-H7RS.1.0.0
2025-09-05 11:10:12,297 [ERROR] Engine:466 - /home/ziad/.stm32cubemx/thirdparties/pdsc/STMicroelectronics.X-CUBE-TOF1.3.4.2.pdsc: PDSC version is not supported
2025-09-05 11:10:12,318 [ERROR] Engine:466 - /home/ziad/.stm32cubemx/thirdparties/pdsc/STMicroelectronics.X-CUBE-TOF1.3.4.3.pdsc: PDSC version is not supported
2025-09-05 11:10:12,323 [WARN] PackLoader:240 - Cannot read IP mode file for wolfSSL.I-CUBE-wolfSSH.1.4.17
2025-09-05 11:10:12,326 [INFO] ThirdParty:978 - Integrity check success = true
2025-09-05 11:10:12,326 [INFO] IntegrityCheckThread:100 - exiting critical section [integrity check]
2025-09-05 11:10:12,326 [INFO] IntegrityCheckThread:103 - End integrity checks thread
2025-09-05 11:10:15,357 [INFO] ApiDb:668 - CubeFinder database Data Model version=2.1
2025-09-05 11:10:15,357 [INFO] ApiDb:669 - CubeFinder database Configuration version=3.0.39
2025-09-05 11:10:15,357 [INFO] ApiDb:670 - CubeFinder database generation date=2025-07-24 (1753349077)
2025-09-05 11:10:15,357 [INFO] ApiDb:671 - CubeFinder database FW Pack versions=[FP-ATR-ASTRA1_V2.0.0, FP-SNS-FLIGHT1_V5.1.0, FP-SNS-MOTENV1_V5.0.0, FP-SNS-MOTENVWB1_V1.4.0, FP-SNS-SMARTAG2_V1.2.0, FP-SNS-STBOX1_V2.0.0, STM32Cube_FW_C0_V1.4.0, STM32Cube_FW_F4_V1.28.2, STM32Cube_FW_F7_V1.17.3, STM32Cube_FW_G0_V1.6.2, STM32Cube_FW_G4_V1.6.1, STM32Cube_FW_H5_V1.5.0, STM32Cube_FW_H7RS_V1.2.0, STM32Cube_FW_H7_V1.12.1, STM32Cube_FW_L0_V1.12.2, STM32Cube_FW_L4_V1.18.1, STM32Cube_FW_L5_V1.5.1, STM32Cube_FW_N6_V1.2.0, STM32Cube_FW_U0_V1.3.0, STM32Cube_FW_U3_V1.2.0, STM32Cube_FW_U5_V1.8.0, STM32Cube_FW_WB0_V1.3.0, STM32Cube_FW_WBA_V1.7.0, STM32Cube_FW_WB_V1.23.0, STM32Cube_FW_WL3_V1.2.0, STM32Cube_FW_WL_V1.3.1, X-CUBE-ALGOBUILD_V1.4.0, X-CUBE-ALS_V1.0.2, X-CUBE-AZRTOS-F4_V1.1.0, X-CUBE-AZRTOS-F7_V1.1.0, X-CUBE-AZRTOS-G0_V1.1.0, X-CUBE-AZRTOS-G4_V2.0.0, X-CUBE-AZRTOS-H7RS_V1.1.0, X-CUBE-AZRTOS-H7_V3.4.0, X-CUBE-AZRTOS-L4_V2.0.0, X-CUBE-AZRTOS-L5_V2.0.0, X-CUBE-AZRTOS-WB_V2.0.0, X-CUBE-AZRTOS-WL_V2.0.0, X-CUBE-BLE1_V7.1.0, X-CUBE-BLE2_V3.3.0, X-CUBE-BLEMGR_V4.1.0, X-CUBE-EEPRMA1_V5.2.0, X-CUBE-FREERTOS_V1.3.1, X-CUBE-GNSS1_V6.0.0, X-CUBE-MEMS1_V11.3.0, X-CUBE-NFC4_V3.0.0, X-CUBE-NFC7_V2.0.0, X-CUBE-SFXS2LP1_V4.0.0, X-CUBE-ST67W61_V1.0.0, X-CUBE-SUBG2_V5.0.0, X-CUBE-TOF1_V3.4.3]
2025-09-05 11:10:16,583 [INFO] DbBoardsSqlite:226 - include board P-NUCLEO-WB55-NUCLEO as a kit item of type 'Nucleo-64'
2025-09-05 11:10:16,583 [INFO] DbBoardsSqlite:226 - include board P-NUCLEO-WB55-USBDONGLE as a kit item of type 'Nucleo USB Dongle'
2025-09-05 11:10:16,592 [INFO] DbBoardsSqlite:226 - include board STEVAL-IDP005V1 as a kit item of type 'Evaluation Board'
2025-09-05 11:10:16,593 [INFO] DbBoardsSqlite:226 - include board STEVAL-IDP005V2 as a kit item of type 'Evaluation Board'
2025-09-05 11:10:17,368 [INFO] ApiDb:240 - Found 297 in-development CPN: [B-G473E-ZEST1S, B-WB1M-WPAN1, B-WL5M-SUBG1, NUCLEO-C031C6, NUCLEO-H503RB, NUCLEO-H563ZI, NUCLEO-U545RE-Q, NUCLEO-U5A5ZJ-Q, NUCLEO-WBA52CG, STEVAL-PROTEUS1, STEVAL-STWINBX1, STM320518-EVAL, STM32C0116-DK, STM32C011D6Y3TR, STM32C011D6Y6TR, STM32C011F4P3, STM32C011F4P6, STM32C011F4U3, STM32C011F4U6TR, STM32C011F6P3, STM32C011F6P6, STM32C011F6U3, STM32C011F6U6TR, STM32C011J4M3, STM32C011J4M6, STM32C011J6M3, STM32C011J6M6, STM32C0316-DK, STM32C031C4T3, STM32C031C4T6, STM32C031C4U3, STM32C031C4U6, STM32C031C6T3, STM32C031C6T6, STM32C031C6U3, STM32C031C6U6, STM32C031F4P3, STM32C031F4P6, STM32C031F6P3, STM32C031F6P6, STM32C031G4U3, STM32C031G4U6, STM32C031G6U3, STM32C031G6U6, STM32C031K4T3, STM32C031K4T6, STM32C031K4U3, STM32C031K4U6, STM32C031K6T3, STM32C031K6T6, STM32C031K6U3, STM32C031K6U6, STM32G071K8TXN, STM32G071K8UXN, STM32G081GBU6N, STM32G081KBT6N, STM32G081KBUXN, STM32G0B1CCT6N, STM32G0B1KCT6, STM32G0B1NEY6TR, STM32G0B1RCT6N, STM32G0C1CCT6, STM32G0C1CCT6N, STM32G0C1CCU6N, STM32G0C1CET6N, STM32G0C1CEU6N, STM32G0C1KCT6, STM32G0C1NEY6TR, STM32G0C1RCI6N, STM32G0C1RCT6N, STM32G0C1REI6N, STM32G0C1RET6N, STM32G0C1VCI6, STM32G0C1VEI6, STM32G471CCT6, STM32G471CCU6, STM32G471CET3, STM32G471CET6, STM32G471CEU3, STM32G471CEU6, STM32G471MCT6, STM32G471MET3, STM32G471MET6, STM32G471MEY6TR, STM32G471QCT6, STM32G471QET3, STM32G471RCT6, STM32G471RET3, STM32G471RET6, STM32G471VCH6, STM32G471VCI6, STM32G471VCT6, STM32G471VEH3, STM32G471VEH6, STM32G471VEI3, STM32G471VEI6, STM32G471VET3, STM32G471VET6, STM32G474CCT6, STM32H503CBT6, STM32H503CBU6, STM32H503EBY6TR, STM32H503KBU6, STM32H503RBT6, STM32H562AGI6, STM32H562AII6, STM32H562IGK6, STM32H562IGT6, STM32H562IIK6, STM32H562IIT6, STM32H562RGT6, STM32H562RGV6, STM32H562RIT6, STM32H562RIV6, STM32H562VGT6, STM32H562VIT6, STM32H562ZGT6, STM32H562ZIT6, STM32H563AGI6, STM32H563AII3Q, STM32H563AII6, STM32H563IGK6, STM32H563IGT6, STM32H563IIK3Q, STM32H563IIK6, STM32H563IIT3Q, STM32H563IIT6, STM32H563MIY3QTR, STM32H563RGT6, STM32H563RGV6, STM32H563RIT6, STM32H563RIV6, STM32H563VGT6, STM32H563VIT3Q, STM32H563VIT6, STM32H563ZGT6, STM32H563ZIT3Q, STM32H563ZIT6, STM32H573AII3Q, STM32H573AII6, STM32H573I-DK, STM32H573IIK3Q, STM32H573IIK6, STM32H573IIT3Q, STM32H573IIT6, STM32H573MIY3QTR, STM32H573RIT6, STM32H573RIV6, STM32H573VIT3Q, STM32H573VIT6, STM32H573ZIT3Q, STM32H573ZIT6, STM32L4R5QGI6STR, STM32MP131AAE3, STM32MP131AAF3, STM32MP131AAG3, STM32MP131CAE3, STM32MP131CAF3, STM32MP131CAG3, STM32MP131DAE7, STM32MP131DAF7, STM32MP131DAG7, STM32MP131FAE7, STM32MP131FAF7, STM32MP131FAG7, STM32MP133AAE3, STM32MP133AAF3, STM32MP133AAG3, STM32MP133CAE3, STM32MP133CAF3, STM32MP133CAG3, STM32MP133DAE7, STM32MP133DAF7, STM32MP133DAG7, STM32MP133FAE7, STM32MP133FAF7, STM32MP133FAG7, STM32MP135AAE3, STM32MP135AAF3, STM32MP135AAG3, STM32MP135CAE3, STM32MP135CAF3, STM32MP135CAG3, STM32MP135DAE7, STM32MP135DAF7, STM32MP135DAG7, STM32MP135F-DK, STM32MP135FAE7, STM32MP135FAF7, STM32MP135FAF7T, STM32MP135FAF7U, STM32MP135FAG7, STM32U535CBT6, STM32U535CBT6Q, STM32U535CBU6, STM32U535CBU6Q, STM32U535CCT6, STM32U535CCT6Q, STM32U535CCU6, STM32U535CCU6Q, STM32U535CET6, STM32U535CET6Q, STM32U535CEU6, STM32U535CEU6Q, STM32U535JEY6QTR, STM32U535NCY6QTR, STM32U535NEY6QTR, STM32U535RBI6, STM32U535RBI6Q, STM32U535RBT6, STM32U535RBT6Q, STM32U535RCI6, STM32U535RCI6Q, STM32U535RCT6, STM32U535RCT6Q, STM32U535REI6, STM32U535REI6Q, STM32U535RET6, STM32U535RET6Q, STM32U535VCI6, STM32U535VCI6Q, STM32U535VCT6, STM32U535VCT6Q, STM32U535VEI6, STM32U535VEI6Q, STM32U535VET6, STM32U535VET6Q, STM32U545CET6, STM32U545CET6Q, STM32U545CEU6, STM32U545CEU6Q, STM32U545JEY6QTR, STM32U545NEY6QTR, STM32U545REI6, STM32U545REI6Q, STM32U545RET6, STM32U545RET6Q, STM32U545VEI6, STM32U545VEI6Q, STM32U545VET6, STM32U545VET6Q, STM32U595AIH6, STM32U595AIH6Q, STM32U595AJH6, STM32U595AJH6Q, STM32U595QII6, STM32U595QII6Q, STM32U595QJI6, STM32U595QJI6Q, STM32U595RIT6, STM32U595RIT6Q, STM32U595RJT6, STM32U595RJT6Q, STM32U595VIT6, STM32U595VIT6Q, STM32U595VJT6, STM32U595VJT6Q, STM32U595ZIT6, STM32U595ZIT6Q, STM32U595ZIY6QTR, STM32U595ZJT6, STM32U595ZJT6Q, STM32U595ZJY6QTR, STM32U599BJY6QTR, STM32U599NIH6Q, STM32U599NJH6Q, STM32U599VIT6Q, STM32U599VJT6, STM32U599VJT6Q, STM32U599ZIT6Q, STM32U599ZIY6QTR, STM32U599ZJT6Q, STM32U599ZJY6QTR, STM32U5A5AJH6, STM32U5A5AJH6Q, STM32U5A5QJI6, STM32U5A5QJI6Q, STM32U5A5RJT6, STM32U5A5RJT6Q, STM32U5A5VJT6, STM32U5A5VJT6Q, STM32U5A5ZJT6, STM32U5A5ZJT6Q, STM32U5A5ZJY6QTR, STM32U5A9BJY6QTR, STM32U5A9J-DK, STM32U5A9NJH6Q, STM32U5A9VJT6Q, STM32U5A9ZJT6Q, STM32U5A9ZJY6QTR, STM32WB1MMCH6, STM32WBA52CEU6, STM32WBA52CEU6T, STM32WBA52CGU6, STM32WBA52CGU6T, STM32WL5MOCH6, STM32WL5MOCH6TR]
2025-09-05 11:10:17,420 [INFO] BoardInfo:880 - No configuration file found for board B-WBA5M-WPAN
2025-09-05 11:10:17,420 [INFO] DbBoards:157 - Board is not supported: B-WBA5M-WPAN
2025-09-05 11:10:17,427 [INFO] BoardInfo:880 - No configuration file found for board NUCLEO-C051C8
2025-09-05 11:10:17,429 [INFO] DbBoards:157 - Board is not supported: NUCLEO-C051C8
2025-09-05 11:10:17,436 [INFO] BoardInfo:880 - No configuration file found for board NUCLEO-C071RB
2025-09-05 11:10:17,436 [INFO] DbBoards:157 - Board is not supported: NUCLEO-C071RB
2025-09-05 11:10:17,442 [INFO] BoardInfo:880 - No configuration file found for board NUCLEO-C092RC
2025-09-05 11:10:17,442 [INFO] DbBoards:157 - Board is not supported: NUCLEO-C092RC
2025-09-05 11:10:17,554 [INFO] BoardInfo:880 - No configuration file found for board NUCLEO-H533RE
2025-09-05 11:10:17,554 [INFO] DbBoards:157 - Board is not supported: NUCLEO-H533RE
2025-09-05 11:10:17,571 [INFO] BoardInfo:880 - No configuration file found for board NUCLEO-H7S3L8
2025-09-05 11:10:17,571 [INFO] DbBoards:157 - Board is not supported: NUCLEO-H7S3L8
2025-09-05 11:10:17,606 [INFO] BoardInfo:880 - No configuration file found for board NUCLEO-N657X0-Q
2025-09-05 11:10:17,606 [INFO] DbBoards:157 - Board is not supported: NUCLEO-N657X0-Q
2025-09-05 11:10:17,608 [INFO] BoardInfo:880 - No configuration file found for board NUCLEO-U031R8
2025-09-05 11:10:17,609 [INFO] DbBoards:157 - Board is not supported: NUCLEO-U031R8
2025-09-05 11:10:17,611 [INFO] BoardInfo:880 - No configuration file found for board NUCLEO-U083RC
2025-09-05 11:10:17,611 [INFO] DbBoards:157 - Board is not supported: NUCLEO-U083RC
2025-09-05 11:10:17,613 [INFO] BoardInfo:880 - No configuration file found for board NUCLEO-U385RG-Q
2025-09-05 11:10:17,614 [INFO] DbBoards:157 - Board is not supported: NUCLEO-U385RG-Q
2025-09-05 11:10:17,622 [INFO] BoardInfo:880 - No configuration file found for board NUCLEO-WB05KZ
2025-09-05 11:10:17,623 [INFO] DbBoards:157 - Board is not supported: NUCLEO-WB05KZ
2025-09-05 11:10:17,625 [INFO] BoardInfo:880 - No configuration file found for board NUCLEO-WB07CC
2025-09-05 11:10:17,625 [INFO] DbBoards:157 - Board is not supported: NUCLEO-WB07CC
2025-09-05 11:10:17,672 [INFO] BoardInfo:880 - No configuration file found for board NUCLEO-WB09KE
2025-09-05 11:10:17,675 [INFO] DbBoards:157 - Board is not supported: NUCLEO-WB09KE
2025-09-05 11:10:17,684 [INFO] BoardInfo:880 - No configuration file found for board NUCLEO-WBA55CG
2025-09-05 11:10:17,684 [INFO] DbBoards:157 - Board is not supported: NUCLEO-WBA55CG
2025-09-05 11:10:17,686 [INFO] BoardInfo:880 - No configuration file found for board NUCLEO-WBA65RI
2025-09-05 11:10:17,687 [INFO] DbBoards:157 - Board is not supported: NUCLEO-WBA65RI
2025-09-05 11:10:17,689 [INFO] BoardInfo:880 - No configuration file found for board NUCLEO-WL33CC1
2025-09-05 11:10:17,689 [INFO] DbBoards:157 - Board is not supported: NUCLEO-WL33CC1
2025-09-05 11:10:17,691 [INFO] BoardInfo:880 - No configuration file found for board NUCLEO-WL33CC2
2025-09-05 11:10:17,692 [INFO] DbBoards:157 - Board is not supported: NUCLEO-WL33CC2
2025-09-05 11:10:17,702 [INFO] BoardInfo:880 - No configuration file found for board P-NUCLEO-WB55
2025-09-05 11:10:17,702 [INFO] DbBoards:157 - Kit is not supported: P-NUCLEO-WB55
2025-09-05 11:10:17,711 [INFO] BoardInfo:880 - No configuration file found for board STEVAL-BFA001V1B
2025-09-05 11:10:17,711 [INFO] DbBoards:157 - Kit is not supported: STEVAL-BFA001V1B
2025-09-05 11:10:17,713 [INFO] BoardInfo:880 - No configuration file found for board STEVAL-BFA001V2B
2025-09-05 11:10:17,714 [INFO] DbBoards:157 - Kit is not supported: STEVAL-BFA001V2B
2025-09-05 11:10:17,720 [INFO] BoardInfo:880 - No configuration file found for board STEVAL-MKBOXPRO
2025-09-05 11:10:17,720 [INFO] DbBoards:157 - Board is not supported: STEVAL-MKBOXPRO
2025-09-05 11:10:17,727 [INFO] BoardInfo:880 - No configuration file found for board STEVAL-SMARTAG2
2025-09-05 11:10:17,727 [INFO] DbBoards:157 - Board is not supported: STEVAL-SMARTAG2
2025-09-05 11:10:17,892 [INFO] BoardInfo:880 - No configuration file found for board STM32H7S78-DK
2025-09-05 11:10:17,893 [INFO] DbBoards:157 - Board is not supported: STM32H7S78-DK
2025-09-05 11:10:17,937 [INFO] BoardInfo:880 - No configuration file found for board STM32MP257F-DK
2025-09-05 11:10:17,937 [INFO] DbBoards:157 - Board is not supported: STM32MP257F-DK
2025-09-05 11:10:17,940 [INFO] BoardInfo:880 - No configuration file found for board STM32MP257F-EV1
2025-09-05 11:10:17,940 [INFO] DbBoards:157 - Board is not supported: STM32MP257F-EV1
2025-09-05 11:10:17,942 [INFO] BoardInfo:880 - No configuration file found for board STM32N6570-DK
2025-09-05 11:10:17,942 [INFO] DbBoards:157 - Board is not supported: STM32N6570-DK
2025-09-05 11:10:17,944 [INFO] BoardInfo:880 - No configuration file found for board STM32U083C-DK
2025-09-05 11:10:17,944 [INFO] DbBoards:157 - Board is not supported: STM32U083C-DK
2025-09-05 11:10:17,950 [INFO] BoardInfo:880 - No configuration file found for board STM32U5G9J-DK1
2025-09-05 11:10:17,951 [INFO] DbBoards:157 - Board is not supported: STM32U5G9J-DK1
2025-09-05 11:10:17,953 [INFO] BoardInfo:880 - No configuration file found for board STM32U5G9J-DK2
2025-09-05 11:10:17,954 [INFO] DbBoards:157 - Board is not supported: STM32U5G9J-DK2
2025-09-05 11:10:17,960 [INFO] BoardInfo:880 - No configuration file found for board STM32WBA55G-DK1
2025-09-05 11:10:17,960 [INFO] DbBoards:157 - Board is not supported: STM32WBA55G-DK1
2025-09-05 11:10:17,962 [INFO] BoardInfo:880 - No configuration file found for board STM32WBA65I-DK1
2025-09-05 11:10:17,962 [INFO] DbBoards:157 - Board is not supported: STM32WBA65I-DK1
2025-09-05 11:10:17,962 [INFO] DbBoards:161 - Found 211 boards, 180 are supported
2025-09-05 11:10:17,969 [INFO] ApiDb:423 - Load user favorites file /home/ziad/.stm32cubeide/favorites.boards.txt: 0 item(s)
2025-09-05 11:10:17,969 [INFO] ApiDb:427 - User favorites Boards=[]
2025-09-05 11:10:17,970 [INFO] DbBoards:190 - Set 0 / 0 favorites Boards
2025-09-05 11:10:17,977 [INFO] ApiDb:668 - CubeFinder database Data Model version=2.1
2025-09-05 11:10:17,977 [INFO] ApiDb:669 - CubeFinder database Configuration version=3.0.39
2025-09-05 11:10:17,977 [INFO] ApiDb:670 - CubeFinder database generation date=2025-07-24 (1753349077)
2025-09-05 11:10:17,977 [INFO] ApiDb:671 - CubeFinder database FW Pack versions=[FP-ATR-ASTRA1_V2.0.0, FP-SNS-FLIGHT1_V5.1.0, FP-SNS-MOTENV1_V5.0.0, FP-SNS-MOTENVWB1_V1.4.0, FP-SNS-SMARTAG2_V1.2.0, FP-SNS-STBOX1_V2.0.0, STM32Cube_FW_C0_V1.4.0, STM32Cube_FW_F4_V1.28.2, STM32Cube_FW_F7_V1.17.3, STM32Cube_FW_G0_V1.6.2, STM32Cube_FW_G4_V1.6.1, STM32Cube_FW_H5_V1.5.0, STM32Cube_FW_H7RS_V1.2.0, STM32Cube_FW_H7_V1.12.1, STM32Cube_FW_L0_V1.12.2, STM32Cube_FW_L4_V1.18.1, STM32Cube_FW_L5_V1.5.1, STM32Cube_FW_N6_V1.2.0, STM32Cube_FW_U0_V1.3.0, STM32Cube_FW_U3_V1.2.0, STM32Cube_FW_U5_V1.8.0, STM32Cube_FW_WB0_V1.3.0, STM32Cube_FW_WBA_V1.7.0, STM32Cube_FW_WB_V1.23.0, STM32Cube_FW_WL3_V1.2.0, STM32Cube_FW_WL_V1.3.1, X-CUBE-ALGOBUILD_V1.4.0, X-CUBE-ALS_V1.0.2, X-CUBE-AZRTOS-F4_V1.1.0, X-CUBE-AZRTOS-F7_V1.1.0, X-CUBE-AZRTOS-G0_V1.1.0, X-CUBE-AZRTOS-G4_V2.0.0, X-CUBE-AZRTOS-H7RS_V1.1.0, X-CUBE-AZRTOS-H7_V3.4.0, X-CUBE-AZRTOS-L4_V2.0.0, X-CUBE-AZRTOS-L5_V2.0.0, X-CUBE-AZRTOS-WB_V2.0.0, X-CUBE-AZRTOS-WL_V2.0.0, X-CUBE-BLE1_V7.1.0, X-CUBE-BLE2_V3.3.0, X-CUBE-BLEMGR_V4.1.0, X-CUBE-EEPRMA1_V5.2.0, X-CUBE-FREERTOS_V1.3.1, X-CUBE-GNSS1_V6.0.0, X-CUBE-MEMS1_V11.3.0, X-CUBE-NFC4_V3.0.0, X-CUBE-NFC7_V2.0.0, X-CUBE-SFXS2LP1_V4.0.0, X-CUBE-ST67W61_V1.0.0, X-CUBE-SUBG2_V5.0.0, X-CUBE-TOF1_V3.4.3]
2025-09-05 11:10:19,944 [ERROR] DbExamplesSqlite:418 - Missing JSON key: board_cpn
2025-09-05 11:10:19,945 [ERROR] DbExamplesSqlite:418 - Missing JSON key: board_cpn
2025-09-05 11:10:19,945 [ERROR] DbExamplesSqlite:418 - Missing JSON key: board_cpn
2025-09-05 11:10:19,946 [ERROR] DbExamplesSqlite:418 - Missing JSON key: board_cpn
2025-09-05 11:10:20,755 [ERROR] DbExamplesSqlite:418 - Missing JSON key: board_cpn
2025-09-05 11:10:20,755 [ERROR] DbExamplesSqlite:418 - Missing JSON key: board_cpn
2025-09-05 11:10:20,756 [ERROR] DbExamplesSqlite:418 - Missing JSON key: board_cpn
2025-09-05 11:10:20,757 [ERROR] DbExamplesSqlite:418 - Missing JSON key: board_cpn
2025-09-05 11:10:20,758 [ERROR] DbExamplesSqlite:418 - Missing JSON key: board_cpn
2025-09-05 11:10:20,758 [ERROR] DbExamplesSqlite:418 - Missing JSON key: board_cpn
2025-09-05 11:10:20,758 [ERROR] DbExamplesSqlite:418 - Missing JSON key: board_cpn
2025-09-05 11:10:20,759 [ERROR] DbExamplesSqlite:418 - Missing JSON key: board_cpn
2025-09-05 11:10:20,759 [ERROR] DbExamplesSqlite:418 - Missing JSON key: board_cpn
2025-09-05 11:10:21,394 [ERROR] DbExamplesSqlite:418 - Missing JSON key: board_cpn
2025-09-05 11:10:21,398 [ERROR] DbExamplesSqlite:418 - Missing JSON key: board_cpn
2025-09-05 11:10:21,411 [INFO] DbExamplesSqlite:376 - Ignored 33 examples not supported by CubeIDE
2025-09-05 11:10:21,412 [INFO] DbExamplesSqlite:377 - Found 10866 examples active
2025-09-05 11:10:21,413 [INFO] DbExamplesSqlite:378 - Found 0 examples obsolete
2025-09-05 11:10:21,416 [INFO] DbExamplesSqlite:379 - Found 0 examples under development
2025-09-05 11:10:21,417 [INFO] DbExamplesSqlite:380 - Found 65 examples not building
2025-09-05 11:10:21,425 [INFO] DbExamples:125 - Found 10898 examples
2025-09-05 11:10:21,507 [INFO] DbExamples:222 - Found 134 boards with related examples
2025-09-05 11:10:21,509 [INFO] DbExamples:235 - Found 111 MCUs with related examples
2025-09-05 11:10:21,554 [INFO] ApiDb:423 - Load user favorites file /home/ziad/.stm32cubeide/favorites.examples.txt: 0 item(s)
2025-09-05 11:10:21,554 [INFO] ApiDb:427 - User favorites Examples=[]
2025-09-05 11:10:21,555 [INFO] DbExamples:250 - Set 0 / 0 favorites Examples
2025-09-05 11:10:22,915 [INFO] McuFinderGlobals:66 - Set McuFinderConnectedMode to true
2025-09-05 11:10:22,993 [INFO] MultiScanPanel:200 - Auto-refresh data requested => check proxy status ongoing
2025-09-05 11:10:23,042 [INFO] FinderPluginLoader:95 - Searching for filters in installed packs
2025-09-05 11:10:27,738 [INFO] LoadUrlFilesThread:185 - End of LoadServerUrlFiles without Thread
2025-09-05 11:10:27,885 [INFO] DetailPanel:341 - Set advertising image to /home/ziad/STM32Cube/Repository//en.2400x1350px.jpeg
2025-09-05 11:23:41,097 [INFO] MainUpdater:2854 - connection check result : 10
2025-09-05 11:23:41,099 [INFO] MainUpdater:2854 - connection check result : 10
2025-09-05 11:23:41,248 [INFO] MicroXplorer:468 - Change Database Path : 
2025-09-05 11:23:41,248 [INFO] MicroXplorer:498 - Change Database Version : DB.6.0.80
2025-09-05 11:23:41,248 [WARN] ThirdParty:871 - waiting for thirdparty lock release [close project]
2025-09-05 11:23:41,249 [INFO] ThirdParty:873 - entering critical section [close project]
2025-09-05 11:23:41,266 [INFO] ThirdParty:883 - exiting critical section [close project]
2025-09-05 11:23:41,310 [INFO] PinOutPanel:1499 - setPackage(No Configuration,No Configuration)
2025-09-05 11:23:41,328 [INFO] UtilMem:75 - Begin LoadConfig() Used Memory: 514415600 Bytes (917504000)
2025-09-05 11:23:41,337 [INFO] MicroXplorer:468 - Change Database Path : 
2025-09-05 11:23:41,337 [INFO] MicroXplorer:498 - Change Database Version : DB.6.0.80
2025-09-05 11:23:41,337 [INFO] OpenFileManager:308 - Change cursor
2025-09-05 11:23:41,571 [INFO] Mcu:1937 - Initializing MCU STM32F103C8Tx STM32F103C8Tx 
2025-09-05 11:23:41,572 [INFO] Mcu:1950 - No CPN specified => set CPN to STM32F103C8T6
2025-09-05 11:23:43,030 [INFO] Context:659 - Trying to add GPIOservice into a context  which must be forbidden
2025-09-05 11:23:43,417 [INFO] ImportTextPane:194 - (OptionalMessage_ERROR) Unable to find key (Mcu.ThirdPartyNb) in loaded IOC file
2025-09-05 11:23:43,417 [INFO] ImportTextPane:194 - (OptionalMessage_ERROR) Unable to find key (Mcu.PinsNb) in loaded IOC file
2025-09-05 11:23:43,417 [INFO] ImportTextPane:194 - (OptionalMessage_ERROR) Unable to find key (Mcu.IPNb) in loaded IOC file
2025-09-05 11:23:44,037 [INFO] RtosManager:555 - Registered RTOS mode: class=CMSIS, group=RTOS, mode=CMSIS_V1, owner=FREERTOS
2025-09-05 11:23:44,038 [INFO] RtosManager:555 - Registered RTOS mode: class=CMSIS, group=RTOS2, mode=CMSIS_V2, owner=FREERTOS
2025-09-05 11:23:44,038 [INFO] RtosManager:555 - Registered RTOS mode: class=RTOS, group=Core, mode=CMSIS_V1, owner=FREERTOS
2025-09-05 11:23:44,038 [INFO] RtosManager:555 - Registered RTOS mode: class=RTOS, group=Core, mode=CMSIS_V2, owner=FREERTOS
2025-09-05 11:23:44,038 [WARN] ModelIntegratedComponent:184 - Missing modes for component STMicroelectronics:FreeRTOS:0.0.1:STMicroelectronics:RTOS:FreeRTOS:Core:::10.2.0:
2025-09-05 11:23:44,056 [WARN] ModelIntegratedComponent:63 - No mode defined for component null
2025-09-05 11:23:44,056 [WARN] ModelIntegratedComponent:63 - No mode defined for component null
2025-09-05 11:23:44,056 [WARN] ModelIntegratedComponent:63 - No mode defined for component null
2025-09-05 11:23:44,056 [WARN] ModelIntegratedComponent:63 - No mode defined for component null
2025-09-05 11:23:44,057 [WARN] ModelIntegratedComponent:63 - No mode defined for component null
2025-09-05 11:23:44,057 [WARN] ModelIntegratedComponent:63 - No mode defined for component null
2025-09-05 11:23:44,057 [WARN] ModelIntegratedComponent:63 - No mode defined for component null
2025-09-05 11:23:44,057 [WARN] ModelIntegratedComponent:63 - No mode defined for component null
2025-09-05 11:23:44,057 [WARN] ModelIntegratedComponent:63 - No mode defined for component null
2025-09-05 11:23:44,057 [WARN] ModelIntegratedComponent:63 - No mode defined for component null
2025-09-05 11:23:44,057 [WARN] ModelIntegratedComponent:63 - No mode defined for component null
2025-09-05 11:23:44,057 [WARN] ModelIntegratedComponent:63 - No mode defined for component null
2025-09-05 11:23:44,057 [WARN] ModelIntegratedComponent:63 - No mode defined for component null
2025-09-05 11:23:44,057 [WARN] ModelIntegratedComponent:63 - No mode defined for component null
2025-09-05 11:23:44,057 [WARN] ModelIntegratedComponent:63 - No mode defined for component null
2025-09-05 11:23:44,057 [WARN] ModelIntegratedComponent:63 - No mode defined for component null
2025-09-05 11:23:44,057 [WARN] ModelIntegratedComponent:63 - No mode defined for component null
2025-09-05 11:23:44,057 [WARN] ModelIntegratedComponent:63 - No mode defined for component null
2025-09-05 11:23:44,057 [WARN] ModelIntegratedComponent:63 - No mode defined for component null
2025-09-05 11:23:44,057 [WARN] ModelIntegratedComponent:63 - No mode defined for component null
2025-09-05 11:23:44,057 [WARN] ModelIntegratedComponent:63 - No mode defined for component null
2025-09-05 11:23:44,057 [WARN] ModelIntegratedComponent:63 - No mode defined for component null
2025-09-05 11:23:44,057 [WARN] ModelIntegratedComponent:63 - No mode defined for component null
2025-09-05 11:23:44,058 [WARN] ModelIntegratedComponent:63 - No mode defined for component null
2025-09-05 11:23:44,058 [WARN] ModelIntegratedComponent:63 - No mode defined for component null
2025-09-05 11:23:44,058 [WARN] ModelIntegratedComponent:63 - No mode defined for component null
2025-09-05 11:23:44,058 [WARN] ModelIntegratedComponent:63 - No mode defined for component null
2025-09-05 11:23:44,058 [WARN] ModelIntegratedComponent:63 - No mode defined for component null
2025-09-05 11:23:44,058 [WARN] ModelIntegratedComponent:63 - No mode defined for component null
2025-09-05 11:23:44,058 [WARN] ModelIntegratedComponent:63 - No mode defined for component null
2025-09-05 11:23:44,058 [WARN] ModelIntegratedComponent:63 - No mode defined for component null
2025-09-05 11:23:44,058 [WARN] ModelIntegratedComponent:63 - No mode defined for component null
2025-09-05 11:23:44,058 [WARN] ModelIntegratedComponent:63 - No mode defined for component null
2025-09-05 11:23:44,497 [INFO] ThirdPartyModel:298 - Start build external matchings
2025-09-05 11:23:54,448 [INFO] ThirdPartyModel:316 - End build external matchings
2025-09-05 11:23:54,650 [INFO] UtilMem:75 - End LoadConfig() Used Memory: 472682688 Bytes (917504000)
2025-09-05 11:23:54,671 [WARN] ThirdParty:833 - waiting for thirdparty lock release [change project]
2025-09-05 11:23:54,672 [INFO] ThirdParty:835 - entering critical section [change project]
2025-09-05 11:23:54,672 [INFO] ThirdParty:1030 - CMSIS Pack Vendor :STMicroelectronics X-CUBE-PM33A1 1.0.0
2025-09-05 11:23:54,672 [INFO] ThirdParty:1030 - CMSIS Pack Vendor :STMicroelectronics X-CUBE-AZRTOS-H7 3.3.0
2025-09-05 11:23:54,672 [INFO] ThirdParty:1030 - CMSIS Pack Vendor :STMicroelectronics X-CUBE-NFC9 1.0.0
2025-09-05 11:23:54,672 [INFO] ThirdParty:1030 - CMSIS Pack Vendor :STMicroelectronics USB_HOST 2.0.0
2025-09-05 11:23:54,672 [INFO] ThirdParty:1030 - CMSIS Pack Vendor :STMicroelectronics FP-SNS-MOTENVWB1 1.4.0
2025-09-05 11:23:54,673 [INFO] ThirdParty:1030 - CMSIS Pack Vendor :STMicroelectronics X-CUBE-AZRTOS-F4 1.1.0
2025-09-05 11:23:54,673 [INFO] ThirdParty:1030 - CMSIS Pack Vendor :STMicroelectronics LIBJPEG 8.0.0
2025-09-05 11:23:54,673 [INFO] ThirdParty:1030 - CMSIS Pack Vendor :STMicroelectronics FP-ATR-ASTRA1 2.0.2
2025-09-05 11:23:54,673 [INFO] ThirdParty:1030 - CMSIS Pack Vendor :STMicroelectronics FP-ATR-ASTRA1 2.0.1
2025-09-05 11:23:54,673 [INFO] ThirdParty:1030 - CMSIS Pack Vendor :STMicroelectronics X-CUBE-BLE1 7.1.0
2025-09-05 11:23:54,673 [INFO] ThirdParty:1030 - CMSIS Pack Vendor :STMicroelectronics X-CUBE-SMBUS 2.1.0
2025-09-05 11:23:54,673 [INFO] ThirdParty:1030 - CMSIS Pack Vendor :STMicroelectronics X-CUBE-WB05N 1.1.0
2025-09-05 11:23:54,673 [INFO] ThirdParty:1030 - CMSIS Pack Vendor :STMicroelectronics USB_DEVICE 3.0.0
2025-09-05 11:23:54,673 [INFO] ThirdParty:1030 - CMSIS Pack Vendor :STMicroelectronics X-CUBE-ISPU 2.1.0
2025-09-05 11:23:54,673 [INFO] ThirdParty:1030 - CMSIS Pack Vendor :STMicroelectronics X-CUBE-EEPRMA1 5.2.0
2025-09-05 11:23:54,673 [INFO] ThirdParty:1030 - CMSIS Pack Vendor :STMicroelectronics X-CUBE-AZRTOS-WB 2.0.0
2025-09-05 11:23:54,673 [INFO] ThirdParty:1030 - CMSIS Pack Vendor :STMicroelectronics X-CUBE-GNSS1 7.0.1
2025-09-05 11:23:54,674 [INFO] ThirdParty:1030 - CMSIS Pack Vendor :STMicroelectronics X-CUBE-NFC12 1.0.0
2025-09-05 11:23:54,674 [INFO] ThirdParty:1030 - CMSIS Pack Vendor :STMicroelectronics X-CUBE-AZRTOS-F7 1.1.0
2025-09-05 11:23:54,674 [INFO] ThirdParty:1030 - CMSIS Pack Vendor :STMicroelectronics X-CUBE-AZRTOS-L5 2.0.0
2025-09-05 11:23:54,674 [INFO] ThirdParty:1030 - CMSIS Pack Vendor :STMicroelectronics X-CUBE-TOUCHGFX 4.25.0
2025-09-05 11:23:54,674 [INFO] ThirdParty:1030 - CMSIS Pack Vendor :STMicroelectronics USB_DEVICE 2.0.0
2025-09-05 11:23:54,674 [INFO] ThirdParty:1030 - CMSIS Pack Vendor :STMicroelectronics X-CUBE-NFC6 3.1.0
2025-09-05 11:23:54,674 [INFO] ThirdParty:1030 - CMSIS Pack Vendor :STMicroelectronics X-CUBE-MEMS1 11.2.0
2025-09-05 11:23:54,674 [INFO] ThirdParty:1030 - CMSIS Pack Vendor :STMicroelectronics FreeRTOS 0.0.1
2025-09-05 11:23:54,674 [INFO] ThirdParty:1030 - CMSIS Pack Vendor :STMicroelectronics X-CUBE-AZRTOS-G0 1.1.0
2025-09-05 11:23:54,674 [INFO] ThirdParty:1030 - CMSIS Pack Vendor :STMicroelectronics X-CUBE-SAFEA1 1.2.2
2025-09-05 11:23:54,674 [INFO] ThirdParty:1030 - CMSIS Pack Vendor :STMicroelectronics X-CUBE-NFC4 3.0.0
2025-09-05 11:23:54,674 [INFO] ThirdParty:1030 - CMSIS Pack Vendor :STMicroelectronics X-CUBE-SUBG2 5.0.0
2025-09-05 11:23:54,675 [INFO] ThirdParty:1030 - CMSIS Pack Vendor :STMicroelectronics X-CUBE-AZRTOS-H7RS 1.1.0
2025-09-05 11:23:54,675 [INFO] ThirdParty:1030 - CMSIS Pack Vendor :STMicroelectronics STM32_WPAN 1.0.0
2025-09-05 11:23:54,675 [INFO] ThirdParty:1030 - CMSIS Pack Vendor :STMicroelectronics lwIP 2.0.3
2025-09-05 11:23:54,675 [INFO] ThirdParty:1030 - CMSIS Pack Vendor :STMicroelectronics FP-SNS-FLIGHT1 5.0.2
2025-09-05 11:23:54,675 [INFO] ThirdParty:1030 - CMSIS Pack Vendor :Cesanta I-CUBE-Mongoose 7.13.0
2025-09-05 11:23:54,675 [INFO] ThirdParty:1030 - CMSIS Pack Vendor :STMicroelectronics USB_HOST 1.0.0
2025-09-05 11:23:54,676 [INFO] ThirdParty:1030 - CMSIS Pack Vendor :STMicroelectronics X-CUBE-AZRTOS-G4 2.0.0
2025-09-05 11:23:54,676 [INFO] ThirdParty:1030 - CMSIS Pack Vendor :STMicroelectronics X-CUBE-WB05N 2.0.0
2025-09-05 11:23:54,676 [INFO] ThirdParty:1030 - CMSIS Pack Vendor :STMicroelectronics PDM2PCM 3.1.0
2025-09-05 11:23:54,676 [INFO] ThirdParty:1030 - CMSIS Pack Vendor :STMicroelectronics PDM2PCM 3.3.0
2025-09-05 11:23:54,676 [INFO] ThirdParty:1030 - CMSIS Pack Vendor :STMicroelectronics X-CUBE-AZRTOS-H7 3.4.0
2025-09-05 11:23:54,676 [INFO] ThirdParty:1030 - CMSIS Pack Vendor :STMicroelectronics X-CUBE-DISPLAY 3.0.0
2025-09-05 11:23:54,676 [INFO] ThirdParty:1030 - CMSIS Pack Vendor :STMicroelectronics X-CUBE-NFC7 2.0.0
2025-09-05 11:23:54,676 [INFO] ThirdParty:1030 - CMSIS Pack Vendor :STMicroelectronics X-CUBE-BLE1 7.0.0
2025-09-05 11:23:54,676 [INFO] ThirdParty:1030 - CMSIS Pack Vendor :STMicroelectronics FP-ATR-SIGFOX1 3.2.0
2025-09-05 11:23:54,676 [INFO] ThirdParty:1030 - CMSIS Pack Vendor :STMicroelectronics X-CUBE-NFC10 1.0.0
2025-09-05 11:23:54,676 [INFO] ThirdParty:1030 - CMSIS Pack Vendor :STMicroelectronics X-CUBE-EEPRMA1 5.1.0
2025-09-05 11:23:54,676 [INFO] ThirdParty:1030 - CMSIS Pack Vendor :STMicroelectronics X-CUBE-FREERTOS 1.3.1
2025-09-05 11:23:54,676 [INFO] ThirdParty:1030 - CMSIS Pack Vendor :STMicroelectronics HAL Drivers 0.0.0
2025-09-05 11:23:54,677 [INFO] ThirdParty:1030 - CMSIS Pack Vendor :STMicroelectronics MBEDTLS 2.16.2
2025-09-05 11:23:54,677 [INFO] ThirdParty:1030 - CMSIS Pack Vendor :STMicroelectronics X-CUBE-ALS 1.0.2
2025-09-05 11:23:54,677 [INFO] ThirdParty:1030 - CMSIS Pack Vendor :emotas I-CUBE-CANOPEN 1.3.0
2025-09-05 11:23:54,677 [INFO] ThirdParty:1030 - CMSIS Pack Vendor :STMicroelectronics X-CUBE-FREERTOS 1.3.0
2025-09-05 11:23:54,677 [INFO] ThirdParty:1030 - CMSIS Pack Vendor :STMicroelectronics X-CUBE-NFC7 1.0.1
2025-09-05 11:23:54,677 [INFO] ThirdParty:1030 - CMSIS Pack Vendor :STMicroelectronics MBEDTLS 2.14.1
2025-09-05 11:23:54,677 [INFO] ThirdParty:1030 - CMSIS Pack Vendor :wolfSSL I-CUBE-wolfSSL 5.7.6
2025-09-05 11:23:54,677 [INFO] ThirdParty:1030 - CMSIS Pack Vendor :ITTIA_DB I-CUBE-ITTIADB 8.9.0
2025-09-05 11:23:54,677 [INFO] ThirdParty:1030 - CMSIS Pack Vendor :STMicroelectronics X-CUBE-TOUCHGFX 4.24.2
2025-09-05 11:23:54,677 [INFO] ThirdParty:1030 - CMSIS Pack Vendor :wolfSSL I-CUBE-wolfTPM 3.4.0
2025-09-05 11:23:54,677 [INFO] ThirdParty:1030 - CMSIS Pack Vendor :portGmbH I-Cube-SoM-uGOAL 1.1.0
2025-09-05 11:23:54,677 [INFO] ThirdParty:1030 - CMSIS Pack Vendor :STMicroelectronics X-CUBE-AI 10.0.0
2025-09-05 11:23:54,677 [INFO] ThirdParty:1030 - CMSIS Pack Vendor :STMicroelectronics X-CUBE-AI 10.2.0
2025-09-05 11:23:54,677 [INFO] ThirdParty:1030 - CMSIS Pack Vendor :STMicroelectronics ThreadX 1.0.0
2025-09-05 11:23:54,678 [INFO] ThirdParty:1030 - CMSIS Pack Vendor :STMicroelectronics FP-SNS-SMARTAG2 1.2.0
2025-09-05 11:23:54,678 [INFO] ThirdParty:1030 - CMSIS Pack Vendor :STMicroelectronics X-CUBE-MEMS1 11.1.0
2025-09-05 11:23:54,678 [INFO] ThirdParty:1030 - CMSIS Pack Vendor :STMicroelectronics X-CUBE-AZRTOS-WL 2.0.0
2025-09-05 11:23:54,678 [INFO] ThirdParty:1030 - CMSIS Pack Vendor :SEGGER I-CUBE-embOS 1.3.1
2025-09-05 11:23:54,678 [INFO] ThirdParty:1030 - CMSIS Pack Vendor :STMicroelectronics X-CUBE-ALGOBUILD 1.4.0
2025-09-05 11:23:54,678 [INFO] ThirdParty:1030 - CMSIS Pack Vendor :STMicroelectronics X-CUBE-MEMS1 11.3.0
2025-09-05 11:23:54,678 [INFO] ThirdParty:1030 - CMSIS Pack Vendor :STMicroelectronics FP-SNS-MOTENV1 5.0.0
2025-09-05 11:23:54,678 [INFO] ThirdParty:1030 - CMSIS Pack Vendor :STMicroelectronics USB_DEVICE 1.0.0
2025-09-05 11:23:54,678 [INFO] ThirdParty:1030 - CMSIS Pack Vendor :STMicroelectronics X-CUBE-AZRTOS-H7RS 1.0.0
2025-09-05 11:23:54,678 [INFO] ThirdParty:1030 - CMSIS Pack Vendor :wolfSSL I-CUBE-wolfMQTT 1.19.0
2025-09-05 11:23:54,678 [INFO] ThirdParty:1030 - CMSIS Pack Vendor :STMicroelectronics X-CUBE-AZRTOS-L4 2.0.0
2025-09-05 11:23:54,678 [INFO] ThirdParty:1030 - CMSIS Pack Vendor :STMicroelectronics ThreadX 0.0.2
2025-09-05 11:23:54,678 [INFO] ThirdParty:1030 - CMSIS Pack Vendor :WES I-CUBE-Cesium 1.3.0
2025-09-05 11:23:54,678 [INFO] ThirdParty:1030 - CMSIS Pack Vendor :STMicroelectronics lwIP 2.1.2
2025-09-05 11:23:54,679 [INFO] ThirdParty:1030 - CMSIS Pack Vendor :STMicroelectronics X-CUBE-SFXS2LP1 4.0.0
2025-09-05 11:23:54,679 [INFO] ThirdParty:1030 - CMSIS Pack Vendor :STMicroelectronics X-CUBE-BLE2 3.3.0
2025-09-05 11:23:54,679 [INFO] ThirdParty:1030 - CMSIS Pack Vendor :STMicroelectronics PDM2PCM 3.2.0
2025-09-05 11:23:54,679 [INFO] ThirdParty:1030 - CMSIS Pack Vendor :wolfSSL I-CUBE-wolfSSH 1.4.17
2025-09-05 11:23:54,679 [INFO] ThirdParty:841 - exiting critical section [change project]
2025-09-05 11:23:55,289 [INFO] PinOutPanel:1499 - setPackage(No Configuration,No Configuration)
2025-09-05 11:23:55,291 [INFO] PinOutPanel:1499 - setPackage(STM32F103C8Tx,LQFP48)
2025-09-05 11:23:56,281 [INFO] UtilMem:75 - Before build in PCC Used Memory: 285412024 Bytes (917504000)
2025-09-05 11:23:57,422 [INFO] UtilMem:75 - After build in PCC Used Memory: 417549184 Bytes (917504000)
2025-09-05 11:23:57,481 [INFO] IPUIPlugin:80 - create IPUIPlugin
2025-09-05 11:23:57,481 [INFO] IPUIPlugin:80 - create IPUIPlugin
2025-09-05 11:23:57,481 [INFO] IPUIPlugin:80 - create IPUIPlugin
2025-09-05 11:23:57,482 [INFO] IPUIPlugin:80 - create IPUIPlugin
2025-09-05 11:23:57,482 [INFO] IPUIPlugin:80 - create IPUIPlugin
2025-09-05 11:23:57,482 [INFO] IPUIPlugin:80 - create IPUIPlugin
2025-09-05 11:23:57,483 [INFO] IPUIPlugin:80 - create IPUIPlugin
2025-09-05 11:23:57,483 [INFO] IPUIPlugin:80 - create IPUIPlugin
2025-09-05 11:23:57,483 [INFO] IPUIPlugin:80 - create IPUIPlugin
2025-09-05 11:23:57,483 [INFO] IPUIPlugin:80 - create IPUIPlugin
2025-09-05 11:23:57,484 [INFO] IPUIPlugin:80 - create IPUIPlugin
2025-09-05 11:23:57,485 [INFO] IPUIPlugin:80 - create IPUIPlugin
2025-09-05 11:23:57,485 [INFO] IPUIPlugin:80 - create IPUIPlugin
2025-09-05 11:23:57,486 [INFO] IPUIPlugin:80 - create IPUIPlugin
2025-09-05 11:23:57,487 [INFO] IPUIPlugin:80 - create IPUIPlugin
2025-09-05 11:23:57,488 [INFO] IPUIPlugin:80 - create IPUIPlugin
2025-09-05 11:23:57,490 [INFO] IPUIPlugin:80 - create IPUIPlugin
2025-09-05 11:23:57,490 [INFO] IPUIPlugin:80 - create IPUIPlugin
2025-09-05 11:23:57,491 [INFO] IPUIPlugin:80 - create IPUIPlugin
2025-09-05 11:23:57,491 [INFO] IPUIPlugin:80 - create IPUIPlugin
2025-09-05 11:23:57,492 [INFO] IPUIPlugin:80 - create IPUIPlugin
2025-09-05 11:23:57,492 [INFO] IPUIPlugin:80 - create IPUIPlugin
2025-09-05 11:23:57,492 [INFO] IPUIPlugin:80 - create IPUIPlugin
2025-09-05 11:23:57,493 [INFO] IPUIPlugin:80 - create IPUIPlugin
2025-09-05 11:23:57,494 [INFO] IPUIPlugin:80 - create IPUIPlugin
2025-09-05 11:23:57,494 [INFO] IPUIPlugin:80 - create IPUIPlugin
2025-09-05 11:23:57,495 [INFO] IPUIPlugin:80 - create IPUIPlugin
2025-09-05 11:23:57,752 [INFO] CADModel:165 - CPN selected for project levelSTM32F103C8T6
2025-09-05 11:23:57,752 [INFO] CADModel:114 - Register for checkConnection events
2025-09-05 11:23:57,797 [INFO] OpenFileManager:328 - Restore cursor
2025-09-05 11:24:00,058 [INFO] UtilMem:75 - End SaveConfig() Used Memory: 538268072 Bytes (917504000)
2025-09-05 11:24:00,143 [INFO] UtilMem:75 - End SaveConfig() Used Memory: 550550480 Bytes (917504000)
2025-09-05 11:24:06,553 [INFO] BlockDiagram:2759 - set Specific Code input for plugin: NVIC
2025-09-05 11:24:06,553 [INFO] BlockDiagram:2759 - set Specific Code input for plugin: RCC
2025-09-05 11:24:06,555 [INFO] CodeGenerator:793 - code generatio: config db path: /app/stm32cubeide/plugins/com.st.stm32cube.common.mx_6.8.0.202302231600//db/
2025-09-05 11:24:07,062 [INFO] CodeEngine:255 - oldGeneratedFile, /home/ziad/Ziad_WS/Cyber_Track_Software/UART_DRIVER/cyber_truck_stm32f103c8t6/MXTmpFiles/license.tmp_save
2025-09-05 11:24:07,816 [INFO] CodeEngine:279 - Generated code: /home/ziad/Ziad_WS/Cyber_Track_Software/UART_DRIVER/cyber_truck_stm32f103c8t6/MXTmpFiles/license.tmp
2025-09-05 11:24:07,829 [INFO] CodeEngine:255 - oldGeneratedFile, /home/ziad/Ziad_WS/Cyber_Track_Software/UART_DRIVER/cyber_truck_stm32f103c8t6/Core/Src/stm32f1xx_it.c_save
2025-09-05 11:24:08,016 [INFO] CodeEngine:279 - Generated code: /home/ziad/Ziad_WS/Cyber_Track_Software/UART_DRIVER/cyber_truck_stm32f103c8t6/Core/Src/stm32f1xx_it.c
2025-09-05 11:24:08,018 [INFO] CodeEngine:255 - oldGeneratedFile, /home/ziad/Ziad_WS/Cyber_Track_Software/UART_DRIVER/cyber_truck_stm32f103c8t6/Core/Inc/stm32f1xx_it.h_save
2025-09-05 11:24:08,143 [INFO] CodeEngine:279 - Generated code: /home/ziad/Ziad_WS/Cyber_Track_Software/UART_DRIVER/cyber_truck_stm32f103c8t6/Core/Inc/stm32f1xx_it.h
2025-09-05 11:24:08,346 [INFO] CodeEngine:255 - oldGeneratedFile, /home/ziad/Ziad_WS/Cyber_Track_Software/UART_DRIVER/cyber_truck_stm32f103c8t6/Core/Src/stm32f1xx_hal_msp.c_save
2025-09-05 11:24:08,499 [INFO] CodeEngine:279 - Generated code: /home/ziad/Ziad_WS/Cyber_Track_Software/UART_DRIVER/cyber_truck_stm32f103c8t6/Core/Src/stm32f1xx_hal_msp.c
2025-09-05 11:24:08,504 [INFO] CodeEngine:255 - oldGeneratedFile, /home/ziad/Ziad_WS/Cyber_Track_Software/UART_DRIVER/cyber_truck_stm32f103c8t6/MXTmpFiles/system.tmp_save
2025-09-05 11:24:08,605 [INFO] CodeEngine:279 - Generated code: /home/ziad/Ziad_WS/Cyber_Track_Software/UART_DRIVER/cyber_truck_stm32f103c8t6/MXTmpFiles/system.tmp
2025-09-05 11:24:08,612 [INFO] CodeEngine:311 - oldGeneratedFile, /home/ziad/Ziad_WS/Cyber_Track_Software/UART_DRIVER/cyber_truck_stm32f103c8t6/Core/Inc/stm32f1xx_hal_conf.h_save
2025-09-05 11:24:08,737 [INFO] CodeEngine:335 - Generated code: /home/ziad/Ziad_WS/Cyber_Track_Software/UART_DRIVER/cyber_truck_stm32f103c8t6/Core/Inc/stm32f1xx_hal_conf.h
2025-09-05 11:24:08,784 [INFO] CodeEngine:255 - oldGeneratedFile, /home/ziad/Ziad_WS/Cyber_Track_Software/UART_DRIVER/cyber_truck_stm32f103c8t6/Core/Inc/main.h_save
2025-09-05 11:24:08,997 [INFO] CodeEngine:279 - Generated code: /home/ziad/Ziad_WS/Cyber_Track_Software/UART_DRIVER/cyber_truck_stm32f103c8t6/Core/Inc/main.h
2025-09-05 11:24:08,999 [INFO] CodeEngine:255 - oldGeneratedFile, /home/ziad/Ziad_WS/Cyber_Track_Software/UART_DRIVER/cyber_truck_stm32f103c8t6/Core/Src/main.c_save
2025-09-05 11:24:09,229 [INFO] CodeEngine:279 - Generated code: /home/ziad/Ziad_WS/Cyber_Track_Software/UART_DRIVER/cyber_truck_stm32f103c8t6/Core/Src/main.c
2025-09-05 11:24:10,124 [INFO] ProjectBuilder:2996 - Time for Copy HAL[1] : 141mS.
2025-09-05 11:24:10,143 [INFO] ProjectBuilder:4304 - Project Generator version: 3.19.2
2025-09-05 11:24:12,813 [INFO] ConfigFileManager:1483 - The Die is : DIE410
2025-09-05 11:24:13,557 [INFO] ApiDbMcu:507 - Load IP Config File for FATFS
2025-09-05 11:24:13,641 [INFO] ApiDbMcu:507 - Load IP Config File for FREERTOS
2025-09-05 11:24:13,698 [INFO] ApiDbMcu:507 - Load IP Config File for USB_DEVICE
2025-09-05 11:24:17,015 [INFO] LogOutputStream:77 - [STDOUT_REDIRECT] 
2025-09-05 11:24:26,118 [INFO] ProjectBuilder:4505 - Time for Generating toolchain IDE Files: 15973mS.
2025-09-05 11:24:26,119 [INFO] ProjectBuilder:2867 - Time for Copy CMSIS : 0mS.
2025-09-05 11:24:26,121 [INFO] ProjectBuilder:2867 - Time for Copy CMSIS : 0mS.
2025-09-05 11:24:27,220 [INFO] McuFinderGlobals:66 - Set McuFinderConnectedMode to true
2025-09-05 11:24:27,227 [INFO] ApiDb:448 - Save user favorites file /home/ziad/.stm32cubeide/favorites.mcus.txt: 2 item(s)
2025-09-05 11:24:27,228 [INFO] ApiDb:452 - User favorites MCUs=[STM32F103C8T6, STM32F405RGT6]
