2025-08-30 12:52:04,398 [INFO] Activator:176 - 


2025-08-30 12:52:04,401 [INFO] Activator:177 - !SESSION log4j initialized
2025-08-30 12:52:04,578 [ERROR] LogOutputStream:75 - [STDERR_REDIRECT] SWT Webkit: Warning, You are using an old version of webkitgtk. (pre 2.4) BrowserFunction functionality will not be available
2025-08-30 12:52:04,580 [ERROR] LogOutputStream:75 - [STDERR_REDIRECT] SWT WebKit: error initializing DBus server, dBusServer == 0
2025-08-30 12:52:07,248 [INFO] LogOutputStream:77 - [STDOUT_REDIRECT] 
2025-08-30 12:52:28,369 [ERROR] LogOutputStream:75 - [STDERR_REDIRECT] SLF4J: Failed to load class "org.slf4j.impl.StaticLoggerBinder".
2025-08-30 12:52:28,370 [ERROR] LogOutputStream:75 - [STDERR_REDIRECT] SLF4J: Defaulting to no-operation (NOP) logger implementation
2025-08-30 12:52:28,371 [ERROR] LogOutputStream:75 - [STDERR_REDIRECT] SLF4J: See http://www.slf4j.org/codes.html#StaticLoggerBinder for further details.
2025-08-30 12:52:36,599 [INFO] ApplicationProperties:184 - Using Application install path: /app/stm32cubeide/plugins/com.st.stm32cube.common.mx_6.8.0.202302231600
2025-08-30 12:52:36,631 [INFO] DbMcusXml:78 - Set database path to: /app/stm32cubeide/plugins/com.st.stm32cube.common.mx_6.8.0.202302231600//db//mcu/
2025-08-30 12:52:36,632 [INFO] ApiDb:274 - Set plugin database path to: /app/stm32cubeide/plugins/com.st.stm32cube.common.mx_6.8.0.202302231600//db//plugins/boardmanager/
2025-08-30 12:52:36,637 [WARN] ApiDb:259 - Overriding images path with different value:  => /app/stm32cubeide/plugins/com.st.stm32cube.common.mx_6.8.0.202302231600//db//plugins/mcufinder/images/
2025-08-30 12:52:36,659 [INFO] ApiDb:250 - Set database path to: /home/ziad/.stmcufinder/plugins/mcufinder//mcu/
2025-08-30 12:52:36,661 [INFO] DbMcusAds:125 - Set database path to: /home/ziad/.stmcufinder/plugins/mcufinder//mcu/
2025-08-30 12:52:36,828 [INFO] CrossReferenceDbSqlite:203 - Set database path to: /home/ziad/.stmcufinder/plugins/mcufinder//mcu/cs/
2025-08-30 12:52:36,964 [INFO] RulesReader:64 - Compatibility file has been processed (293 Rules)
2025-08-30 12:52:37,045 [INFO] DbMcusXml:78 - Set database path to: /app/stm32cubeide/plugins/com.st.stm32cube.common.mx_6.8.0.202302231600//db//mcu/
2025-08-30 12:52:37,046 [INFO] ApiDb:274 - Set plugin database path to: /app/stm32cubeide/plugins/com.st.stm32cube.common.mx_6.8.0.202302231600//db//plugins/boardmanager/
2025-08-30 12:52:37,046 [INFO] ApiDb:261 - Set plugin images path to: /app/stm32cubeide/plugins/com.st.stm32cube.common.mx_6.8.0.202302231600//db//plugins/mcufinder/images/
2025-08-30 12:52:37,047 [WARN] DbFile:41 - Overriding database path with different value: /home/ziad/.stmcufinder/plugins/mcufinder/ => /home/ziad/.stmcufinder/plugins/mcufinder
2025-08-30 12:52:37,047 [INFO] ApiDb:250 - Set database path to: /home/ziad/.stmcufinder/plugins/mcufinder//mcu/
2025-08-30 12:52:37,047 [WARN] DbFile:41 - Overriding database path with different value: /home/ziad/.stmcufinder/plugins/mcufinder/ => /home/ziad/.stmcufinder/plugins/mcufinder
2025-08-30 12:52:37,048 [INFO] DbMcusAds:125 - Set database path to: /home/ziad/.stmcufinder/plugins/mcufinder//mcu/
2025-08-30 12:52:37,048 [WARN] DbFile:41 - Overriding database path with different value: /home/ziad/.stmcufinder/plugins/mcufinder/ => /home/ziad/.stmcufinder/plugins/mcufinder
2025-08-30 12:52:37,048 [WARN] DbFile:41 - Overriding database path with different value: /home/ziad/.stmcufinder/plugins/mcufinder/ => /home/ziad/.stmcufinder/plugins/mcufinder
2025-08-30 12:52:37,048 [INFO] CrossReferenceDbSqlite:203 - Set database path to: /home/ziad/.stmcufinder/plugins/mcufinder//mcu/cs/
2025-08-30 12:52:37,129 [INFO] MainPanel:253 - HeapMemory: 268435456
2025-08-30 12:52:37,255 [INFO] DbMcusXml:78 - Set database path to: /app/stm32cubeide/plugins/com.st.stm32cube.common.mx_6.8.0.202302231600//db//mcu/
2025-08-30 12:52:37,255 [INFO] ApiDb:274 - Set plugin database path to: /app/stm32cubeide/plugins/com.st.stm32cube.common.mx_6.8.0.202302231600//db//plugins/boardmanager/
2025-08-30 12:52:37,255 [INFO] ApiDb:261 - Set plugin images path to: /app/stm32cubeide/plugins/com.st.stm32cube.common.mx_6.8.0.202302231600//db//plugins/mcufinder/images/
2025-08-30 12:52:37,256 [WARN] DbFile:41 - Overriding database path with different value: /home/ziad/.stmcufinder/plugins/mcufinder/ => /home/ziad/.stmcufinder/plugins/mcufinder
2025-08-30 12:52:37,256 [INFO] ApiDb:250 - Set database path to: /home/ziad/.stmcufinder/plugins/mcufinder//mcu/
2025-08-30 12:52:37,256 [WARN] DbFile:41 - Overriding database path with different value: /home/ziad/.stmcufinder/plugins/mcufinder/ => /home/ziad/.stmcufinder/plugins/mcufinder
2025-08-30 12:52:37,256 [INFO] DbMcusAds:125 - Set database path to: /home/ziad/.stmcufinder/plugins/mcufinder//mcu/
2025-08-30 12:52:37,256 [WARN] DbFile:41 - Overriding database path with different value: /home/ziad/.stmcufinder/plugins/mcufinder/ => /home/ziad/.stmcufinder/plugins/mcufinder
2025-08-30 12:52:37,256 [WARN] DbFile:41 - Overriding database path with different value: /home/ziad/.stmcufinder/plugins/mcufinder/ => /home/ziad/.stmcufinder/plugins/mcufinder
2025-08-30 12:52:37,256 [INFO] CrossReferenceDbSqlite:203 - Set database path to: /home/ziad/.stmcufinder/plugins/mcufinder//mcu/cs/
2025-08-30 12:52:37,278 [INFO] ApplicationProperties:184 - Using Application install path: /app/stm32cubeide/plugins/com.st.stm32cube.common.mx_6.8.0.202302231600
2025-08-30 12:52:37,280 [INFO] PluginManage:196 - Search for loadable plugins [exclusion list=, ]
2025-08-30 12:52:37,282 [INFO] PluginManage:310 - Check plugin analytics
2025-08-30 12:52:37,510 [INFO] AnalyticsPlugin:253 - Accepted Software Licenses: 
2025-08-30 12:52:37,511 [INFO] AnalyticsPlugin:255 - Accepted CMSIS Pack Licenses: 
2025-08-30 12:52:37,512 [INFO] AnalyticsPlugin:257 - Accepted Firmware Licenses: FW.F4.1.27.0
2025-08-30 12:52:37,528 [INFO] PluginManage:359 - Loaded plugin analytics (category:tool,tabindex:-1)
2025-08-30 12:52:37,529 [INFO] PluginManage:310 - Check plugin cadmodel
2025-08-30 12:52:37,583 [INFO] CADModel:105 - Init CAD model plugin
2025-08-30 12:52:37,584 [INFO] PluginManage:359 - Loaded plugin cadmodel (category:power,tabindex:5)
2025-08-30 12:52:37,584 [INFO] PluginManage:310 - Check plugin clock
2025-08-30 12:52:37,596 [INFO] PluginManage:359 - Loaded plugin clock (category:base,tabindex:2)
2025-08-30 12:52:37,597 [INFO] PluginManage:310 - Check plugin ddr
2025-08-30 12:52:37,600 [INFO] PluginManage:359 - Loaded plugin ddr (category:tool,tabindex:6)
2025-08-30 12:52:37,600 [INFO] PluginManage:310 - Check plugin filemanager
2025-08-30 12:52:37,776 [INFO] PluginManage:359 - Loaded plugin filemanager (category:base,tabindex:10)
2025-08-30 12:52:37,777 [INFO] PluginManage:310 - Check plugin ipmanager
2025-08-30 12:52:37,784 [INFO] PluginManage:359 - Loaded plugin ipmanager (category:base,tabindex:5)
2025-08-30 12:52:37,784 [INFO] PluginManage:310 - Check plugin lpbam
2025-08-30 12:52:37,798 [INFO] PluginManage:359 - Loaded plugin lpbam (category:base,tabindex:0)
2025-08-30 12:52:37,798 [INFO] PluginManage:310 - Check plugin pinoutandconfiguration
2025-08-30 12:52:37,808 [INFO] PluginManage:359 - Loaded plugin pinoutandconfiguration (category:base,tabindex:1)
2025-08-30 12:52:37,809 [INFO] PluginManage:310 - Check plugin pinoutconfig
2025-08-30 12:52:37,922 [WARN] SupportedApi:132 - Cannot load RTOS API schema: s4s-elt-must-match.1: The content of 'definitions' must match (annotation?, (simpleType | complexType)?, (unique | key | keyref)*)). A problem was found starting at: attribute.
2025-08-30 12:52:38,122 [INFO] PluginManage:359 - Loaded plugin pinoutconfig (category:base,tabindex:0)
2025-08-30 12:52:38,122 [INFO] PluginManage:310 - Check plugin power
2025-08-30 12:52:38,130 [INFO] PluginManage:359 - Loaded plugin power (category:power,tabindex:4)
2025-08-30 12:52:38,130 [INFO] PluginManage:310 - Check plugin projectmanager
2025-08-30 12:52:38,150 [INFO] PluginManage:359 - Loaded plugin projectmanager (category:projectmanager,tabindex:3)
2025-08-30 12:52:38,151 [INFO] PluginManage:310 - Check plugin thirdparty
2025-08-30 12:52:38,363 [INFO] PluginManage:359 - Loaded plugin thirdparty (category:base,tabindex:-1)
2025-08-30 12:52:38,363 [INFO] PluginManage:310 - Check plugin tools
2025-08-30 12:52:38,362 [WARN] IntegrityCheckThread:84 - waiting for thirdparty lock release [integrity check]
2025-08-30 12:52:38,365 [INFO] IntegrityCheckThread:86 - entering critical section [integrity check]
2025-08-30 12:52:38,368 [INFO] ThirdPartyUpdaterWithRetryManager:70 - Updater plugin not ready yet. [1/15]
2025-08-30 12:52:38,370 [INFO] PluginManage:359 - Loaded plugin tools (category:base,tabindex:7)
2025-08-30 12:52:38,370 [INFO] PluginManage:310 - Check plugin tutovideos
2025-08-30 12:52:38,683 [INFO] PluginManage:359 - Loaded plugin tutovideos (category:base,tabindex:-1)
2025-08-30 12:52:38,684 [INFO] PluginManage:310 - Check plugin updater
2025-08-30 12:52:38,708 [INFO] PluginManage:359 - Loaded plugin updater (category:base,tabindex:12)
2025-08-30 12:52:38,713 [INFO] PluginManage:283 - PluginManage : Loaded plugins [15]
2025-08-30 12:52:39,048 [INFO] PinOutPanel:1499 - setPackage(No Configuration,No Configuration)
2025-08-30 12:52:39,140 [INFO] CADModel:165 - CPN selected for project level
2025-08-30 12:52:39,140 [INFO] CADModel:114 - Register for checkConnection events
2025-08-30 12:52:39,165 [INFO] IPUIPlugin:80 - create IPUIPlugin
2025-08-30 12:52:39,165 [INFO] PluginManager:220 - loadIPPluginJar : add dfsdm
2025-08-30 12:52:39,168 [INFO] IPUIPlugin:80 - create IPUIPlugin
2025-08-30 12:52:39,168 [INFO] PluginManager:220 - loadIPPluginJar : add fatfs
2025-08-30 12:52:39,173 [INFO] IPUIPlugin:80 - create IPUIPlugin
2025-08-30 12:52:39,173 [INFO] PluginManager:220 - loadIPPluginJar : add tracer_emb
2025-08-30 12:52:39,183 [INFO] IPUIPlugin:80 - create IPUIPlugin
2025-08-30 12:52:39,184 [INFO] PluginManager:220 - loadIPPluginJar : add hash
2025-08-30 12:52:39,190 [INFO] IPUIPlugin:80 - create IPUIPlugin
2025-08-30 12:52:39,191 [INFO] PluginManager:220 - loadIPPluginJar : add opamp
2025-08-30 12:52:39,196 [INFO] IPUIPlugin:80 - create IPUIPlugin
2025-08-30 12:52:39,196 [INFO] PluginManager:220 - loadIPPluginJar : add quadspi
2025-08-30 12:52:39,201 [INFO] IPUIPlugin:80 - create IPUIPlugin
2025-08-30 12:52:39,201 [INFO] PluginManager:220 - loadIPPluginJar : add openamp
2025-08-30 12:52:39,204 [INFO] IPUIPlugin:80 - create IPUIPlugin
2025-08-30 12:52:39,205 [INFO] PluginManager:220 - loadIPPluginJar : add ltdc
2025-08-30 12:52:39,213 [INFO] IPUIPlugin:80 - create IPUIPlugin
2025-08-30 12:52:39,213 [INFO] PluginManager:220 - loadIPPluginJar : add resmgrutility
2025-08-30 12:52:39,217 [INFO] IPUIPlugin:80 - create IPUIPlugin
2025-08-30 12:52:39,217 [INFO] PluginManager:220 - loadIPPluginJar : add gtzc
2025-08-30 12:52:39,222 [INFO] IPUIPlugin:80 - create IPUIPlugin
2025-08-30 12:52:39,222 [INFO] PluginManager:220 - loadIPPluginJar : add can
2025-08-30 12:52:39,234 [INFO] IPUIPlugin:80 - create IPUIPlugin
2025-08-30 12:52:39,235 [INFO] PluginManager:220 - loadIPPluginJar : add gic
2025-08-30 12:52:39,243 [INFO] IPUIPlugin:80 - create IPUIPlugin
2025-08-30 12:52:39,244 [INFO] PluginManager:220 - loadIPPluginJar : add gpio
2025-08-30 12:52:39,248 [INFO] IPUIPlugin:80 - create IPUIPlugin
2025-08-30 12:52:39,249 [INFO] PluginManager:220 - loadIPPluginJar : add i2c
2025-08-30 12:52:39,254 [INFO] IPUIPlugin:80 - create IPUIPlugin
2025-08-30 12:52:39,255 [INFO] PluginManager:220 - loadIPPluginJar : add gfxmmu
2025-08-30 12:52:39,262 [INFO] IPUIPlugin:80 - create IPUIPlugin
2025-08-30 12:52:39,262 [INFO] PluginManager:220 - loadIPPluginJar : add i3c
2025-08-30 12:52:39,269 [INFO] IPUIPlugin:80 - create IPUIPlugin
2025-08-30 12:52:39,269 [INFO] PluginManager:220 - loadIPPluginJar : add stm32_wpan
2025-08-30 12:52:39,277 [INFO] IPUIPlugin:80 - create IPUIPlugin
2025-08-30 12:52:39,277 [INFO] PluginManager:220 - loadIPPluginJar : add ipddr
2025-08-30 12:52:39,286 [INFO] IPUIPlugin:80 - create IPUIPlugin
2025-08-30 12:52:39,286 [INFO] PluginManager:220 - loadIPPluginJar : add i2s
2025-08-30 12:52:39,291 [INFO] IPUIPlugin:80 - create IPUIPlugin
2025-08-30 12:52:39,291 [INFO] PluginManager:220 - loadIPPluginJar : add pdm2pcm
2025-08-30 12:52:39,311 [INFO] IPUIPlugin:80 - create IPUIPlugin
2025-08-30 12:52:39,312 [INFO] PluginManager:220 - loadIPPluginJar : add freertos
2025-08-30 12:52:39,316 [INFO] IPUIPlugin:80 - create IPUIPlugin
2025-08-30 12:52:39,317 [INFO] PluginManager:220 - loadIPPluginJar : add aes
2025-08-30 12:52:39,321 [INFO] IPUIPlugin:80 - create IPUIPlugin
2025-08-30 12:52:39,322 [INFO] PluginManager:220 - loadIPPluginJar : add tim
2025-08-30 12:52:39,324 [INFO] IPUIPlugin:80 - create IPUIPlugin
2025-08-30 12:52:39,324 [INFO] PluginManager:220 - loadIPPluginJar : add ucpd
2025-08-30 12:52:39,330 [INFO] IPUIPlugin:80 - create IPUIPlugin
2025-08-30 12:52:39,331 [INFO] PluginManager:220 - loadIPPluginJar : add usart
2025-08-30 12:52:39,343 [INFO] IPUIPlugin:80 - create IPUIPlugin
2025-08-30 12:52:39,344 [INFO] PluginManager:220 - loadIPPluginJar : add touchsensing
2025-08-30 12:52:39,356 [INFO] IPUIPlugin:80 - create IPUIPlugin
2025-08-30 12:52:39,356 [INFO] PluginManager:220 - loadIPPluginJar : add nvic
2025-08-30 12:52:39,367 [INFO] IPUIPlugin:80 - create IPUIPlugin
2025-08-30 12:52:39,368 [INFO] PluginManager:220 - loadIPPluginJar : add fmc
2025-08-30 12:52:39,373 [INFO] IPUIPlugin:80 - create IPUIPlugin
2025-08-30 12:52:39,373 [INFO] PluginManager:220 - loadIPPluginJar : add comp
2025-08-30 12:52:39,377 [INFO] IPUIPlugin:80 - create IPUIPlugin
2025-08-30 12:52:39,377 [INFO] PluginManager:220 - loadIPPluginJar : add spi
2025-08-30 12:52:39,384 [INFO] IPUIPlugin:80 - create IPUIPlugin
2025-08-30 12:52:39,385 [INFO] PluginManager:220 - loadIPPluginJar : add lorawan
2025-08-30 12:52:39,387 [INFO] IPUIPlugin:80 - create IPUIPlugin
2025-08-30 12:52:39,392 [INFO] PluginManager:220 - loadIPPluginJar : add tsc
2025-08-30 12:52:39,399 [INFO] IPUIPlugin:80 - create IPUIPlugin
2025-08-30 12:52:39,399 [INFO] PluginManager:220 - loadIPPluginJar : add cryp
2025-08-30 12:52:39,411 [INFO] IPUIPlugin:80 - create IPUIPlugin
2025-08-30 12:52:39,411 [INFO] PluginManager:220 - loadIPPluginJar : add usbx
2025-08-30 12:52:39,417 [INFO] IPUIPlugin:80 - create IPUIPlugin
2025-08-30 12:52:39,418 [INFO] PluginManager:220 - loadIPPluginJar : add genericplugin
2025-08-30 12:52:39,438 [INFO] IPUIPlugin:80 - create IPUIPlugin
2025-08-30 12:52:39,453 [INFO] PluginManager:220 - loadIPPluginJar : add plateformsettings
2025-08-30 12:52:39,466 [INFO] IPUIPlugin:80 - create IPUIPlugin
2025-08-30 12:52:39,466 [INFO] PluginManager:220 - loadIPPluginJar : add linkedlist
2025-08-30 12:52:39,469 [INFO] IPUIPlugin:80 - create IPUIPlugin
2025-08-30 12:52:39,469 [INFO] PluginManager:220 - loadIPPluginJar : add ts
2025-08-30 12:52:39,484 [INFO] IPUIPlugin:80 - create IPUIPlugin
2025-08-30 12:52:39,484 [INFO] PluginManager:220 - loadIPPluginJar : add mdma
2025-08-30 12:52:39,487 [INFO] IPUIPlugin:80 - create IPUIPlugin
2025-08-30 12:52:39,487 [INFO] PluginManager:220 - loadIPPluginJar : add dma3
2025-08-30 12:52:39,498 [INFO] IPUIPlugin:80 - create IPUIPlugin
2025-08-30 12:52:39,498 [INFO] PluginManager:220 - loadIPPluginJar : add adc
2025-08-30 12:52:39,503 [INFO] IPUIPlugin:80 - create IPUIPlugin
2025-08-30 12:52:39,503 [INFO] PluginManager:220 - loadIPPluginJar : add sai
2025-08-30 12:52:39,514 [INFO] IPUIPlugin:80 - create IPUIPlugin
2025-08-30 12:52:39,515 [INFO] PluginManager:220 - loadIPPluginJar : add dma
2025-08-30 12:52:39,666 [INFO] CADModel:165 - CPN selected for project level
2025-08-30 12:52:39,666 [INFO] CADModel:114 - Register for checkConnection events
2025-08-30 12:52:39,666 [FATAL] Updater:308 - Updater called before beeing initialized
2025-08-30 12:52:39,666 [ERROR] CADModel:125 - Updater not yet initialized, retry later 
2025-08-30 12:52:40,043 [INFO] CADModel:165 - CPN selected for project level
2025-08-30 12:52:40,043 [INFO] CADModel:114 - Register for checkConnection events
2025-08-30 12:52:40,043 [FATAL] Updater:308 - Updater called before beeing initialized
2025-08-30 12:52:40,044 [ERROR] CADModel:125 - Updater not yet initialized, retry later 
2025-08-30 12:52:40,050 [FATAL] Updater:308 - Updater called before beeing initialized
2025-08-30 12:52:40,276 [FATAL] Updater:308 - Updater called before beeing initialized
2025-08-30 12:52:40,303 [INFO] DbMcusAds:53 - JSON generation date=Tue Jul 08 10:14:23 EET 2025 (1751962463582)
2025-08-30 12:52:40,304 [FATAL] Updater:308 - Updater called before beeing initialized
2025-08-30 12:52:40,374 [WARN] DetailPanel:346 - Failed to get advertising image, set to default
2025-08-30 12:52:40,668 [FATAL] Updater:308 - Updater called before beeing initialized
2025-08-30 12:52:40,670 [FATAL] Updater:308 - Updater called before beeing initialized
2025-08-30 12:52:40,671 [FATAL] Updater:308 - Updater called before beeing initialized
2025-08-30 12:52:40,671 [WARN] DetailPanel:346 - Failed to get advertising image, set to default
2025-08-30 12:52:40,673 [FATAL] Updater:308 - Updater called before beeing initialized
2025-08-30 12:52:40,760 [ERROR] Updater:1120 - MainUpdater not yet initialized. External WinMGr cannot be set.
2025-08-30 12:52:40,765 [INFO] Updater:1056 - Updater Version found : 6.8.0
2025-08-30 12:52:40,810 [INFO] ApplicationProperties:184 - Using Application install path: /app/stm32cubeide/plugins/com.st.stm32cube.common.mx_6.8.0.202302231600
2025-08-30 12:52:41,046 [INFO] MainUpdater:2854 - connection check result : 10
2025-08-30 12:52:41,048 [INFO] MainUpdater:283 - Updater Check For Update Now.
2025-08-30 12:52:41,048 [INFO] MicroXplorer:498 - Change Database Version : DB.6.0.80
2025-08-30 12:52:41,378 [INFO] CheckServerUpdateThread:120 - End of CheckServer Thread
2025-08-30 12:52:41,679 [INFO] MainUpdater:2854 - connection check result : 10
2025-08-30 12:52:41,773 [WARN] PackLoader:240 - Cannot read IP mode file for STMicroelectronics.FP-SNS-MOTENVWB1.1.4.0
2025-08-30 12:52:41,798 [WARN] PackLoader:240 - Cannot read IP mode file for STMicroelectronics.FP-ATR-ASTRA1.2.0.2
2025-08-30 12:52:41,809 [WARN] PackLoader:240 - Cannot read IP mode file for STMicroelectronics.FP-ATR-ASTRA1.2.0.1
2025-08-30 12:52:41,829 [WARN] PackLoader:240 - Cannot read IP mode file for STMicroelectronics.X-CUBE-SMBUS.2.1.0
2025-08-30 12:52:41,861 [WARN] PackLoader:240 - Cannot read IP mode file for STMicroelectronics.X-CUBE-WB05N.1.1.0
2025-08-30 12:52:42,017 [WARN] PackLoader:240 - Cannot read IP mode file for STMicroelectronics.X-CUBE-AZRTOS-F7.1.1.0
2025-08-30 12:52:42,042 [WARN] PackLoader:240 - Cannot read IP mode file for STMicroelectronics.FP-SNS-FLIGHT1.5.0.2
2025-08-30 12:52:42,077 [ERROR] Engine:466 - /home/ziad/.stm32cubemx/thirdparties/pdsc/Infineon.AIROC-Wi-Fi-Bluetooth-STM32.1.7.0.pdsc: PDSC version is not supported
2025-08-30 12:52:42,223 [WARN] PackLoader:240 - Cannot read IP mode file for STMicroelectronics.X-CUBE-AZRTOS-H7.3.4.0
2025-08-30 12:52:42,273 [WARN] PackLoader:240 - Cannot read IP mode file for STMicroelectronics.X-CUBE-DISPLAY.3.0.0
2025-08-30 12:52:42,320 [WARN] PackLoader:240 - Cannot read IP mode file for STMicroelectronics.X-CUBE-BLE1.7.0.0
2025-08-30 12:52:42,344 [WARN] PackLoader:240 - Cannot read IP mode file for STMicroelectronics.X-CUBE-NFC10.1.0.0
2025-08-30 12:52:42,365 [ERROR] Engine:466 - /home/ziad/.stm32cubemx/thirdparties/pdsc/STMicroelectronics.X-CUBE-BLEMGR.4.0.0.pdsc: PDSC version is not supported
2025-08-30 12:52:42,376 [WARN] PackLoader:240 - Cannot read IP mode file for emotas.I-CUBE-CANOPEN.1.3.0
2025-08-30 12:52:42,383 [WARN] PackLoader:240 - Cannot read IP mode file for STMicroelectronics.X-CUBE-AI.10.0.0
2025-08-30 12:52:42,389 [ERROR] Engine:466 - /home/ziad/.stm32cubemx/thirdparties/pdsc/STMicroelectronics.FP-SNS-STBOX1.2.1.0.pdsc: PDSC version is not supported
2025-08-30 12:52:42,394 [WARN] PackLoader:240 - Cannot read IP mode file for STMicroelectronics.FP-SNS-SMARTAG2.1.2.0
2025-08-30 12:52:42,397 [ERROR] Engine:466 - /home/ziad/.stm32cubemx/thirdparties/pdsc/STMicroelectronics.FP-SNS-FLIGHT1.5.1.0.pdsc: PDSC version is not supported
2025-08-30 12:52:42,758 [WARN] PackLoader:240 - Cannot read IP mode file for STMicroelectronics.X-CUBE-MEMS1.11.1.0
2025-08-30 12:52:43,198 [INFO] ApiDb:581 - Connected to CubeFinder SQLite database (/home/ziad/.stmcufinder/plugins/mcufinder/mcu/cube-finder-db.db)
2025-08-30 12:52:43,421 [INFO] ApiDb:668 - CubeFinder database Data Model version=2.1
2025-08-30 12:52:43,422 [INFO] ApiDb:669 - CubeFinder database Configuration version=3.0.39
2025-08-30 12:52:43,422 [INFO] ApiDb:670 - CubeFinder database generation date=2025-07-24 (1753349077)
2025-08-30 12:52:43,422 [INFO] ApiDb:671 - CubeFinder database FW Pack versions=[FP-ATR-ASTRA1_V2.0.0, FP-SNS-FLIGHT1_V5.1.0, FP-SNS-MOTENV1_V5.0.0, FP-SNS-MOTENVWB1_V1.4.0, FP-SNS-SMARTAG2_V1.2.0, FP-SNS-STBOX1_V2.0.0, STM32Cube_FW_C0_V1.4.0, STM32Cube_FW_F4_V1.28.2, STM32Cube_FW_F7_V1.17.3, STM32Cube_FW_G0_V1.6.2, STM32Cube_FW_G4_V1.6.1, STM32Cube_FW_H5_V1.5.0, STM32Cube_FW_H7RS_V1.2.0, STM32Cube_FW_H7_V1.12.1, STM32Cube_FW_L0_V1.12.2, STM32Cube_FW_L4_V1.18.1, STM32Cube_FW_L5_V1.5.1, STM32Cube_FW_N6_V1.2.0, STM32Cube_FW_U0_V1.3.0, STM32Cube_FW_U3_V1.2.0, STM32Cube_FW_U5_V1.8.0, STM32Cube_FW_WB0_V1.3.0, STM32Cube_FW_WBA_V1.7.0, STM32Cube_FW_WB_V1.23.0, STM32Cube_FW_WL3_V1.2.0, STM32Cube_FW_WL_V1.3.1, X-CUBE-ALGOBUILD_V1.4.0, X-CUBE-ALS_V1.0.2, X-CUBE-AZRTOS-F4_V1.1.0, X-CUBE-AZRTOS-F7_V1.1.0, X-CUBE-AZRTOS-G0_V1.1.0, X-CUBE-AZRTOS-G4_V2.0.0, X-CUBE-AZRTOS-H7RS_V1.1.0, X-CUBE-AZRTOS-H7_V3.4.0, X-CUBE-AZRTOS-L4_V2.0.0, X-CUBE-AZRTOS-L5_V2.0.0, X-CUBE-AZRTOS-WB_V2.0.0, X-CUBE-AZRTOS-WL_V2.0.0, X-CUBE-BLE1_V7.1.0, X-CUBE-BLE2_V3.3.0, X-CUBE-BLEMGR_V4.1.0, X-CUBE-EEPRMA1_V5.2.0, X-CUBE-FREERTOS_V1.3.1, X-CUBE-GNSS1_V6.0.0, X-CUBE-MEMS1_V11.3.0, X-CUBE-NFC4_V3.0.0, X-CUBE-NFC7_V2.0.0, X-CUBE-SFXS2LP1_V4.0.0, X-CUBE-ST67W61_V1.0.0, X-CUBE-SUBG2_V5.0.0, X-CUBE-TOF1_V3.4.3]
2025-08-30 12:52:43,673 [INFO] LogOutputStream:77 - [STDOUT_REDIRECT] 1 : Invalid condition id : UX_CORESTACK_Condition cause : null
2025-08-30 12:52:43,674 [INFO] LogOutputStream:77 - [STDOUT_REDIRECT] 1 : Invalid condition id : UX_CORESTACK_Condition cause : null
2025-08-30 12:52:43,675 [INFO] LogOutputStream:77 - [STDOUT_REDIRECT] 1 : Invalid condition id : UX_CORESTACK_Condition cause : null
2025-08-30 12:52:43,675 [INFO] LogOutputStream:77 - [STDOUT_REDIRECT] 1 : Invalid condition id : UX_CORESTACK_Condition cause : null
2025-08-30 12:52:43,676 [INFO] LogOutputStream:77 - [STDOUT_REDIRECT] 1 : Invalid condition id : UX_CORESTACK_Condition cause : null
2025-08-30 12:52:43,681 [WARN] PackLoader:240 - Cannot read IP mode file for STMicroelectronics.X-CUBE-AZRTOS-WL.2.0.0
2025-08-30 12:52:43,692 [INFO] DbBoardsSqlite:226 - include board P-NUCLEO-WB55-NUCLEO as a kit item of type 'Nucleo-64'
2025-08-30 12:52:43,692 [INFO] DbBoardsSqlite:226 - include board P-NUCLEO-WB55-USBDONGLE as a kit item of type 'Nucleo USB Dongle'
2025-08-30 12:52:43,693 [INFO] DbBoardsSqlite:226 - include board STEVAL-IDP005V1 as a kit item of type 'Evaluation Board'
2025-08-30 12:52:43,693 [WARN] PackLoader:240 - Cannot read IP mode file for STMicroelectronics.FP-SNS-MOTENV1.5.0.0
2025-08-30 12:52:43,696 [INFO] DbBoardsSqlite:226 - include board STEVAL-IDP005V2 as a kit item of type 'Evaluation Board'
2025-08-30 12:52:43,699 [WARN] PackLoader:240 - Cannot read IP mode file for wolfSSL.I-CUBE-wolfMQTT.1.19.0
2025-08-30 12:52:43,711 [WARN] PackLoader:240 - Cannot read IP mode file for WES.I-CUBE-Cesium.1.3.0
2025-08-30 12:52:43,716 [WARN] PackLoader:240 - Cannot read IP mode file for STMicroelectronics.X-CUBE-BLE2.3.3.0
2025-08-30 12:52:43,728 [WARN] PackLoader:240 - Cannot read IP mode file for STMicroelectronics.X-CUBE-NFC9.1.0.0
2025-08-30 12:52:43,744 [WARN] PackLoader:240 - Cannot read IP mode file for STMicroelectronics.X-CUBE-BLE1.7.1.0
2025-08-30 12:52:43,759 [WARN] PackLoader:240 - Cannot read IP mode file for STMicroelectronics.X-CUBE-EEPRMA1.5.2.0
2025-08-30 12:52:43,785 [INFO] ApiDb:240 - Found 297 in-development CPN: [B-G473E-ZEST1S, B-WB1M-WPAN1, B-WL5M-SUBG1, NUCLEO-C031C6, NUCLEO-H503RB, NUCLEO-H563ZI, NUCLEO-U545RE-Q, NUCLEO-U5A5ZJ-Q, NUCLEO-WBA52CG, STEVAL-PROTEUS1, STEVAL-STWINBX1, STM320518-EVAL, STM32C0116-DK, STM32C011D6Y3TR, STM32C011D6Y6TR, STM32C011F4P3, STM32C011F4P6, STM32C011F4U3, STM32C011F4U6TR, STM32C011F6P3, STM32C011F6P6, STM32C011F6U3, STM32C011F6U6TR, STM32C011J4M3, STM32C011J4M6, STM32C011J6M3, STM32C011J6M6, STM32C0316-DK, STM32C031C4T3, STM32C031C4T6, STM32C031C4U3, STM32C031C4U6, STM32C031C6T3, STM32C031C6T6, STM32C031C6U3, STM32C031C6U6, STM32C031F4P3, STM32C031F4P6, STM32C031F6P3, STM32C031F6P6, STM32C031G4U3, STM32C031G4U6, STM32C031G6U3, STM32C031G6U6, STM32C031K4T3, STM32C031K4T6, STM32C031K4U3, STM32C031K4U6, STM32C031K6T3, STM32C031K6T6, STM32C031K6U3, STM32C031K6U6, STM32G071K8TXN, STM32G071K8UXN, STM32G081GBU6N, STM32G081KBT6N, STM32G081KBUXN, STM32G0B1CCT6N, STM32G0B1KCT6, STM32G0B1NEY6TR, STM32G0B1RCT6N, STM32G0C1CCT6, STM32G0C1CCT6N, STM32G0C1CCU6N, STM32G0C1CET6N, STM32G0C1CEU6N, STM32G0C1KCT6, STM32G0C1NEY6TR, STM32G0C1RCI6N, STM32G0C1RCT6N, STM32G0C1REI6N, STM32G0C1RET6N, STM32G0C1VCI6, STM32G0C1VEI6, STM32G471CCT6, STM32G471CCU6, STM32G471CET3, STM32G471CET6, STM32G471CEU3, STM32G471CEU6, STM32G471MCT6, STM32G471MET3, STM32G471MET6, STM32G471MEY6TR, STM32G471QCT6, STM32G471QET3, STM32G471RCT6, STM32G471RET3, STM32G471RET6, STM32G471VCH6, STM32G471VCI6, STM32G471VCT6, STM32G471VEH3, STM32G471VEH6, STM32G471VEI3, STM32G471VEI6, STM32G471VET3, STM32G471VET6, STM32G474CCT6, STM32H503CBT6, STM32H503CBU6, STM32H503EBY6TR, STM32H503KBU6, STM32H503RBT6, STM32H562AGI6, STM32H562AII6, STM32H562IGK6, STM32H562IGT6, STM32H562IIK6, STM32H562IIT6, STM32H562RGT6, STM32H562RGV6, STM32H562RIT6, STM32H562RIV6, STM32H562VGT6, STM32H562VIT6, STM32H562ZGT6, STM32H562ZIT6, STM32H563AGI6, STM32H563AII3Q, STM32H563AII6, STM32H563IGK6, STM32H563IGT6, STM32H563IIK3Q, STM32H563IIK6, STM32H563IIT3Q, STM32H563IIT6, STM32H563MIY3QTR, STM32H563RGT6, STM32H563RGV6, STM32H563RIT6, STM32H563RIV6, STM32H563VGT6, STM32H563VIT3Q, STM32H563VIT6, STM32H563ZGT6, STM32H563ZIT3Q, STM32H563ZIT6, STM32H573AII3Q, STM32H573AII6, STM32H573I-DK, STM32H573IIK3Q, STM32H573IIK6, STM32H573IIT3Q, STM32H573IIT6, STM32H573MIY3QTR, STM32H573RIT6, STM32H573RIV6, STM32H573VIT3Q, STM32H573VIT6, STM32H573ZIT3Q, STM32H573ZIT6, STM32L4R5QGI6STR, STM32MP131AAE3, STM32MP131AAF3, STM32MP131AAG3, STM32MP131CAE3, STM32MP131CAF3, STM32MP131CAG3, STM32MP131DAE7, STM32MP131DAF7, STM32MP131DAG7, STM32MP131FAE7, STM32MP131FAF7, STM32MP131FAG7, STM32MP133AAE3, STM32MP133AAF3, STM32MP133AAG3, STM32MP133CAE3, STM32MP133CAF3, STM32MP133CAG3, STM32MP133DAE7, STM32MP133DAF7, STM32MP133DAG7, STM32MP133FAE7, STM32MP133FAF7, STM32MP133FAG7, STM32MP135AAE3, STM32MP135AAF3, STM32MP135AAG3, STM32MP135CAE3, STM32MP135CAF3, STM32MP135CAG3, STM32MP135DAE7, STM32MP135DAF7, STM32MP135DAG7, STM32MP135F-DK, STM32MP135FAE7, STM32MP135FAF7, STM32MP135FAF7T, STM32MP135FAF7U, STM32MP135FAG7, STM32U535CBT6, STM32U535CBT6Q, STM32U535CBU6, STM32U535CBU6Q, STM32U535CCT6, STM32U535CCT6Q, STM32U535CCU6, STM32U535CCU6Q, STM32U535CET6, STM32U535CET6Q, STM32U535CEU6, STM32U535CEU6Q, STM32U535JEY6QTR, STM32U535NCY6QTR, STM32U535NEY6QTR, STM32U535RBI6, STM32U535RBI6Q, STM32U535RBT6, STM32U535RBT6Q, STM32U535RCI6, STM32U535RCI6Q, STM32U535RCT6, STM32U535RCT6Q, STM32U535REI6, STM32U535REI6Q, STM32U535RET6, STM32U535RET6Q, STM32U535VCI6, STM32U535VCI6Q, STM32U535VCT6, STM32U535VCT6Q, STM32U535VEI6, STM32U535VEI6Q, STM32U535VET6, STM32U535VET6Q, STM32U545CET6, STM32U545CET6Q, STM32U545CEU6, STM32U545CEU6Q, STM32U545JEY6QTR, STM32U545NEY6QTR, STM32U545REI6, STM32U545REI6Q, STM32U545RET6, STM32U545RET6Q, STM32U545VEI6, STM32U545VEI6Q, STM32U545VET6, STM32U545VET6Q, STM32U595AIH6, STM32U595AIH6Q, STM32U595AJH6, STM32U595AJH6Q, STM32U595QII6, STM32U595QII6Q, STM32U595QJI6, STM32U595QJI6Q, STM32U595RIT6, STM32U595RIT6Q, STM32U595RJT6, STM32U595RJT6Q, STM32U595VIT6, STM32U595VIT6Q, STM32U595VJT6, STM32U595VJT6Q, STM32U595ZIT6, STM32U595ZIT6Q, STM32U595ZIY6QTR, STM32U595ZJT6, STM32U595ZJT6Q, STM32U595ZJY6QTR, STM32U599BJY6QTR, STM32U599NIH6Q, STM32U599NJH6Q, STM32U599VIT6Q, STM32U599VJT6, STM32U599VJT6Q, STM32U599ZIT6Q, STM32U599ZIY6QTR, STM32U599ZJT6Q, STM32U599ZJY6QTR, STM32U5A5AJH6, STM32U5A5AJH6Q, STM32U5A5QJI6, STM32U5A5QJI6Q, STM32U5A5RJT6, STM32U5A5RJT6Q, STM32U5A5VJT6, STM32U5A5VJT6Q, STM32U5A5ZJT6, STM32U5A5ZJT6Q, STM32U5A5ZJY6QTR, STM32U5A9BJY6QTR, STM32U5A9J-DK, STM32U5A9NJH6Q, STM32U5A9VJT6Q, STM32U5A9ZJT6Q, STM32U5A9ZJY6QTR, STM32WB1MMCH6, STM32WBA52CEU6, STM32WBA52CEU6T, STM32WBA52CGU6, STM32WBA52CGU6T, STM32WL5MOCH6, STM32WL5MOCH6TR]
2025-08-30 12:52:43,793 [INFO] ApiDb:668 - CubeFinder database Data Model version=2.1
2025-08-30 12:52:43,793 [INFO] ApiDb:669 - CubeFinder database Configuration version=3.0.39
2025-08-30 12:52:43,793 [INFO] ApiDb:670 - CubeFinder database generation date=2025-07-24 (1753349077)
2025-08-30 12:52:43,793 [INFO] ApiDb:671 - CubeFinder database FW Pack versions=[FP-ATR-ASTRA1_V2.0.0, FP-SNS-FLIGHT1_V5.1.0, FP-SNS-MOTENV1_V5.0.0, FP-SNS-MOTENVWB1_V1.4.0, FP-SNS-SMARTAG2_V1.2.0, FP-SNS-STBOX1_V2.0.0, STM32Cube_FW_C0_V1.4.0, STM32Cube_FW_F4_V1.28.2, STM32Cube_FW_F7_V1.17.3, STM32Cube_FW_G0_V1.6.2, STM32Cube_FW_G4_V1.6.1, STM32Cube_FW_H5_V1.5.0, STM32Cube_FW_H7RS_V1.2.0, STM32Cube_FW_H7_V1.12.1, STM32Cube_FW_L0_V1.12.2, STM32Cube_FW_L4_V1.18.1, STM32Cube_FW_L5_V1.5.1, STM32Cube_FW_N6_V1.2.0, STM32Cube_FW_U0_V1.3.0, STM32Cube_FW_U3_V1.2.0, STM32Cube_FW_U5_V1.8.0, STM32Cube_FW_WB0_V1.3.0, STM32Cube_FW_WBA_V1.7.0, STM32Cube_FW_WB_V1.23.0, STM32Cube_FW_WL3_V1.2.0, STM32Cube_FW_WL_V1.3.1, X-CUBE-ALGOBUILD_V1.4.0, X-CUBE-ALS_V1.0.2, X-CUBE-AZRTOS-F4_V1.1.0, X-CUBE-AZRTOS-F7_V1.1.0, X-CUBE-AZRTOS-G0_V1.1.0, X-CUBE-AZRTOS-G4_V2.0.0, X-CUBE-AZRTOS-H7RS_V1.1.0, X-CUBE-AZRTOS-H7_V3.4.0, X-CUBE-AZRTOS-L4_V2.0.0, X-CUBE-AZRTOS-L5_V2.0.0, X-CUBE-AZRTOS-WB_V2.0.0, X-CUBE-AZRTOS-WL_V2.0.0, X-CUBE-BLE1_V7.1.0, X-CUBE-BLE2_V3.3.0, X-CUBE-BLEMGR_V4.1.0, X-CUBE-EEPRMA1_V5.2.0, X-CUBE-FREERTOS_V1.3.1, X-CUBE-GNSS1_V6.0.0, X-CUBE-MEMS1_V11.3.0, X-CUBE-NFC4_V3.0.0, X-CUBE-NFC7_V2.0.0, X-CUBE-SFXS2LP1_V4.0.0, X-CUBE-ST67W61_V1.0.0, X-CUBE-SUBG2_V5.0.0, X-CUBE-TOF1_V3.4.3]
2025-08-30 12:52:43,901 [WARN] PackLoader:240 - Cannot read IP mode file for STMicroelectronics.X-CUBE-MEMS1.11.2.0
2025-08-30 12:52:44,382 [WARN] PackLoader:240 - Cannot read IP mode file for STMicroelectronics.X-CUBE-AZRTOS-G0.1.1.0
2025-08-30 12:52:44,397 [WARN] PackLoader:240 - Cannot read IP mode file for STMicroelectronics.X-CUBE-SAFEA1.1.2.2
2025-08-30 12:52:44,403 [WARN] PackLoader:240 - Cannot read IP mode file for STMicroelectronics.X-CUBE-NFC4.3.0.0
2025-08-30 12:52:44,409 [ERROR] Engine:466 - /home/ziad/.stm32cubemx/thirdparties/pdsc/EmbeddedOffice.I-CUBE-FS-RTOS.1.0.1.pdsc: PDSC version is not supported
2025-08-30 12:52:44,421 [WARN] PackLoader:240 - Cannot read IP mode file for STMicroelectronics.X-CUBE-WB05N.2.0.0
2025-08-30 12:52:44,425 [ERROR] Engine:466 - /home/ziad/.stm32cubemx/thirdparties/pdsc/STMicroelectronics.X-CUBE-TCPP.4.2.0.pdsc: PDSC version is not supported
2025-08-30 12:52:44,428 [ERROR] Engine:466 - /home/ziad/.stm32cubemx/thirdparties/pdsc/RealThread.X-CUBE-RT-Thread_Nano.4.1.1.pdsc: PDSC version is not supported
2025-08-30 12:52:44,438 [WARN] PackLoader:240 - Cannot read IP mode file for STMicroelectronics.FP-ATR-SIGFOX1.3.2.0
2025-08-30 12:52:44,440 [ERROR] Engine:466 - /home/ziad/.stm32cubemx/thirdparties/pdsc/quantropi.X-CUBE-qispace-sdk-base.1.9.3.pdsc: PDSC version is not supported
2025-08-30 12:52:44,447 [WARN] PackLoader:240 - Cannot read IP mode file for STMicroelectronics.X-CUBE-EEPRMA1.5.1.0
2025-08-30 12:52:44,457 [WARN] PackLoader:240 - Cannot read IP mode file for wolfSSL.I-CUBE-wolfSSL.5.7.6
2025-08-30 12:52:44,464 [WARN] PackLoader:240 - Cannot read IP mode file for ITTIA_DB.I-CUBE-ITTIADB.8.9.0
2025-08-30 12:52:44,472 [ERROR] Engine:466 - /home/ziad/.stm32cubemx/thirdparties/pdsc/STMicroelectronics.X-CUBE-ST67W61.1.0.0.pdsc: PDSC version is not supported
2025-08-30 12:52:44,474 [WARN] PackLoader:240 - Cannot read IP mode file for STMicroelectronics.X-CUBE-AI.10.2.0
2025-08-30 12:52:44,585 [WARN] PackLoader:240 - Cannot read IP mode file for SEGGER.I-CUBE-embOS.1.3.1
2025-08-30 12:52:44,806 [WARN] PackLoader:240 - Cannot read IP mode file for STMicroelectronics.X-CUBE-ALGOBUILD.1.4.0
2025-08-30 12:52:44,944 [WARN] PackLoader:240 - Cannot read IP mode file for STMicroelectronics.X-CUBE-MEMS1.11.3.0
2025-08-30 12:52:45,261 [WARN] PackLoader:240 - Cannot read IP mode file for STMicroelectronics.X-CUBE-PM33A1.1.0.0
2025-08-30 12:52:45,285 [WARN] PackLoader:240 - Cannot read IP mode file for STMicroelectronics.X-CUBE-AZRTOS-F4.1.1.0
2025-08-30 12:52:45,290 [ERROR] Engine:466 - /home/ziad/.stm32cubemx/thirdparties/pdsc/Avnet-IotConnect.X-CUBE-IoTC-DA16k-PMOD.1.0.0.pdsc: PDSC version is not supported
2025-08-30 12:52:45,294 [WARN] PackLoader:240 - Cannot read IP mode file for STMicroelectronics.X-CUBE-ISPU.2.1.0
2025-08-30 12:52:45,303 [WARN] PackLoader:240 - Cannot read IP mode file for STMicroelectronics.X-CUBE-NFC12.1.0.0
2025-08-30 12:52:45,331 [WARN] PackLoader:240 - Cannot read IP mode file for STMicroelectronics.X-CUBE-AZRTOS-L5.2.0.0
2025-08-30 12:52:45,344 [WARN] PackLoader:240 - Cannot read IP mode file for STMicroelectronics.X-CUBE-NFC6.3.1.0
2025-08-30 12:52:45,350 [ERROR] Engine:466 - /home/ziad/.stm32cubemx/thirdparties/pdsc/STMicroelectronics.X-CUBE-DPower.1.2.0.pdsc: PDSC version is not supported
2025-08-30 12:52:45,359 [WARN] PackLoader:240 - Cannot read IP mode file for STMicroelectronics.X-CUBE-FREERTOS.1.3.1
2025-08-30 12:52:45,364 [WARN] PackLoader:240 - Cannot read IP mode file for STMicroelectronics.X-CUBE-FREERTOS.1.3.0
2025-08-30 12:52:45,374 [WARN] PackLoader:240 - Cannot read IP mode file for STMicroelectronics.X-CUBE-NFC7.1.0.1
2025-08-30 12:52:45,391 [ERROR] Engine:466 - /home/ziad/.stm32cubemx/thirdparties/pdsc/STMicroelectronics.FP-SNS-STAIOTCFT.1.0.0.pdsc: PDSC version is not supported
2025-08-30 12:52:45,400 [ERROR] Engine:466 - /home/ziad/.stm32cubemx/thirdparties/pdsc/STMicroelectronics.X-CUBE-DPower.1.3.0.pdsc: PDSC version is not supported
2025-08-30 12:52:45,490 [WARN] ConditionMgr:438 - getConditionDescription Invalid condition id : LAN8742 Phy interface Condition cause : null
2025-08-30 12:52:45,491 [WARN] PackLoader:240 - Cannot read IP mode file for STMicroelectronics.X-CUBE-AZRTOS-L4.2.0.0
2025-08-30 12:52:45,496 [WARN] ConditionMgr:1039 - genDependencies : Invalid condition id : LAN8742 Phy interface Condition cause : null
2025-08-30 12:52:45,500 [WARN] ConditionMgr:1039 - genDependencies : Invalid condition id : LAN8742 Phy interface Condition cause : null
2025-08-30 12:52:45,502 [WARN] ConditionMgr:1039 - genDependencies : Invalid condition id : LAN8742 Phy interface Condition cause : null
2025-08-30 12:52:45,516 [WARN] PackLoader:240 - Cannot read IP mode file for STMicroelectronics.X-CUBE-SFXS2LP1.4.0.0
2025-08-30 12:52:45,615 [WARN] PackLoader:240 - Cannot read IP mode file for STMicroelectronics.X-CUBE-AZRTOS-H7.3.3.0
2025-08-30 12:52:45,627 [ERROR] Engine:466 - /home/ziad/.stm32cubemx/thirdparties/pdsc/STMicroelectronics.X-CUBE-BLEMGR.4.1.0.pdsc: PDSC version is not supported
2025-08-30 12:52:45,646 [WARN] ConditionMgr:438 - getConditionDescription Invalid condition id : UX DEVICE CLASS RTOS Condition cause : null
2025-08-30 12:52:45,647 [WARN] ConditionMgr:438 - getConditionDescription Invalid condition id : UX DEVICE CLASS RTOS Condition cause : null
2025-08-30 12:52:45,652 [WARN] PackLoader:240 - Cannot read IP mode file for STMicroelectronics.X-CUBE-AZRTOS-WB.2.0.0
2025-08-30 12:52:45,653 [WARN] ConditionMgr:1039 - genDependencies : Invalid condition id : UX DEVICE CLASS RTOS Condition cause : null
2025-08-30 12:52:45,654 [WARN] ConditionMgr:1039 - genDependencies : Invalid condition id : UX DEVICE CLASS RTOS Condition cause : null
2025-08-30 12:52:45,654 [WARN] ConditionMgr:1039 - genDependencies : Invalid condition id : UX DEVICE CLASS RTOS Condition cause : null
2025-08-30 12:52:45,655 [WARN] ConditionMgr:1039 - genDependencies : Invalid condition id : UX DEVICE CLASS RTOS Condition cause : null
2025-08-30 12:52:45,655 [WARN] ConditionMgr:1039 - genDependencies : Invalid condition id : UX DEVICE CLASS RTOS Condition cause : null
2025-08-30 12:52:45,662 [WARN] PackLoader:240 - Cannot read IP mode file for STMicroelectronics.X-CUBE-GNSS1.7.0.1
2025-08-30 12:52:45,668 [WARN] PackLoader:240 - Cannot read IP mode file for STMicroelectronics.X-CUBE-TOUCHGFX.4.25.0
2025-08-30 12:52:45,673 [ERROR] Engine:466 - /home/ziad/.stm32cubemx/thirdparties/pdsc/STMicroelectronics.FP-SNS-STBOX1.2.0.0.pdsc: PDSC version is not supported
2025-08-30 12:52:45,701 [WARN] PackLoader:240 - Cannot read IP mode file for STMicroelectronics.X-CUBE-SUBG2.5.0.0
2025-08-30 12:52:45,744 [WARN] PackLoader:240 - Cannot read IP mode file for STMicroelectronics.X-CUBE-AZRTOS-H7RS.1.1.0
2025-08-30 12:52:45,790 [WARN] PackLoader:240 - Cannot read IP mode file for Cesanta.I-CUBE-Mongoose.7.13.0
2025-08-30 12:52:45,857 [WARN] PackLoader:240 - Cannot read IP mode file for STMicroelectronics.X-CUBE-AZRTOS-G4.2.0.0
2025-08-30 12:52:45,874 [WARN] PackLoader:240 - Cannot read IP mode file for STMicroelectronics.X-CUBE-NFC7.2.0.0
2025-08-30 12:52:45,895 [ERROR] Engine:466 - /home/ziad/.stm32cubemx/thirdparties/pdsc/STMicroelectronics.X-CUBE-IPS.3.1.0.pdsc: PDSC version is not supported
2025-08-30 12:52:45,898 [WARN] PackLoader:240 - Cannot read IP mode file for STMicroelectronics.X-CUBE-ALS.1.0.2
2025-08-30 12:52:45,902 [WARN] PackLoader:240 - Cannot read IP mode file for STMicroelectronics.X-CUBE-TOUCHGFX.4.24.2
2025-08-30 12:52:45,906 [WARN] PackLoader:240 - Cannot read IP mode file for wolfSSL.I-CUBE-wolfTPM.3.4.0
2025-08-30 12:52:45,911 [WARN] PackLoader:240 - Cannot read IP mode file for portGmbH.I-Cube-SoM-uGOAL.1.1.0
2025-08-30 12:52:45,939 [WARN] PackLoader:240 - Cannot read IP mode file for STMicroelectronics.X-CUBE-AZRTOS-H7RS.1.0.0
2025-08-30 12:52:45,949 [ERROR] Engine:466 - /home/ziad/.stm32cubemx/thirdparties/pdsc/STMicroelectronics.X-CUBE-TOF1.3.4.2.pdsc: PDSC version is not supported
2025-08-30 12:52:45,957 [ERROR] Engine:466 - /home/ziad/.stm32cubemx/thirdparties/pdsc/STMicroelectronics.X-CUBE-TOF1.3.4.3.pdsc: PDSC version is not supported
2025-08-30 12:52:45,959 [WARN] PackLoader:240 - Cannot read IP mode file for wolfSSL.I-CUBE-wolfSSH.1.4.17
2025-08-30 12:52:45,960 [INFO] ThirdParty:978 - Integrity check success = true
2025-08-30 12:52:45,961 [INFO] IntegrityCheckThread:100 - exiting critical section [integrity check]
2025-08-30 12:52:45,961 [INFO] IntegrityCheckThread:103 - End integrity checks thread
2025-08-30 12:52:48,448 [INFO] ApiDb:240 - Found 297 in-development CPN: [B-G473E-ZEST1S, B-WB1M-WPAN1, B-WL5M-SUBG1, NUCLEO-C031C6, NUCLEO-H503RB, NUCLEO-H563ZI, NUCLEO-U545RE-Q, NUCLEO-U5A5ZJ-Q, NUCLEO-WBA52CG, STEVAL-PROTEUS1, STEVAL-STWINBX1, STM320518-EVAL, STM32C0116-DK, STM32C011D6Y3TR, STM32C011D6Y6TR, STM32C011F4P3, STM32C011F4P6, STM32C011F4U3, STM32C011F4U6TR, STM32C011F6P3, STM32C011F6P6, STM32C011F6U3, STM32C011F6U6TR, STM32C011J4M3, STM32C011J4M6, STM32C011J6M3, STM32C011J6M6, STM32C0316-DK, STM32C031C4T3, STM32C031C4T6, STM32C031C4U3, STM32C031C4U6, STM32C031C6T3, STM32C031C6T6, STM32C031C6U3, STM32C031C6U6, STM32C031F4P3, STM32C031F4P6, STM32C031F6P3, STM32C031F6P6, STM32C031G4U3, STM32C031G4U6, STM32C031G6U3, STM32C031G6U6, STM32C031K4T3, STM32C031K4T6, STM32C031K4U3, STM32C031K4U6, STM32C031K6T3, STM32C031K6T6, STM32C031K6U3, STM32C031K6U6, STM32G071K8TXN, STM32G071K8UXN, STM32G081GBU6N, STM32G081KBT6N, STM32G081KBUXN, STM32G0B1CCT6N, STM32G0B1KCT6, STM32G0B1NEY6TR, STM32G0B1RCT6N, STM32G0C1CCT6, STM32G0C1CCT6N, STM32G0C1CCU6N, STM32G0C1CET6N, STM32G0C1CEU6N, STM32G0C1KCT6, STM32G0C1NEY6TR, STM32G0C1RCI6N, STM32G0C1RCT6N, STM32G0C1REI6N, STM32G0C1RET6N, STM32G0C1VCI6, STM32G0C1VEI6, STM32G471CCT6, STM32G471CCU6, STM32G471CET3, STM32G471CET6, STM32G471CEU3, STM32G471CEU6, STM32G471MCT6, STM32G471MET3, STM32G471MET6, STM32G471MEY6TR, STM32G471QCT6, STM32G471QET3, STM32G471RCT6, STM32G471RET3, STM32G471RET6, STM32G471VCH6, STM32G471VCI6, STM32G471VCT6, STM32G471VEH3, STM32G471VEH6, STM32G471VEI3, STM32G471VEI6, STM32G471VET3, STM32G471VET6, STM32G474CCT6, STM32H503CBT6, STM32H503CBU6, STM32H503EBY6TR, STM32H503KBU6, STM32H503RBT6, STM32H562AGI6, STM32H562AII6, STM32H562IGK6, STM32H562IGT6, STM32H562IIK6, STM32H562IIT6, STM32H562RGT6, STM32H562RGV6, STM32H562RIT6, STM32H562RIV6, STM32H562VGT6, STM32H562VIT6, STM32H562ZGT6, STM32H562ZIT6, STM32H563AGI6, STM32H563AII3Q, STM32H563AII6, STM32H563IGK6, STM32H563IGT6, STM32H563IIK3Q, STM32H563IIK6, STM32H563IIT3Q, STM32H563IIT6, STM32H563MIY3QTR, STM32H563RGT6, STM32H563RGV6, STM32H563RIT6, STM32H563RIV6, STM32H563VGT6, STM32H563VIT3Q, STM32H563VIT6, STM32H563ZGT6, STM32H563ZIT3Q, STM32H563ZIT6, STM32H573AII3Q, STM32H573AII6, STM32H573I-DK, STM32H573IIK3Q, STM32H573IIK6, STM32H573IIT3Q, STM32H573IIT6, STM32H573MIY3QTR, STM32H573RIT6, STM32H573RIV6, STM32H573VIT3Q, STM32H573VIT6, STM32H573ZIT3Q, STM32H573ZIT6, STM32L4R5QGI6STR, STM32MP131AAE3, STM32MP131AAF3, STM32MP131AAG3, STM32MP131CAE3, STM32MP131CAF3, STM32MP131CAG3, STM32MP131DAE7, STM32MP131DAF7, STM32MP131DAG7, STM32MP131FAE7, STM32MP131FAF7, STM32MP131FAG7, STM32MP133AAE3, STM32MP133AAF3, STM32MP133AAG3, STM32MP133CAE3, STM32MP133CAF3, STM32MP133CAG3, STM32MP133DAE7, STM32MP133DAF7, STM32MP133DAG7, STM32MP133FAE7, STM32MP133FAF7, STM32MP133FAG7, STM32MP135AAE3, STM32MP135AAF3, STM32MP135AAG3, STM32MP135CAE3, STM32MP135CAF3, STM32MP135CAG3, STM32MP135DAE7, STM32MP135DAF7, STM32MP135DAG7, STM32MP135F-DK, STM32MP135FAE7, STM32MP135FAF7, STM32MP135FAF7T, STM32MP135FAF7U, STM32MP135FAG7, STM32U535CBT6, STM32U535CBT6Q, STM32U535CBU6, STM32U535CBU6Q, STM32U535CCT6, STM32U535CCT6Q, STM32U535CCU6, STM32U535CCU6Q, STM32U535CET6, STM32U535CET6Q, STM32U535CEU6, STM32U535CEU6Q, STM32U535JEY6QTR, STM32U535NCY6QTR, STM32U535NEY6QTR, STM32U535RBI6, STM32U535RBI6Q, STM32U535RBT6, STM32U535RBT6Q, STM32U535RCI6, STM32U535RCI6Q, STM32U535RCT6, STM32U535RCT6Q, STM32U535REI6, STM32U535REI6Q, STM32U535RET6, STM32U535RET6Q, STM32U535VCI6, STM32U535VCI6Q, STM32U535VCT6, STM32U535VCT6Q, STM32U535VEI6, STM32U535VEI6Q, STM32U535VET6, STM32U535VET6Q, STM32U545CET6, STM32U545CET6Q, STM32U545CEU6, STM32U545CEU6Q, STM32U545JEY6QTR, STM32U545NEY6QTR, STM32U545REI6, STM32U545REI6Q, STM32U545RET6, STM32U545RET6Q, STM32U545VEI6, STM32U545VEI6Q, STM32U545VET6, STM32U545VET6Q, STM32U595AIH6, STM32U595AIH6Q, STM32U595AJH6, STM32U595AJH6Q, STM32U595QII6, STM32U595QII6Q, STM32U595QJI6, STM32U595QJI6Q, STM32U595RIT6, STM32U595RIT6Q, STM32U595RJT6, STM32U595RJT6Q, STM32U595VIT6, STM32U595VIT6Q, STM32U595VJT6, STM32U595VJT6Q, STM32U595ZIT6, STM32U595ZIT6Q, STM32U595ZIY6QTR, STM32U595ZJT6, STM32U595ZJT6Q, STM32U595ZJY6QTR, STM32U599BJY6QTR, STM32U599NIH6Q, STM32U599NJH6Q, STM32U599VIT6Q, STM32U599VJT6, STM32U599VJT6Q, STM32U599ZIT6Q, STM32U599ZIY6QTR, STM32U599ZJT6Q, STM32U599ZJY6QTR, STM32U5A5AJH6, STM32U5A5AJH6Q, STM32U5A5QJI6, STM32U5A5QJI6Q, STM32U5A5RJT6, STM32U5A5RJT6Q, STM32U5A5VJT6, STM32U5A5VJT6Q, STM32U5A5ZJT6, STM32U5A5ZJT6Q, STM32U5A5ZJY6QTR, STM32U5A9BJY6QTR, STM32U5A9J-DK, STM32U5A9NJH6Q, STM32U5A9VJT6Q, STM32U5A9ZJT6Q, STM32U5A9ZJY6QTR, STM32WB1MMCH6, STM32WBA52CEU6, STM32WBA52CEU6T, STM32WBA52CGU6, STM32WBA52CGU6T, STM32WL5MOCH6, STM32WL5MOCH6TR]
2025-08-30 12:52:48,455 [INFO] DbMcus:216 - Found 4711 MCUs, 4711 are supported
2025-08-30 12:52:48,458 [INFO] ApiDb:423 - Load user favorites file /home/ziad/.stm32cubeide/favorites.mcus.txt: 2 item(s)
2025-08-30 12:52:48,459 [INFO] ApiDb:427 - User favorites MCUs=[STM32F103C8T6, STM32F405RGT6]
2025-08-30 12:52:48,459 [INFO] DbMcus:222 - Set 2 / 2 favorites MCUs
2025-08-30 12:52:49,298 [INFO] BoardInfo:880 - No configuration file found for board B-WBA5M-WPAN
2025-08-30 12:52:49,298 [INFO] DbBoards:157 - Board is not supported: B-WBA5M-WPAN
2025-08-30 12:52:49,302 [INFO] BoardInfo:880 - No configuration file found for board NUCLEO-C051C8
2025-08-30 12:52:49,302 [INFO] DbBoards:157 - Board is not supported: NUCLEO-C051C8
2025-08-30 12:52:49,304 [INFO] BoardInfo:880 - No configuration file found for board NUCLEO-C071RB
2025-08-30 12:52:49,304 [INFO] DbBoards:157 - Board is not supported: NUCLEO-C071RB
2025-08-30 12:52:49,305 [INFO] BoardInfo:880 - No configuration file found for board NUCLEO-C092RC
2025-08-30 12:52:49,305 [INFO] DbBoards:157 - Board is not supported: NUCLEO-C092RC
2025-08-30 12:52:49,352 [INFO] BoardInfo:880 - No configuration file found for board NUCLEO-H533RE
2025-08-30 12:52:49,352 [INFO] DbBoards:157 - Board is not supported: NUCLEO-H533RE
2025-08-30 12:52:49,360 [INFO] BoardInfo:880 - No configuration file found for board NUCLEO-H7S3L8
2025-08-30 12:52:49,360 [INFO] DbBoards:157 - Board is not supported: NUCLEO-H7S3L8
2025-08-30 12:52:49,379 [INFO] BoardInfo:880 - No configuration file found for board NUCLEO-N657X0-Q
2025-08-30 12:52:49,379 [INFO] DbBoards:157 - Board is not supported: NUCLEO-N657X0-Q
2025-08-30 12:52:49,380 [INFO] BoardInfo:880 - No configuration file found for board NUCLEO-U031R8
2025-08-30 12:52:49,382 [INFO] DbBoards:157 - Board is not supported: NUCLEO-U031R8
2025-08-30 12:52:49,383 [INFO] BoardInfo:880 - No configuration file found for board NUCLEO-U083RC
2025-08-30 12:52:49,383 [INFO] DbBoards:157 - Board is not supported: NUCLEO-U083RC
2025-08-30 12:52:49,385 [INFO] BoardInfo:880 - No configuration file found for board NUCLEO-U385RG-Q
2025-08-30 12:52:49,385 [INFO] DbBoards:157 - Board is not supported: NUCLEO-U385RG-Q
2025-08-30 12:52:49,389 [INFO] BoardInfo:880 - No configuration file found for board NUCLEO-WB05KZ
2025-08-30 12:52:49,389 [INFO] DbBoards:157 - Board is not supported: NUCLEO-WB05KZ
2025-08-30 12:52:49,390 [INFO] BoardInfo:880 - No configuration file found for board NUCLEO-WB07CC
2025-08-30 12:52:49,390 [INFO] DbBoards:157 - Board is not supported: NUCLEO-WB07CC
2025-08-30 12:52:49,391 [INFO] BoardInfo:880 - No configuration file found for board NUCLEO-WB09KE
2025-08-30 12:52:49,391 [INFO] DbBoards:157 - Board is not supported: NUCLEO-WB09KE
2025-08-30 12:52:49,395 [INFO] BoardInfo:880 - No configuration file found for board NUCLEO-WBA55CG
2025-08-30 12:52:49,395 [INFO] DbBoards:157 - Board is not supported: NUCLEO-WBA55CG
2025-08-30 12:52:49,396 [INFO] BoardInfo:880 - No configuration file found for board NUCLEO-WBA65RI
2025-08-30 12:52:49,396 [INFO] DbBoards:157 - Board is not supported: NUCLEO-WBA65RI
2025-08-30 12:52:49,397 [INFO] BoardInfo:880 - No configuration file found for board NUCLEO-WL33CC1
2025-08-30 12:52:49,397 [INFO] DbBoards:157 - Board is not supported: NUCLEO-WL33CC1
2025-08-30 12:52:49,398 [INFO] BoardInfo:880 - No configuration file found for board NUCLEO-WL33CC2
2025-08-30 12:52:49,398 [INFO] DbBoards:157 - Board is not supported: NUCLEO-WL33CC2
2025-08-30 12:52:49,403 [INFO] BoardInfo:880 - No configuration file found for board P-NUCLEO-WB55
2025-08-30 12:52:49,404 [INFO] DbBoards:157 - Kit is not supported: P-NUCLEO-WB55
2025-08-30 12:52:49,407 [INFO] BoardInfo:880 - No configuration file found for board STEVAL-BFA001V1B
2025-08-30 12:52:49,407 [INFO] DbBoards:157 - Kit is not supported: STEVAL-BFA001V1B
2025-08-30 12:52:49,408 [INFO] BoardInfo:880 - No configuration file found for board STEVAL-BFA001V2B
2025-08-30 12:52:49,409 [INFO] DbBoards:157 - Kit is not supported: STEVAL-BFA001V2B
2025-08-30 12:52:49,411 [INFO] BoardInfo:880 - No configuration file found for board STEVAL-MKBOXPRO
2025-08-30 12:52:49,411 [INFO] DbBoards:157 - Board is not supported: STEVAL-MKBOXPRO
2025-08-30 12:52:49,414 [INFO] BoardInfo:880 - No configuration file found for board STEVAL-SMARTAG2
2025-08-30 12:52:49,414 [INFO] DbBoards:157 - Board is not supported: STEVAL-SMARTAG2
2025-08-30 12:52:49,477 [INFO] BoardInfo:880 - No configuration file found for board STM32H7S78-DK
2025-08-30 12:52:49,477 [INFO] DbBoards:157 - Board is not supported: STM32H7S78-DK
2025-08-30 12:52:49,496 [INFO] BoardInfo:880 - No configuration file found for board STM32MP257F-DK
2025-08-30 12:52:49,496 [INFO] DbBoards:157 - Board is not supported: STM32MP257F-DK
2025-08-30 12:52:49,497 [INFO] BoardInfo:880 - No configuration file found for board STM32MP257F-EV1
2025-08-30 12:52:49,497 [INFO] DbBoards:157 - Board is not supported: STM32MP257F-EV1
2025-08-30 12:52:49,498 [INFO] BoardInfo:880 - No configuration file found for board STM32N6570-DK
2025-08-30 12:52:49,498 [INFO] DbBoards:157 - Board is not supported: STM32N6570-DK
2025-08-30 12:52:49,500 [INFO] BoardInfo:880 - No configuration file found for board STM32U083C-DK
2025-08-30 12:52:49,500 [INFO] DbBoards:157 - Board is not supported: STM32U083C-DK
2025-08-30 12:52:49,503 [INFO] BoardInfo:880 - No configuration file found for board STM32U5G9J-DK1
2025-08-30 12:52:49,504 [INFO] DbBoards:157 - Board is not supported: STM32U5G9J-DK1
2025-08-30 12:52:49,505 [INFO] BoardInfo:880 - No configuration file found for board STM32U5G9J-DK2
2025-08-30 12:52:49,505 [INFO] DbBoards:157 - Board is not supported: STM32U5G9J-DK2
2025-08-30 12:52:49,508 [INFO] BoardInfo:880 - No configuration file found for board STM32WBA55G-DK1
2025-08-30 12:52:49,508 [INFO] DbBoards:157 - Board is not supported: STM32WBA55G-DK1
2025-08-30 12:52:49,509 [INFO] BoardInfo:880 - No configuration file found for board STM32WBA65I-DK1
2025-08-30 12:52:49,509 [INFO] DbBoards:157 - Board is not supported: STM32WBA65I-DK1
2025-08-30 12:52:49,509 [INFO] DbBoards:161 - Found 211 boards, 180 are supported
2025-08-30 12:52:49,512 [INFO] ApiDb:423 - Load user favorites file /home/ziad/.stm32cubeide/favorites.boards.txt: 0 item(s)
2025-08-30 12:52:49,512 [INFO] ApiDb:427 - User favorites Boards=[]
2025-08-30 12:52:49,512 [INFO] DbBoards:190 - Set 0 / 0 favorites Boards
2025-08-30 12:52:49,512 [INFO] McuFinderGlobals:66 - Set McuFinderConnectedMode to true
2025-08-30 12:52:49,522 [INFO] MultiScanPanel:200 - Auto-refresh data requested => check proxy status ongoing
2025-08-30 12:52:49,525 [INFO] FinderPluginLoader:95 - Searching for filters in installed packs
2025-08-30 12:52:52,249 [INFO] LoadUrlFilesThread:185 - End of LoadServerUrlFiles without Thread
2025-08-30 12:52:52,403 [INFO] DetailPanel:341 - Set advertising image to /home/ziad/STM32Cube/Repository//en.2400x1350px.jpeg
2025-08-30 12:53:54,846 [INFO] MainUpdater:2854 - connection check result : 10
2025-08-30 12:53:54,846 [INFO] MainUpdater:2854 - connection check result : 10
2025-08-30 12:53:54,877 [INFO] MicroXplorer:468 - Change Database Path : 
2025-08-30 12:53:54,877 [INFO] MicroXplorer:498 - Change Database Version : DB.6.0.80
2025-08-30 12:53:54,883 [WARN] ThirdParty:871 - waiting for thirdparty lock release [close project]
2025-08-30 12:53:54,884 [INFO] ThirdParty:873 - entering critical section [close project]
2025-08-30 12:53:54,885 [INFO] ThirdParty:883 - exiting critical section [close project]
2025-08-30 12:53:54,903 [INFO] PinOutPanel:1499 - setPackage(No Configuration,No Configuration)
2025-08-30 12:53:54,918 [INFO] UtilMem:75 - Begin LoadConfig() Used Memory: 604304208 Bytes (757071872)
2025-08-30 12:53:54,920 [INFO] MicroXplorer:468 - Change Database Path : 
2025-08-30 12:53:54,920 [INFO] MicroXplorer:498 - Change Database Version : DB.6.0.80
2025-08-30 12:53:54,920 [INFO] OpenFileManager:308 - Change cursor
2025-08-30 12:53:54,995 [INFO] Mcu:1937 - Initializing MCU STM32F103C8Tx STM32F103C8Tx 
2025-08-30 12:53:54,996 [INFO] Mcu:1950 - No CPN specified => set CPN to STM32F103C8T6
2025-08-30 12:53:56,615 [INFO] Context:659 - Trying to add GPIOservice into a context  which must be forbidden
2025-08-30 12:53:56,993 [INFO] ImportTextPane:194 - (OptionalMessage_ERROR) Unable to find key (Mcu.ThirdPartyNb) in loaded IOC file
2025-08-30 12:53:56,994 [INFO] ImportTextPane:194 - (OptionalMessage_ERROR) Unable to find key (Mcu.PinsNb) in loaded IOC file
2025-08-30 12:53:56,994 [INFO] ImportTextPane:194 - (OptionalMessage_ERROR) Unable to find key (Mcu.IPNb) in loaded IOC file
2025-08-30 12:53:57,691 [INFO] RtosManager:555 - Registered RTOS mode: class=CMSIS, group=RTOS, mode=CMSIS_V1, owner=FREERTOS
2025-08-30 12:53:57,691 [INFO] RtosManager:555 - Registered RTOS mode: class=CMSIS, group=RTOS2, mode=CMSIS_V2, owner=FREERTOS
2025-08-30 12:53:57,691 [INFO] RtosManager:555 - Registered RTOS mode: class=RTOS, group=Core, mode=CMSIS_V1, owner=FREERTOS
2025-08-30 12:53:57,691 [INFO] RtosManager:555 - Registered RTOS mode: class=RTOS, group=Core, mode=CMSIS_V2, owner=FREERTOS
2025-08-30 12:53:57,692 [WARN] ModelIntegratedComponent:184 - Missing modes for component STMicroelectronics:FreeRTOS:0.0.1:STMicroelectronics:RTOS:FreeRTOS:Core:::10.2.0:
2025-08-30 12:53:57,720 [WARN] ModelIntegratedComponent:63 - No mode defined for component null
2025-08-30 12:53:57,720 [WARN] ModelIntegratedComponent:63 - No mode defined for component null
2025-08-30 12:53:57,720 [WARN] ModelIntegratedComponent:63 - No mode defined for component null
2025-08-30 12:53:57,720 [WARN] ModelIntegratedComponent:63 - No mode defined for component null
2025-08-30 12:53:57,720 [WARN] ModelIntegratedComponent:63 - No mode defined for component null
2025-08-30 12:53:57,720 [WARN] ModelIntegratedComponent:63 - No mode defined for component null
2025-08-30 12:53:57,720 [WARN] ModelIntegratedComponent:63 - No mode defined for component null
2025-08-30 12:53:57,721 [WARN] ModelIntegratedComponent:63 - No mode defined for component null
2025-08-30 12:53:57,721 [WARN] ModelIntegratedComponent:63 - No mode defined for component null
2025-08-30 12:53:57,721 [WARN] ModelIntegratedComponent:63 - No mode defined for component null
2025-08-30 12:53:57,721 [WARN] ModelIntegratedComponent:63 - No mode defined for component null
2025-08-30 12:53:57,721 [WARN] ModelIntegratedComponent:63 - No mode defined for component null
2025-08-30 12:53:57,721 [WARN] ModelIntegratedComponent:63 - No mode defined for component null
2025-08-30 12:53:57,721 [WARN] ModelIntegratedComponent:63 - No mode defined for component null
2025-08-30 12:53:57,721 [WARN] ModelIntegratedComponent:63 - No mode defined for component null
2025-08-30 12:53:57,721 [WARN] ModelIntegratedComponent:63 - No mode defined for component null
2025-08-30 12:53:57,721 [WARN] ModelIntegratedComponent:63 - No mode defined for component null
2025-08-30 12:53:57,721 [WARN] ModelIntegratedComponent:63 - No mode defined for component null
2025-08-30 12:53:57,721 [WARN] ModelIntegratedComponent:63 - No mode defined for component null
2025-08-30 12:53:57,722 [WARN] ModelIntegratedComponent:63 - No mode defined for component null
2025-08-30 12:53:57,722 [WARN] ModelIntegratedComponent:63 - No mode defined for component null
2025-08-30 12:53:57,722 [WARN] ModelIntegratedComponent:63 - No mode defined for component null
2025-08-30 12:53:57,722 [WARN] ModelIntegratedComponent:63 - No mode defined for component null
2025-08-30 12:53:57,722 [WARN] ModelIntegratedComponent:63 - No mode defined for component null
2025-08-30 12:53:57,722 [WARN] ModelIntegratedComponent:63 - No mode defined for component null
2025-08-30 12:53:57,722 [WARN] ModelIntegratedComponent:63 - No mode defined for component null
2025-08-30 12:53:57,722 [WARN] ModelIntegratedComponent:63 - No mode defined for component null
2025-08-30 12:53:57,722 [WARN] ModelIntegratedComponent:63 - No mode defined for component null
2025-08-30 12:53:57,722 [WARN] ModelIntegratedComponent:63 - No mode defined for component null
2025-08-30 12:53:57,722 [WARN] ModelIntegratedComponent:63 - No mode defined for component null
2025-08-30 12:53:57,723 [WARN] ModelIntegratedComponent:63 - No mode defined for component null
2025-08-30 12:53:57,723 [WARN] ModelIntegratedComponent:63 - No mode defined for component null
2025-08-30 12:53:57,723 [WARN] ModelIntegratedComponent:63 - No mode defined for component null
2025-08-30 12:53:58,699 [INFO] ThirdPartyModel:298 - Start build external matchings
2025-08-30 12:54:01,913 [INFO] ThirdPartyModel:316 - End build external matchings
2025-08-30 12:54:02,603 [INFO] UtilMem:75 - End LoadConfig() Used Memory: 642898840 Bytes (770703360)
2025-08-30 12:54:02,634 [WARN] ThirdParty:833 - waiting for thirdparty lock release [change project]
2025-08-30 12:54:02,636 [INFO] ThirdParty:835 - entering critical section [change project]
2025-08-30 12:54:02,637 [INFO] ThirdParty:1030 - CMSIS Pack Vendor :STMicroelectronics X-CUBE-PM33A1 1.0.0
2025-08-30 12:54:02,638 [INFO] ThirdParty:1030 - CMSIS Pack Vendor :STMicroelectronics X-CUBE-AZRTOS-H7 3.3.0
2025-08-30 12:54:02,643 [INFO] ThirdParty:1030 - CMSIS Pack Vendor :STMicroelectronics X-CUBE-NFC9 1.0.0
2025-08-30 12:54:02,644 [INFO] ThirdParty:1030 - CMSIS Pack Vendor :STMicroelectronics USB_HOST 2.0.0
2025-08-30 12:54:02,644 [INFO] ThirdParty:1030 - CMSIS Pack Vendor :STMicroelectronics FP-SNS-MOTENVWB1 1.4.0
2025-08-30 12:54:02,644 [INFO] ThirdParty:1030 - CMSIS Pack Vendor :STMicroelectronics X-CUBE-AZRTOS-F4 1.1.0
2025-08-30 12:54:02,644 [INFO] ThirdParty:1030 - CMSIS Pack Vendor :STMicroelectronics LIBJPEG 8.0.0
2025-08-30 12:54:02,644 [INFO] ThirdParty:1030 - CMSIS Pack Vendor :STMicroelectronics FP-ATR-ASTRA1 2.0.2
2025-08-30 12:54:02,644 [INFO] ThirdParty:1030 - CMSIS Pack Vendor :STMicroelectronics FP-ATR-ASTRA1 2.0.1
2025-08-30 12:54:02,644 [INFO] ThirdParty:1030 - CMSIS Pack Vendor :STMicroelectronics X-CUBE-BLE1 7.1.0
2025-08-30 12:54:02,644 [INFO] ThirdParty:1030 - CMSIS Pack Vendor :STMicroelectronics X-CUBE-SMBUS 2.1.0
2025-08-30 12:54:02,644 [INFO] ThirdParty:1030 - CMSIS Pack Vendor :STMicroelectronics X-CUBE-WB05N 1.1.0
2025-08-30 12:54:02,644 [INFO] ThirdParty:1030 - CMSIS Pack Vendor :STMicroelectronics USB_DEVICE 3.0.0
2025-08-30 12:54:02,644 [INFO] ThirdParty:1030 - CMSIS Pack Vendor :STMicroelectronics X-CUBE-ISPU 2.1.0
2025-08-30 12:54:02,644 [INFO] ThirdParty:1030 - CMSIS Pack Vendor :STMicroelectronics X-CUBE-EEPRMA1 5.2.0
2025-08-30 12:54:02,644 [INFO] ThirdParty:1030 - CMSIS Pack Vendor :STMicroelectronics X-CUBE-AZRTOS-WB 2.0.0
2025-08-30 12:54:02,645 [INFO] ThirdParty:1030 - CMSIS Pack Vendor :STMicroelectronics X-CUBE-GNSS1 7.0.1
2025-08-30 12:54:02,645 [INFO] ThirdParty:1030 - CMSIS Pack Vendor :STMicroelectronics X-CUBE-NFC12 1.0.0
2025-08-30 12:54:02,645 [INFO] ThirdParty:1030 - CMSIS Pack Vendor :STMicroelectronics X-CUBE-AZRTOS-F7 1.1.0
2025-08-30 12:54:02,645 [INFO] ThirdParty:1030 - CMSIS Pack Vendor :STMicroelectronics X-CUBE-AZRTOS-L5 2.0.0
2025-08-30 12:54:02,645 [INFO] ThirdParty:1030 - CMSIS Pack Vendor :STMicroelectronics X-CUBE-TOUCHGFX 4.25.0
2025-08-30 12:54:02,645 [INFO] ThirdParty:1030 - CMSIS Pack Vendor :STMicroelectronics USB_DEVICE 2.0.0
2025-08-30 12:54:02,645 [INFO] ThirdParty:1030 - CMSIS Pack Vendor :STMicroelectronics X-CUBE-NFC6 3.1.0
2025-08-30 12:54:02,645 [INFO] ThirdParty:1030 - CMSIS Pack Vendor :STMicroelectronics X-CUBE-MEMS1 11.2.0
2025-08-30 12:54:02,645 [INFO] ThirdParty:1030 - CMSIS Pack Vendor :STMicroelectronics FreeRTOS 0.0.1
2025-08-30 12:54:02,645 [INFO] ThirdParty:1030 - CMSIS Pack Vendor :STMicroelectronics X-CUBE-AZRTOS-G0 1.1.0
2025-08-30 12:54:02,645 [INFO] ThirdParty:1030 - CMSIS Pack Vendor :STMicroelectronics X-CUBE-SAFEA1 1.2.2
2025-08-30 12:54:02,645 [INFO] ThirdParty:1030 - CMSIS Pack Vendor :STMicroelectronics X-CUBE-NFC4 3.0.0
2025-08-30 12:54:02,645 [INFO] ThirdParty:1030 - CMSIS Pack Vendor :STMicroelectronics X-CUBE-SUBG2 5.0.0
2025-08-30 12:54:02,645 [INFO] ThirdParty:1030 - CMSIS Pack Vendor :STMicroelectronics X-CUBE-AZRTOS-H7RS 1.1.0
2025-08-30 12:54:02,645 [INFO] ThirdParty:1030 - CMSIS Pack Vendor :STMicroelectronics STM32_WPAN 1.0.0
2025-08-30 12:54:02,648 [INFO] ThirdParty:1030 - CMSIS Pack Vendor :STMicroelectronics lwIP 2.0.3
2025-08-30 12:54:02,648 [INFO] ThirdParty:1030 - CMSIS Pack Vendor :STMicroelectronics FP-SNS-FLIGHT1 5.0.2
2025-08-30 12:54:02,652 [INFO] ThirdParty:1030 - CMSIS Pack Vendor :Cesanta I-CUBE-Mongoose 7.13.0
2025-08-30 12:54:02,652 [INFO] ThirdParty:1030 - CMSIS Pack Vendor :STMicroelectronics USB_HOST 1.0.0
2025-08-30 12:54:02,652 [INFO] ThirdParty:1030 - CMSIS Pack Vendor :STMicroelectronics X-CUBE-AZRTOS-G4 2.0.0
2025-08-30 12:54:02,652 [INFO] ThirdParty:1030 - CMSIS Pack Vendor :STMicroelectronics X-CUBE-WB05N 2.0.0
2025-08-30 12:54:02,652 [INFO] ThirdParty:1030 - CMSIS Pack Vendor :STMicroelectronics PDM2PCM 3.1.0
2025-08-30 12:54:02,652 [INFO] ThirdParty:1030 - CMSIS Pack Vendor :STMicroelectronics PDM2PCM 3.3.0
2025-08-30 12:54:02,652 [INFO] ThirdParty:1030 - CMSIS Pack Vendor :STMicroelectronics X-CUBE-AZRTOS-H7 3.4.0
2025-08-30 12:54:02,653 [INFO] ThirdParty:1030 - CMSIS Pack Vendor :STMicroelectronics X-CUBE-DISPLAY 3.0.0
2025-08-30 12:54:02,653 [INFO] ThirdParty:1030 - CMSIS Pack Vendor :STMicroelectronics X-CUBE-NFC7 2.0.0
2025-08-30 12:54:02,653 [INFO] ThirdParty:1030 - CMSIS Pack Vendor :STMicroelectronics X-CUBE-BLE1 7.0.0
2025-08-30 12:54:02,653 [INFO] ThirdParty:1030 - CMSIS Pack Vendor :STMicroelectronics FP-ATR-SIGFOX1 3.2.0
2025-08-30 12:54:02,653 [INFO] ThirdParty:1030 - CMSIS Pack Vendor :STMicroelectronics X-CUBE-NFC10 1.0.0
2025-08-30 12:54:02,653 [INFO] ThirdParty:1030 - CMSIS Pack Vendor :STMicroelectronics X-CUBE-EEPRMA1 5.1.0
2025-08-30 12:54:02,653 [INFO] ThirdParty:1030 - CMSIS Pack Vendor :STMicroelectronics X-CUBE-FREERTOS 1.3.1
2025-08-30 12:54:02,653 [INFO] ThirdParty:1030 - CMSIS Pack Vendor :STMicroelectronics HAL Drivers 0.0.0
2025-08-30 12:54:02,654 [INFO] ThirdParty:1030 - CMSIS Pack Vendor :STMicroelectronics MBEDTLS 2.16.2
2025-08-30 12:54:02,655 [INFO] ThirdParty:1030 - CMSIS Pack Vendor :STMicroelectronics X-CUBE-ALS 1.0.2
2025-08-30 12:54:02,655 [INFO] ThirdParty:1030 - CMSIS Pack Vendor :emotas I-CUBE-CANOPEN 1.3.0
2025-08-30 12:54:02,655 [INFO] ThirdParty:1030 - CMSIS Pack Vendor :STMicroelectronics X-CUBE-FREERTOS 1.3.0
2025-08-30 12:54:02,655 [INFO] ThirdParty:1030 - CMSIS Pack Vendor :STMicroelectronics X-CUBE-NFC7 1.0.1
2025-08-30 12:54:02,655 [INFO] ThirdParty:1030 - CMSIS Pack Vendor :STMicroelectronics MBEDTLS 2.14.1
2025-08-30 12:54:02,655 [INFO] ThirdParty:1030 - CMSIS Pack Vendor :wolfSSL I-CUBE-wolfSSL 5.7.6
2025-08-30 12:54:02,655 [INFO] ThirdParty:1030 - CMSIS Pack Vendor :ITTIA_DB I-CUBE-ITTIADB 8.9.0
2025-08-30 12:54:02,655 [INFO] ThirdParty:1030 - CMSIS Pack Vendor :STMicroelectronics X-CUBE-TOUCHGFX 4.24.2
2025-08-30 12:54:02,656 [INFO] ThirdParty:1030 - CMSIS Pack Vendor :wolfSSL I-CUBE-wolfTPM 3.4.0
2025-08-30 12:54:02,656 [INFO] ThirdParty:1030 - CMSIS Pack Vendor :portGmbH I-Cube-SoM-uGOAL 1.1.0
2025-08-30 12:54:02,656 [INFO] ThirdParty:1030 - CMSIS Pack Vendor :STMicroelectronics X-CUBE-AI 10.0.0
2025-08-30 12:54:02,656 [INFO] ThirdParty:1030 - CMSIS Pack Vendor :STMicroelectronics X-CUBE-AI 10.2.0
2025-08-30 12:54:02,656 [INFO] ThirdParty:1030 - CMSIS Pack Vendor :STMicroelectronics ThreadX 1.0.0
2025-08-30 12:54:02,656 [INFO] ThirdParty:1030 - CMSIS Pack Vendor :STMicroelectronics FP-SNS-SMARTAG2 1.2.0
2025-08-30 12:54:02,656 [INFO] ThirdParty:1030 - CMSIS Pack Vendor :STMicroelectronics X-CUBE-MEMS1 11.1.0
2025-08-30 12:54:02,656 [INFO] ThirdParty:1030 - CMSIS Pack Vendor :STMicroelectronics X-CUBE-AZRTOS-WL 2.0.0
2025-08-30 12:54:02,656 [INFO] ThirdParty:1030 - CMSIS Pack Vendor :SEGGER I-CUBE-embOS 1.3.1
2025-08-30 12:54:02,656 [INFO] ThirdParty:1030 - CMSIS Pack Vendor :STMicroelectronics X-CUBE-ALGOBUILD 1.4.0
2025-08-30 12:54:02,656 [INFO] ThirdParty:1030 - CMSIS Pack Vendor :STMicroelectronics X-CUBE-MEMS1 11.3.0
2025-08-30 12:54:02,656 [INFO] ThirdParty:1030 - CMSIS Pack Vendor :STMicroelectronics FP-SNS-MOTENV1 5.0.0
2025-08-30 12:54:02,656 [INFO] ThirdParty:1030 - CMSIS Pack Vendor :STMicroelectronics USB_DEVICE 1.0.0
2025-08-30 12:54:02,656 [INFO] ThirdParty:1030 - CMSIS Pack Vendor :STMicroelectronics X-CUBE-AZRTOS-H7RS 1.0.0
2025-08-30 12:54:02,656 [INFO] ThirdParty:1030 - CMSIS Pack Vendor :wolfSSL I-CUBE-wolfMQTT 1.19.0
2025-08-30 12:54:02,657 [INFO] ThirdParty:1030 - CMSIS Pack Vendor :STMicroelectronics X-CUBE-AZRTOS-L4 2.0.0
2025-08-30 12:54:02,657 [INFO] ThirdParty:1030 - CMSIS Pack Vendor :STMicroelectronics ThreadX 0.0.2
2025-08-30 12:54:02,657 [INFO] ThirdParty:1030 - CMSIS Pack Vendor :WES I-CUBE-Cesium 1.3.0
2025-08-30 12:54:02,657 [INFO] ThirdParty:1030 - CMSIS Pack Vendor :STMicroelectronics lwIP 2.1.2
2025-08-30 12:54:02,657 [INFO] ThirdParty:1030 - CMSIS Pack Vendor :STMicroelectronics X-CUBE-SFXS2LP1 4.0.0
2025-08-30 12:54:02,657 [INFO] ThirdParty:1030 - CMSIS Pack Vendor :STMicroelectronics X-CUBE-BLE2 3.3.0
2025-08-30 12:54:02,660 [INFO] ThirdParty:1030 - CMSIS Pack Vendor :STMicroelectronics PDM2PCM 3.2.0
2025-08-30 12:54:02,660 [INFO] ThirdParty:1030 - CMSIS Pack Vendor :wolfSSL I-CUBE-wolfSSH 1.4.17
2025-08-30 12:54:02,660 [INFO] ThirdParty:841 - exiting critical section [change project]
2025-08-30 12:54:05,168 [INFO] PinOutPanel:1499 - setPackage(No Configuration,No Configuration)
2025-08-30 12:54:05,336 [INFO] PinOutPanel:1499 - setPackage(STM32F103C8Tx,LQFP48)
2025-08-30 12:54:08,757 [INFO] UtilMem:75 - Before build in PCC Used Memory: 662575840 Bytes (770703360)
2025-08-30 12:54:11,941 [INFO] UtilMem:75 - After build in PCC Used Memory: 681046104 Bytes (770703360)
2025-08-30 12:54:12,133 [INFO] IPUIPlugin:80 - create IPUIPlugin
2025-08-30 12:54:12,134 [INFO] IPUIPlugin:80 - create IPUIPlugin
2025-08-30 12:54:12,134 [INFO] IPUIPlugin:80 - create IPUIPlugin
2025-08-30 12:54:12,134 [INFO] IPUIPlugin:80 - create IPUIPlugin
2025-08-30 12:54:12,134 [INFO] IPUIPlugin:80 - create IPUIPlugin
2025-08-30 12:54:12,135 [INFO] IPUIPlugin:80 - create IPUIPlugin
2025-08-30 12:54:12,135 [INFO] IPUIPlugin:80 - create IPUIPlugin
2025-08-30 12:54:12,135 [INFO] IPUIPlugin:80 - create IPUIPlugin
2025-08-30 12:54:12,141 [INFO] IPUIPlugin:80 - create IPUIPlugin
2025-08-30 12:54:12,141 [INFO] IPUIPlugin:80 - create IPUIPlugin
2025-08-30 12:54:12,142 [INFO] IPUIPlugin:80 - create IPUIPlugin
2025-08-30 12:54:12,142 [INFO] IPUIPlugin:80 - create IPUIPlugin
2025-08-30 12:54:12,143 [INFO] IPUIPlugin:80 - create IPUIPlugin
2025-08-30 12:54:12,143 [INFO] IPUIPlugin:80 - create IPUIPlugin
2025-08-30 12:54:12,144 [INFO] IPUIPlugin:80 - create IPUIPlugin
2025-08-30 12:54:12,144 [INFO] IPUIPlugin:80 - create IPUIPlugin
2025-08-30 12:54:12,153 [INFO] IPUIPlugin:80 - create IPUIPlugin
2025-08-30 12:54:12,153 [INFO] IPUIPlugin:80 - create IPUIPlugin
2025-08-30 12:54:12,153 [INFO] IPUIPlugin:80 - create IPUIPlugin
2025-08-30 12:54:12,154 [INFO] IPUIPlugin:80 - create IPUIPlugin
2025-08-30 12:54:12,154 [INFO] IPUIPlugin:80 - create IPUIPlugin
2025-08-30 12:54:12,154 [INFO] IPUIPlugin:80 - create IPUIPlugin
2025-08-30 12:54:12,155 [INFO] IPUIPlugin:80 - create IPUIPlugin
2025-08-30 12:54:12,155 [INFO] IPUIPlugin:80 - create IPUIPlugin
2025-08-30 12:54:12,159 [INFO] IPUIPlugin:80 - create IPUIPlugin
2025-08-30 12:54:12,160 [INFO] IPUIPlugin:80 - create IPUIPlugin
2025-08-30 12:54:12,160 [INFO] IPUIPlugin:80 - create IPUIPlugin
2025-08-30 12:54:12,881 [INFO] CADModel:165 - CPN selected for project levelSTM32F103C8T6
2025-08-30 12:54:12,881 [INFO] CADModel:114 - Register for checkConnection events
2025-08-30 12:54:12,924 [INFO] OpenFileManager:328 - Restore cursor
2025-08-30 12:54:21,550 [INFO] UtilMem:75 - End SaveConfig() Used Memory: 677597672 Bytes (770703360)
2025-08-30 12:54:21,714 [INFO] UtilMem:75 - End SaveConfig() Used Memory: 647406464 Bytes (770703360)
2025-08-30 12:54:23,531 [INFO] BlockDiagram:2759 - set Specific Code input for plugin: NVIC
2025-08-30 12:54:23,531 [INFO] BlockDiagram:2759 - set Specific Code input for plugin: RCC
2025-08-30 12:54:23,548 [INFO] CodeGenerator:793 - code generatio: config db path: /app/stm32cubeide/plugins/com.st.stm32cube.common.mx_6.8.0.202302231600//db/
2025-08-30 12:54:25,261 [INFO] CodeEngine:255 - oldGeneratedFile, /home/ziad/Ziad_WS/Cyber_Track_Software/UART_DRIVER/uart_module/MXTmpFiles/license.tmp_save
2025-08-30 12:54:27,705 [INFO] CodeEngine:279 - Generated code: /home/ziad/Ziad_WS/Cyber_Track_Software/UART_DRIVER/uart_module/MXTmpFiles/license.tmp
2025-08-30 12:54:27,728 [INFO] CodeEngine:255 - oldGeneratedFile, /home/ziad/Ziad_WS/Cyber_Track_Software/UART_DRIVER/uart_module/Core/Src/stm32f1xx_it.c_save
2025-08-30 12:54:28,232 [INFO] CodeEngine:279 - Generated code: /home/ziad/Ziad_WS/Cyber_Track_Software/UART_DRIVER/uart_module/Core/Src/stm32f1xx_it.c
2025-08-30 12:54:28,237 [INFO] CodeEngine:255 - oldGeneratedFile, /home/ziad/Ziad_WS/Cyber_Track_Software/UART_DRIVER/uart_module/Core/Inc/stm32f1xx_it.h_save
2025-08-30 12:54:28,545 [INFO] CodeEngine:279 - Generated code: /home/ziad/Ziad_WS/Cyber_Track_Software/UART_DRIVER/uart_module/Core/Inc/stm32f1xx_it.h
2025-08-30 12:54:28,736 [INFO] CodeEngine:255 - oldGeneratedFile, /home/ziad/Ziad_WS/Cyber_Track_Software/UART_DRIVER/uart_module/Core/Src/stm32f1xx_hal_msp.c_save
2025-08-30 12:54:29,066 [INFO] CodeEngine:279 - Generated code: /home/ziad/Ziad_WS/Cyber_Track_Software/UART_DRIVER/uart_module/Core/Src/stm32f1xx_hal_msp.c
2025-08-30 12:54:29,069 [INFO] CodeEngine:255 - oldGeneratedFile, /home/ziad/Ziad_WS/Cyber_Track_Software/UART_DRIVER/uart_module/MXTmpFiles/system.tmp_save
2025-08-30 12:54:29,287 [INFO] CodeEngine:279 - Generated code: /home/ziad/Ziad_WS/Cyber_Track_Software/UART_DRIVER/uart_module/MXTmpFiles/system.tmp
2025-08-30 12:54:29,297 [INFO] CodeEngine:311 - oldGeneratedFile, /home/ziad/Ziad_WS/Cyber_Track_Software/UART_DRIVER/uart_module/Core/Inc/stm32f1xx_hal_conf.h_save
2025-08-30 12:54:29,420 [INFO] CodeEngine:335 - Generated code: /home/ziad/Ziad_WS/Cyber_Track_Software/UART_DRIVER/uart_module/Core/Inc/stm32f1xx_hal_conf.h
2025-08-30 12:54:29,476 [INFO] CodeEngine:255 - oldGeneratedFile, /home/ziad/Ziad_WS/Cyber_Track_Software/UART_DRIVER/uart_module/Core/Inc/main.h_save
2025-08-30 12:54:29,728 [INFO] CodeEngine:279 - Generated code: /home/ziad/Ziad_WS/Cyber_Track_Software/UART_DRIVER/uart_module/Core/Inc/main.h
2025-08-30 12:54:29,733 [INFO] CodeEngine:255 - oldGeneratedFile, /home/ziad/Ziad_WS/Cyber_Track_Software/UART_DRIVER/uart_module/Core/Src/main.c_save
2025-08-30 12:54:30,009 [INFO] CodeEngine:279 - Generated code: /home/ziad/Ziad_WS/Cyber_Track_Software/UART_DRIVER/uart_module/Core/Src/main.c
2025-08-30 12:54:32,182 [INFO] ProjectBuilder:2996 - Time for Copy HAL[1] : 387mS.
2025-08-30 12:54:32,280 [INFO] ProjectBuilder:4304 - Project Generator version: 3.19.2
2025-08-30 12:54:34,196 [INFO] ConfigFileManager:1483 - The Die is : DIE410
2025-08-30 12:54:34,709 [INFO] ApiDbMcu:507 - Load IP Config File for FATFS
2025-08-30 12:54:35,050 [INFO] ApiDbMcu:507 - Load IP Config File for FREERTOS
2025-08-30 12:54:35,264 [INFO] ApiDbMcu:507 - Load IP Config File for USB_DEVICE
2025-08-30 12:54:38,331 [INFO] LogOutputStream:77 - [STDOUT_REDIRECT] 
2025-08-30 12:54:49,906 [INFO] ProjectBuilder:4505 - Time for Generating toolchain IDE Files: 17623mS.
2025-08-30 12:54:49,911 [INFO] ProjectBuilder:2867 - Time for Copy CMSIS : 4mS.
2025-08-30 12:54:49,913 [INFO] ProjectBuilder:2867 - Time for Copy CMSIS : 0mS.
2025-08-30 12:54:51,748 [INFO] McuFinderGlobals:66 - Set McuFinderConnectedMode to true
2025-08-30 12:54:51,759 [INFO] ApiDb:448 - Save user favorites file /home/ziad/.stm32cubeide/favorites.mcus.txt: 2 item(s)
2025-08-30 12:54:51,761 [INFO] ApiDb:452 - User favorites MCUs=[STM32F103C8T6, STM32F405RGT6]
2025-08-30 12:55:19,448 [INFO] UtilMem:75 - End SaveConfig() Used Memory: 798185720 Bytes (1070596096)
2025-08-30 12:55:27,294 [INFO] UtilMem:75 - End SaveConfig() Used Memory: 645225984 Bytes (1070596096)
2025-08-30 12:55:39,725 [INFO] UtilMem:75 - End SaveConfig() Used Memory: 809204456 Bytes (1070596096)
2025-08-30 12:55:40,304 [INFO] BlockDiagram:2759 - set Specific Code input for plugin: NVIC
2025-08-30 12:55:40,304 [INFO] BlockDiagram:2759 - set Specific Code input for plugin: SYS
2025-08-30 12:55:40,304 [INFO] BlockDiagram:2759 - set Specific Code input for plugin: GPIO
2025-08-30 12:55:40,305 [INFO] BlockDiagram:2759 - set Specific Code input for plugin: RCC
2025-08-30 12:55:40,307 [INFO] CodeGenerator:793 - code generatio: config db path: /app/stm32cubeide/plugins/com.st.stm32cube.common.mx_6.8.0.202302231600//db/
2025-08-30 12:55:40,786 [INFO] CodeEngine:255 - oldGeneratedFile, /home/ziad/Ziad_WS/Cyber_Track_Software/UART_DRIVER/uart_module/MXTmpFiles/license.tmp_save
2025-08-30 12:55:40,970 [INFO] CodeEngine:279 - Generated code: /home/ziad/Ziad_WS/Cyber_Track_Software/UART_DRIVER/uart_module/MXTmpFiles/license.tmp
2025-08-30 12:55:40,992 [INFO] CodeEngine:255 - oldGeneratedFile, /home/ziad/Ziad_WS/Cyber_Track_Software/UART_DRIVER/uart_module/MXTmpFiles/gpio.tmp_save
2025-08-30 12:55:41,180 [INFO] CodeEngine:279 - Generated code: /home/ziad/Ziad_WS/Cyber_Track_Software/UART_DRIVER/uart_module/MXTmpFiles/gpio.tmp
2025-08-30 12:55:41,206 [INFO] CodeEngine:255 - oldGeneratedFile, /home/ziad/Ziad_WS/Cyber_Track_Software/UART_DRIVER/uart_module/Core/Src/stm32f1xx_it.c_save
2025-08-30 12:55:41,412 [INFO] CodeEngine:279 - Generated code: /home/ziad/Ziad_WS/Cyber_Track_Software/UART_DRIVER/uart_module/Core/Src/stm32f1xx_it.c
2025-08-30 12:55:41,414 [INFO] CodeEngine:255 - oldGeneratedFile, /home/ziad/Ziad_WS/Cyber_Track_Software/UART_DRIVER/uart_module/Core/Inc/stm32f1xx_it.h_save
2025-08-30 12:55:41,570 [INFO] CodeEngine:279 - Generated code: /home/ziad/Ziad_WS/Cyber_Track_Software/UART_DRIVER/uart_module/Core/Inc/stm32f1xx_it.h
2025-08-30 12:55:41,575 [INFO] CodeEngine:255 - oldGeneratedFile, /home/ziad/Ziad_WS/Cyber_Track_Software/UART_DRIVER/uart_module/Core/Src/stm32f1xx_hal_msp.c_save
2025-08-30 12:55:41,818 [INFO] CodeEngine:279 - Generated code: /home/ziad/Ziad_WS/Cyber_Track_Software/UART_DRIVER/uart_module/Core/Src/stm32f1xx_hal_msp.c
2025-08-30 12:55:41,820 [INFO] CodeEngine:255 - oldGeneratedFile, /home/ziad/Ziad_WS/Cyber_Track_Software/UART_DRIVER/uart_module/MXTmpFiles/system.tmp_save
2025-08-30 12:55:41,955 [INFO] CodeEngine:279 - Generated code: /home/ziad/Ziad_WS/Cyber_Track_Software/UART_DRIVER/uart_module/MXTmpFiles/system.tmp
2025-08-30 12:55:41,961 [INFO] CodeEngine:311 - oldGeneratedFile, /home/ziad/Ziad_WS/Cyber_Track_Software/UART_DRIVER/uart_module/Core/Inc/stm32f1xx_hal_conf.h_save
2025-08-30 12:55:42,104 [INFO] CodeEngine:335 - Generated code: /home/ziad/Ziad_WS/Cyber_Track_Software/UART_DRIVER/uart_module/Core/Inc/stm32f1xx_hal_conf.h
2025-08-30 12:55:42,157 [INFO] CodeEngine:255 - oldGeneratedFile, /home/ziad/Ziad_WS/Cyber_Track_Software/UART_DRIVER/uart_module/Core/Inc/main.h_save
2025-08-30 12:55:42,332 [INFO] CodeEngine:279 - Generated code: /home/ziad/Ziad_WS/Cyber_Track_Software/UART_DRIVER/uart_module/Core/Inc/main.h
2025-08-30 12:55:42,337 [INFO] CodeEngine:255 - oldGeneratedFile, /home/ziad/Ziad_WS/Cyber_Track_Software/UART_DRIVER/uart_module/Core/Src/main.c_save
2025-08-30 12:55:42,717 [INFO] CodeEngine:279 - Generated code: /home/ziad/Ziad_WS/Cyber_Track_Software/UART_DRIVER/uart_module/Core/Src/main.c
2025-08-30 12:55:43,736 [INFO] ProjectBuilder:2996 - Time for Copy HAL[1] : 105mS.
2025-08-30 12:55:43,738 [INFO] ProjectBuilder:4304 - Project Generator version: 3.19.2
2025-08-30 12:55:44,259 [INFO] ConfigFileManager:1483 - The Die is : DIE410
2025-08-30 12:55:47,431 [INFO] ProjectBuilder:4505 - Time for Generating toolchain IDE Files: 3693mS.
2025-08-30 12:55:47,432 [INFO] ProjectBuilder:2867 - Time for Copy CMSIS : 1mS.
2025-08-30 12:55:47,432 [INFO] ProjectBuilder:2867 - Time for Copy CMSIS : 0mS.
2025-08-30 12:58:48,179 [ERROR] ConfigurationRetriever:142 - IOException on connection: connect timed out
2025-08-30 13:39:56,638 [INFO] Activator:176 - 


2025-08-30 13:39:56,668 [INFO] Activator:177 - !SESSION log4j initialized
2025-08-30 13:40:06,166 [INFO] LogOutputStream:77 - [STDOUT_REDIRECT] 
2025-08-30 13:40:27,517 [ERROR] LogOutputStream:75 - [STDERR_REDIRECT] SLF4J: Failed to load class "org.slf4j.impl.StaticLoggerBinder".
2025-08-30 13:40:27,517 [ERROR] LogOutputStream:75 - [STDERR_REDIRECT] SLF4J: Defaulting to no-operation (NOP) logger implementation
2025-08-30 13:40:27,518 [ERROR] LogOutputStream:75 - [STDERR_REDIRECT] SLF4J: See http://www.slf4j.org/codes.html#StaticLoggerBinder for further details.
