2025-09-02 13:56:27,366 [INFO] Activator:176 - 


2025-09-02 13:56:27,373 [INFO] Activator:177 - !SESSION log4j initialized
2025-09-02 13:56:36,469 [INFO] LogOutputStream:77 - [STDOUT_REDIRECT] 
2025-09-02 13:56:57,597 [ERROR] LogOutputStream:75 - [STDERR_REDIRECT] SLF4J: Failed to load class "org.slf4j.impl.StaticLoggerBinder".
2025-09-02 13:56:57,598 [ERROR] LogOutputStream:75 - [STDERR_REDIRECT] SLF4J: Defaulting to no-operation (NOP) logger implementation
2025-09-02 13:56:57,599 [ERROR] LogOutputStream:75 - [STDERR_REDIRECT] SLF4J: See http://www.slf4j.org/codes.html#StaticLoggerBinder for further details.
2025-09-02 14:01:53,418 [INFO] ApplicationProperties:184 - Using Application install path: /app/stm32cubeide/plugins/com.st.stm32cube.common.mx_6.8.0.202302231600
2025-09-02 14:01:53,445 [INFO] DbMcusXml:78 - Set database path to: /app/stm32cubeide/plugins/com.st.stm32cube.common.mx_6.8.0.202302231600//db//mcu/
2025-09-02 14:01:53,445 [INFO] ApiDb:274 - Set plugin database path to: /app/stm32cubeide/plugins/com.st.stm32cube.common.mx_6.8.0.202302231600//db//plugins/boardmanager/
2025-09-02 14:01:53,450 [WARN] ApiDb:259 - Overriding images path with different value:  => /app/stm32cubeide/plugins/com.st.stm32cube.common.mx_6.8.0.202302231600//db//plugins/mcufinder/images/
2025-09-02 14:01:53,474 [INFO] ApiDb:250 - Set database path to: /home/ziad/.stmcufinder/plugins/mcufinder//mcu/
2025-09-02 14:01:53,476 [INFO] DbMcusAds:125 - Set database path to: /home/ziad/.stmcufinder/plugins/mcufinder//mcu/
2025-09-02 14:01:53,579 [INFO] CrossReferenceDbSqlite:203 - Set database path to: /home/ziad/.stmcufinder/plugins/mcufinder//mcu/cs/
2025-09-02 14:01:53,695 [INFO] RulesReader:64 - Compatibility file has been processed (293 Rules)
2025-09-02 14:01:53,786 [INFO] DbMcusXml:78 - Set database path to: /app/stm32cubeide/plugins/com.st.stm32cube.common.mx_6.8.0.202302231600//db//mcu/
2025-09-02 14:01:53,786 [INFO] ApiDb:274 - Set plugin database path to: /app/stm32cubeide/plugins/com.st.stm32cube.common.mx_6.8.0.202302231600//db//plugins/boardmanager/
2025-09-02 14:01:53,787 [INFO] ApiDb:261 - Set plugin images path to: /app/stm32cubeide/plugins/com.st.stm32cube.common.mx_6.8.0.202302231600//db//plugins/mcufinder/images/
2025-09-02 14:01:53,787 [WARN] DbFile:41 - Overriding database path with different value: /home/ziad/.stmcufinder/plugins/mcufinder/ => /home/ziad/.stmcufinder/plugins/mcufinder
2025-09-02 14:01:53,787 [INFO] ApiDb:250 - Set database path to: /home/ziad/.stmcufinder/plugins/mcufinder//mcu/
2025-09-02 14:01:53,787 [WARN] DbFile:41 - Overriding database path with different value: /home/ziad/.stmcufinder/plugins/mcufinder/ => /home/ziad/.stmcufinder/plugins/mcufinder
2025-09-02 14:01:53,787 [INFO] DbMcusAds:125 - Set database path to: /home/ziad/.stmcufinder/plugins/mcufinder//mcu/
2025-09-02 14:01:53,788 [WARN] DbFile:41 - Overriding database path with different value: /home/ziad/.stmcufinder/plugins/mcufinder/ => /home/ziad/.stmcufinder/plugins/mcufinder
2025-09-02 14:01:53,788 [WARN] DbFile:41 - Overriding database path with different value: /home/ziad/.stmcufinder/plugins/mcufinder/ => /home/ziad/.stmcufinder/plugins/mcufinder
2025-09-02 14:01:53,788 [INFO] CrossReferenceDbSqlite:203 - Set database path to: /home/ziad/.stmcufinder/plugins/mcufinder//mcu/cs/
2025-09-02 14:01:53,883 [INFO] MainPanel:253 - HeapMemory: 603979776
2025-09-02 14:01:54,026 [INFO] DbMcusXml:78 - Set database path to: /app/stm32cubeide/plugins/com.st.stm32cube.common.mx_6.8.0.202302231600//db//mcu/
2025-09-02 14:01:54,026 [INFO] ApiDb:274 - Set plugin database path to: /app/stm32cubeide/plugins/com.st.stm32cube.common.mx_6.8.0.202302231600//db//plugins/boardmanager/
2025-09-02 14:01:54,026 [INFO] ApiDb:261 - Set plugin images path to: /app/stm32cubeide/plugins/com.st.stm32cube.common.mx_6.8.0.202302231600//db//plugins/mcufinder/images/
2025-09-02 14:01:54,027 [WARN] DbFile:41 - Overriding database path with different value: /home/ziad/.stmcufinder/plugins/mcufinder/ => /home/ziad/.stmcufinder/plugins/mcufinder
2025-09-02 14:01:54,027 [INFO] ApiDb:250 - Set database path to: /home/ziad/.stmcufinder/plugins/mcufinder//mcu/
2025-09-02 14:01:54,027 [WARN] DbFile:41 - Overriding database path with different value: /home/ziad/.stmcufinder/plugins/mcufinder/ => /home/ziad/.stmcufinder/plugins/mcufinder
2025-09-02 14:01:54,027 [INFO] DbMcusAds:125 - Set database path to: /home/ziad/.stmcufinder/plugins/mcufinder//mcu/
2025-09-02 14:01:54,027 [WARN] DbFile:41 - Overriding database path with different value: /home/ziad/.stmcufinder/plugins/mcufinder/ => /home/ziad/.stmcufinder/plugins/mcufinder
2025-09-02 14:01:54,027 [WARN] DbFile:41 - Overriding database path with different value: /home/ziad/.stmcufinder/plugins/mcufinder/ => /home/ziad/.stmcufinder/plugins/mcufinder
2025-09-02 14:01:54,027 [INFO] CrossReferenceDbSqlite:203 - Set database path to: /home/ziad/.stmcufinder/plugins/mcufinder//mcu/cs/
2025-09-02 14:01:54,049 [INFO] ApplicationProperties:184 - Using Application install path: /app/stm32cubeide/plugins/com.st.stm32cube.common.mx_6.8.0.202302231600
2025-09-02 14:01:54,051 [INFO] PluginManage:196 - Search for loadable plugins [exclusion list=, ]
2025-09-02 14:01:54,054 [INFO] PluginManage:310 - Check plugin analytics
2025-09-02 14:01:54,237 [INFO] AnalyticsPlugin:253 - Accepted Software Licenses: 
2025-09-02 14:01:54,238 [INFO] AnalyticsPlugin:255 - Accepted CMSIS Pack Licenses: 
2025-09-02 14:01:54,238 [INFO] AnalyticsPlugin:257 - Accepted Firmware Licenses: FW.F4.1.27.0
2025-09-02 14:01:54,249 [INFO] PluginManage:359 - Loaded plugin analytics (category:tool,tabindex:-1)
2025-09-02 14:01:54,249 [INFO] PluginManage:310 - Check plugin cadmodel
2025-09-02 14:01:54,431 [INFO] CADModel:105 - Init CAD model plugin
2025-09-02 14:01:54,431 [INFO] PluginManage:359 - Loaded plugin cadmodel (category:power,tabindex:5)
2025-09-02 14:01:54,432 [INFO] PluginManage:310 - Check plugin clock
2025-09-02 14:01:54,445 [INFO] PluginManage:359 - Loaded plugin clock (category:base,tabindex:2)
2025-09-02 14:01:54,446 [INFO] PluginManage:310 - Check plugin ddr
2025-09-02 14:01:54,449 [INFO] PluginManage:359 - Loaded plugin ddr (category:tool,tabindex:6)
2025-09-02 14:01:54,449 [INFO] PluginManage:310 - Check plugin filemanager
2025-09-02 14:01:54,611 [INFO] PluginManage:359 - Loaded plugin filemanager (category:base,tabindex:10)
2025-09-02 14:01:54,611 [INFO] PluginManage:310 - Check plugin ipmanager
2025-09-02 14:01:54,617 [INFO] PluginManage:359 - Loaded plugin ipmanager (category:base,tabindex:5)
2025-09-02 14:01:54,617 [INFO] PluginManage:310 - Check plugin lpbam
2025-09-02 14:01:54,650 [INFO] PluginManage:359 - Loaded plugin lpbam (category:base,tabindex:0)
2025-09-02 14:01:54,650 [INFO] PluginManage:310 - Check plugin pinoutandconfiguration
2025-09-02 14:01:54,662 [INFO] PluginManage:359 - Loaded plugin pinoutandconfiguration (category:base,tabindex:1)
2025-09-02 14:01:54,662 [INFO] PluginManage:310 - Check plugin pinoutconfig
2025-09-02 14:01:54,787 [WARN] SupportedApi:132 - Cannot load RTOS API schema: s4s-elt-must-match.1: The content of 'definitions' must match (annotation?, (simpleType | complexType)?, (unique | key | keyref)*)). A problem was found starting at: attribute.
2025-09-02 14:01:54,995 [INFO] PluginManage:359 - Loaded plugin pinoutconfig (category:base,tabindex:0)
2025-09-02 14:01:54,995 [INFO] PluginManage:310 - Check plugin power
2025-09-02 14:01:55,011 [INFO] PluginManage:359 - Loaded plugin power (category:power,tabindex:4)
2025-09-02 14:01:55,011 [INFO] PluginManage:310 - Check plugin projectmanager
2025-09-02 14:01:55,037 [INFO] PluginManage:359 - Loaded plugin projectmanager (category:projectmanager,tabindex:3)
2025-09-02 14:01:55,038 [INFO] PluginManage:310 - Check plugin thirdparty
2025-09-02 14:01:55,226 [INFO] PluginManage:359 - Loaded plugin thirdparty (category:base,tabindex:-1)
2025-09-02 14:01:55,226 [INFO] PluginManage:310 - Check plugin tools
2025-09-02 14:01:55,227 [WARN] IntegrityCheckThread:84 - waiting for thirdparty lock release [integrity check]
2025-09-02 14:01:55,229 [INFO] IntegrityCheckThread:86 - entering critical section [integrity check]
2025-09-02 14:01:55,231 [INFO] PluginManage:359 - Loaded plugin tools (category:base,tabindex:7)
2025-09-02 14:01:55,231 [INFO] PluginManage:310 - Check plugin tutovideos
2025-09-02 14:01:55,232 [INFO] ThirdPartyUpdaterWithRetryManager:70 - Updater plugin not ready yet. [1/15]
2025-09-02 14:01:55,584 [INFO] PluginManage:359 - Loaded plugin tutovideos (category:base,tabindex:-1)
2025-09-02 14:01:55,585 [INFO] PluginManage:310 - Check plugin updater
2025-09-02 14:01:55,608 [INFO] PluginManage:359 - Loaded plugin updater (category:base,tabindex:12)
2025-09-02 14:01:55,609 [INFO] PluginManage:283 - PluginManage : Loaded plugins [15]
2025-09-02 14:01:55,956 [INFO] PinOutPanel:1499 - setPackage(No Configuration,No Configuration)
2025-09-02 14:01:56,038 [INFO] CADModel:165 - CPN selected for project level
2025-09-02 14:01:56,038 [INFO] CADModel:114 - Register for checkConnection events
2025-09-02 14:01:56,054 [INFO] IPUIPlugin:80 - create IPUIPlugin
2025-09-02 14:01:56,055 [INFO] PluginManager:220 - loadIPPluginJar : add dfsdm
2025-09-02 14:01:56,056 [INFO] IPUIPlugin:80 - create IPUIPlugin
2025-09-02 14:01:56,057 [INFO] PluginManager:220 - loadIPPluginJar : add fatfs
2025-09-02 14:01:56,059 [INFO] IPUIPlugin:80 - create IPUIPlugin
2025-09-02 14:01:56,059 [INFO] PluginManager:220 - loadIPPluginJar : add tracer_emb
2025-09-02 14:01:56,065 [INFO] IPUIPlugin:80 - create IPUIPlugin
2025-09-02 14:01:56,066 [INFO] PluginManager:220 - loadIPPluginJar : add hash
2025-09-02 14:01:56,072 [INFO] IPUIPlugin:80 - create IPUIPlugin
2025-09-02 14:01:56,072 [INFO] PluginManager:220 - loadIPPluginJar : add opamp
2025-09-02 14:01:56,074 [INFO] IPUIPlugin:80 - create IPUIPlugin
2025-09-02 14:01:56,074 [INFO] PluginManager:220 - loadIPPluginJar : add quadspi
2025-09-02 14:01:56,078 [INFO] IPUIPlugin:80 - create IPUIPlugin
2025-09-02 14:01:56,079 [INFO] PluginManager:220 - loadIPPluginJar : add openamp
2025-09-02 14:01:56,082 [INFO] IPUIPlugin:80 - create IPUIPlugin
2025-09-02 14:01:56,084 [INFO] PluginManager:220 - loadIPPluginJar : add ltdc
2025-09-02 14:01:56,090 [INFO] IPUIPlugin:80 - create IPUIPlugin
2025-09-02 14:01:56,090 [INFO] PluginManager:220 - loadIPPluginJar : add resmgrutility
2025-09-02 14:01:56,093 [INFO] IPUIPlugin:80 - create IPUIPlugin
2025-09-02 14:01:56,093 [INFO] PluginManager:220 - loadIPPluginJar : add gtzc
2025-09-02 14:01:56,096 [INFO] IPUIPlugin:80 - create IPUIPlugin
2025-09-02 14:01:56,097 [INFO] PluginManager:220 - loadIPPluginJar : add can
2025-09-02 14:01:56,104 [INFO] IPUIPlugin:80 - create IPUIPlugin
2025-09-02 14:01:56,104 [INFO] PluginManager:220 - loadIPPluginJar : add gic
2025-09-02 14:01:56,111 [INFO] IPUIPlugin:80 - create IPUIPlugin
2025-09-02 14:01:56,112 [INFO] PluginManager:220 - loadIPPluginJar : add gpio
2025-09-02 14:01:56,116 [INFO] IPUIPlugin:80 - create IPUIPlugin
2025-09-02 14:01:56,116 [INFO] PluginManager:220 - loadIPPluginJar : add i2c
2025-09-02 14:01:56,119 [INFO] IPUIPlugin:80 - create IPUIPlugin
2025-09-02 14:01:56,119 [INFO] PluginManager:220 - loadIPPluginJar : add gfxmmu
2025-09-02 14:01:56,124 [INFO] IPUIPlugin:80 - create IPUIPlugin
2025-09-02 14:01:56,124 [INFO] PluginManager:220 - loadIPPluginJar : add i3c
2025-09-02 14:01:56,131 [INFO] IPUIPlugin:80 - create IPUIPlugin
2025-09-02 14:01:56,132 [INFO] PluginManager:220 - loadIPPluginJar : add stm32_wpan
2025-09-02 14:01:56,138 [INFO] IPUIPlugin:80 - create IPUIPlugin
2025-09-02 14:01:56,138 [INFO] PluginManager:220 - loadIPPluginJar : add ipddr
2025-09-02 14:01:56,142 [INFO] IPUIPlugin:80 - create IPUIPlugin
2025-09-02 14:01:56,142 [INFO] PluginManager:220 - loadIPPluginJar : add i2s
2025-09-02 14:01:56,146 [INFO] IPUIPlugin:80 - create IPUIPlugin
2025-09-02 14:01:56,146 [INFO] PluginManager:220 - loadIPPluginJar : add pdm2pcm
2025-09-02 14:01:56,154 [INFO] IPUIPlugin:80 - create IPUIPlugin
2025-09-02 14:01:56,155 [INFO] PluginManager:220 - loadIPPluginJar : add freertos
2025-09-02 14:01:56,158 [INFO] IPUIPlugin:80 - create IPUIPlugin
2025-09-02 14:01:56,158 [INFO] PluginManager:220 - loadIPPluginJar : add aes
2025-09-02 14:01:56,160 [INFO] IPUIPlugin:80 - create IPUIPlugin
2025-09-02 14:01:56,161 [INFO] PluginManager:220 - loadIPPluginJar : add tim
2025-09-02 14:01:56,163 [INFO] IPUIPlugin:80 - create IPUIPlugin
2025-09-02 14:01:56,163 [INFO] PluginManager:220 - loadIPPluginJar : add ucpd
2025-09-02 14:01:56,168 [INFO] IPUIPlugin:80 - create IPUIPlugin
2025-09-02 14:01:56,168 [INFO] PluginManager:220 - loadIPPluginJar : add usart
2025-09-02 14:01:56,173 [INFO] IPUIPlugin:80 - create IPUIPlugin
2025-09-02 14:01:56,174 [INFO] PluginManager:220 - loadIPPluginJar : add touchsensing
2025-09-02 14:01:56,180 [INFO] IPUIPlugin:80 - create IPUIPlugin
2025-09-02 14:01:56,180 [INFO] PluginManager:220 - loadIPPluginJar : add nvic
2025-09-02 14:01:56,186 [INFO] IPUIPlugin:80 - create IPUIPlugin
2025-09-02 14:01:56,186 [INFO] PluginManager:220 - loadIPPluginJar : add fmc
2025-09-02 14:01:56,188 [INFO] IPUIPlugin:80 - create IPUIPlugin
2025-09-02 14:01:56,189 [INFO] PluginManager:220 - loadIPPluginJar : add comp
2025-09-02 14:01:56,191 [INFO] IPUIPlugin:80 - create IPUIPlugin
2025-09-02 14:01:56,191 [INFO] PluginManager:220 - loadIPPluginJar : add spi
2025-09-02 14:01:56,194 [INFO] IPUIPlugin:80 - create IPUIPlugin
2025-09-02 14:01:56,194 [INFO] PluginManager:220 - loadIPPluginJar : add lorawan
2025-09-02 14:01:56,196 [INFO] IPUIPlugin:80 - create IPUIPlugin
2025-09-02 14:01:56,196 [INFO] PluginManager:220 - loadIPPluginJar : add tsc
2025-09-02 14:01:56,199 [INFO] IPUIPlugin:80 - create IPUIPlugin
2025-09-02 14:01:56,199 [INFO] PluginManager:220 - loadIPPluginJar : add cryp
2025-09-02 14:01:56,204 [INFO] IPUIPlugin:80 - create IPUIPlugin
2025-09-02 14:01:56,205 [INFO] PluginManager:220 - loadIPPluginJar : add usbx
2025-09-02 14:01:56,207 [INFO] IPUIPlugin:80 - create IPUIPlugin
2025-09-02 14:01:56,208 [INFO] PluginManager:220 - loadIPPluginJar : add genericplugin
2025-09-02 14:01:56,219 [INFO] IPUIPlugin:80 - create IPUIPlugin
2025-09-02 14:01:56,223 [INFO] PluginManager:220 - loadIPPluginJar : add plateformsettings
2025-09-02 14:01:56,233 [INFO] IPUIPlugin:80 - create IPUIPlugin
2025-09-02 14:01:56,233 [INFO] PluginManager:220 - loadIPPluginJar : add linkedlist
2025-09-02 14:01:56,236 [INFO] IPUIPlugin:80 - create IPUIPlugin
2025-09-02 14:01:56,236 [INFO] PluginManager:220 - loadIPPluginJar : add ts
2025-09-02 14:01:56,248 [INFO] IPUIPlugin:80 - create IPUIPlugin
2025-09-02 14:01:56,248 [INFO] PluginManager:220 - loadIPPluginJar : add mdma
2025-09-02 14:01:56,253 [INFO] IPUIPlugin:80 - create IPUIPlugin
2025-09-02 14:01:56,253 [INFO] PluginManager:220 - loadIPPluginJar : add dma3
2025-09-02 14:01:56,304 [INFO] IPUIPlugin:80 - create IPUIPlugin
2025-09-02 14:01:56,305 [INFO] PluginManager:220 - loadIPPluginJar : add adc
2025-09-02 14:01:56,311 [INFO] IPUIPlugin:80 - create IPUIPlugin
2025-09-02 14:01:56,311 [INFO] PluginManager:220 - loadIPPluginJar : add sai
2025-09-02 14:01:56,321 [INFO] IPUIPlugin:80 - create IPUIPlugin
2025-09-02 14:01:56,322 [INFO] PluginManager:220 - loadIPPluginJar : add dma
2025-09-02 14:01:56,471 [INFO] CADModel:165 - CPN selected for project level
2025-09-02 14:01:56,471 [INFO] CADModel:114 - Register for checkConnection events
2025-09-02 14:01:56,471 [FATAL] Updater:308 - Updater called before beeing initialized
2025-09-02 14:01:56,472 [ERROR] CADModel:125 - Updater not yet initialized, retry later 
2025-09-02 14:01:56,703 [INFO] CADModel:165 - CPN selected for project level
2025-09-02 14:01:56,703 [INFO] CADModel:114 - Register for checkConnection events
2025-09-02 14:01:56,703 [FATAL] Updater:308 - Updater called before beeing initialized
2025-09-02 14:01:56,703 [ERROR] CADModel:125 - Updater not yet initialized, retry later 
2025-09-02 14:01:56,709 [FATAL] Updater:308 - Updater called before beeing initialized
2025-09-02 14:01:56,841 [FATAL] Updater:308 - Updater called before beeing initialized
2025-09-02 14:01:56,851 [INFO] DbMcusAds:53 - JSON generation date=Tue Jul 08 10:14:23 EET 2025 (1751962463582)
2025-09-02 14:01:56,851 [FATAL] Updater:308 - Updater called before beeing initialized
2025-09-02 14:01:56,895 [WARN] DetailPanel:346 - Failed to get advertising image, set to default
2025-09-02 14:01:57,070 [FATAL] Updater:308 - Updater called before beeing initialized
2025-09-02 14:01:57,074 [FATAL] Updater:308 - Updater called before beeing initialized
2025-09-02 14:01:57,074 [FATAL] Updater:308 - Updater called before beeing initialized
2025-09-02 14:01:57,075 [WARN] DetailPanel:346 - Failed to get advertising image, set to default
2025-09-02 14:01:57,077 [FATAL] Updater:308 - Updater called before beeing initialized
2025-09-02 14:01:57,146 [ERROR] Updater:1120 - MainUpdater not yet initialized. External WinMGr cannot be set.
2025-09-02 14:01:57,151 [INFO] Updater:1056 - Updater Version found : 6.8.0
2025-09-02 14:01:57,184 [INFO] ApplicationProperties:184 - Using Application install path: /app/stm32cubeide/plugins/com.st.stm32cube.common.mx_6.8.0.202302231600
2025-09-02 14:01:57,380 [INFO] MainUpdater:2854 - connection check result : 10
2025-09-02 14:01:57,380 [INFO] MainUpdater:3548 - Updater definition file requires update
2025-09-02 14:01:57,381 [INFO] MainUpdater:283 - Updater Check For Update Now.
2025-09-02 14:01:57,382 [INFO] MicroXplorer:498 - Change Database Version : DB.6.0.80
2025-09-02 14:01:57,534 [INFO] ServerAccessManage:473 - Download File updaters.zip
2025-09-02 14:01:57,809 [INFO] FileExtend:240 - Unzip File : updaters.zip
2025-09-02 14:01:57,809 [INFO] FileExtend:255 - Standard Zip Deflate
2025-09-02 14:01:58,147 [INFO] ServerAccessManage:473 - Download File PacksControlFlags.xml
2025-09-02 14:01:58,233 [WARN] MainUpdater:1187 - Updater busy. Cannot search thirdparties
2025-09-02 14:01:58,233 [INFO] ThirdPartyUpdaterWithRetryManager:96 - Updater plugin is busy. [1/15]
2025-09-02 14:01:58,252 [INFO] ServerAccessManage:473 - Download File cubemx.pidx
2025-09-02 14:01:58,389 [INFO] LoadServerUpdatesThread:373 - End of LoadServerUpdate Thread
2025-09-02 14:01:58,582 [INFO] CheckServerUpdateThread:120 - End of CheckServer Thread
2025-09-02 14:01:58,607 [INFO] MainUpdater:2854 - connection check result : 10
2025-09-02 14:01:58,640 [INFO] MainUpdater:2854 - connection check result : 10
2025-09-02 14:01:58,754 [INFO] MicroXplorer:468 - Change Database Path : 
2025-09-02 14:01:58,755 [INFO] MicroXplorer:498 - Change Database Version : DB.6.0.80
2025-09-02 14:01:58,756 [WARN] ThirdParty:871 - waiting for thirdparty lock release [close project]
2025-09-02 14:02:01,577 [WARN] PackLoader:240 - Cannot read IP mode file for STMicroelectronics.FP-SNS-MOTENVWB1.1.4.0
2025-09-02 14:02:01,625 [WARN] PackLoader:240 - Cannot read IP mode file for STMicroelectronics.FP-ATR-ASTRA1.2.0.2
2025-09-02 14:02:01,632 [WARN] PackLoader:240 - Cannot read IP mode file for STMicroelectronics.FP-ATR-ASTRA1.2.0.1
2025-09-02 14:02:01,648 [WARN] PackLoader:240 - Cannot read IP mode file for STMicroelectronics.X-CUBE-SMBUS.2.1.0
2025-09-02 14:02:01,661 [WARN] PackLoader:240 - Cannot read IP mode file for STMicroelectronics.X-CUBE-WB05N.1.1.0
2025-09-02 14:02:01,727 [WARN] PackLoader:240 - Cannot read IP mode file for STMicroelectronics.X-CUBE-AZRTOS-F7.1.1.0
2025-09-02 14:02:01,747 [WARN] PackLoader:240 - Cannot read IP mode file for STMicroelectronics.FP-SNS-FLIGHT1.5.0.2
2025-09-02 14:02:01,762 [ERROR] Engine:466 - /home/ziad/.stm32cubemx/thirdparties/pdsc/Infineon.AIROC-Wi-Fi-Bluetooth-STM32.1.7.0.pdsc: PDSC version is not supported
2025-09-02 14:02:01,815 [WARN] PackLoader:240 - Cannot read IP mode file for STMicroelectronics.X-CUBE-AZRTOS-H7.3.4.0
2025-09-02 14:02:01,844 [WARN] PackLoader:240 - Cannot read IP mode file for STMicroelectronics.X-CUBE-DISPLAY.3.0.0
2025-09-02 14:02:01,864 [WARN] PackLoader:240 - Cannot read IP mode file for STMicroelectronics.X-CUBE-BLE1.7.0.0
2025-09-02 14:02:01,874 [WARN] PackLoader:240 - Cannot read IP mode file for STMicroelectronics.X-CUBE-NFC10.1.0.0
2025-09-02 14:02:01,885 [ERROR] Engine:466 - /home/ziad/.stm32cubemx/thirdparties/pdsc/STMicroelectronics.X-CUBE-BLEMGR.4.0.0.pdsc: PDSC version is not supported
2025-09-02 14:02:01,892 [WARN] PackLoader:240 - Cannot read IP mode file for emotas.I-CUBE-CANOPEN.1.3.0
2025-09-02 14:02:01,899 [WARN] PackLoader:240 - Cannot read IP mode file for STMicroelectronics.X-CUBE-AI.10.0.0
2025-09-02 14:02:01,908 [ERROR] Engine:466 - /home/ziad/.stm32cubemx/thirdparties/pdsc/STMicroelectronics.FP-SNS-STBOX1.2.1.0.pdsc: PDSC version is not supported
2025-09-02 14:02:01,915 [WARN] PackLoader:240 - Cannot read IP mode file for STMicroelectronics.FP-SNS-SMARTAG2.1.2.0
2025-09-02 14:02:01,922 [ERROR] Engine:466 - /home/ziad/.stm32cubemx/thirdparties/pdsc/STMicroelectronics.FP-SNS-FLIGHT1.5.1.0.pdsc: PDSC version is not supported
2025-09-02 14:02:02,042 [WARN] PackLoader:240 - Cannot read IP mode file for STMicroelectronics.X-CUBE-MEMS1.11.1.0
2025-09-02 14:02:02,370 [INFO] LogOutputStream:77 - [STDOUT_REDIRECT] 1 : Invalid condition id : UX_CORESTACK_Condition cause : null
2025-09-02 14:02:02,372 [INFO] LogOutputStream:77 - [STDOUT_REDIRECT] 1 : Invalid condition id : UX_CORESTACK_Condition cause : null
2025-09-02 14:02:02,372 [INFO] LogOutputStream:77 - [STDOUT_REDIRECT] 1 : Invalid condition id : UX_CORESTACK_Condition cause : null
2025-09-02 14:02:02,372 [INFO] LogOutputStream:77 - [STDOUT_REDIRECT] 1 : Invalid condition id : UX_CORESTACK_Condition cause : null
2025-09-02 14:02:02,373 [INFO] LogOutputStream:77 - [STDOUT_REDIRECT] 1 : Invalid condition id : UX_CORESTACK_Condition cause : null
2025-09-02 14:02:02,378 [WARN] PackLoader:240 - Cannot read IP mode file for STMicroelectronics.X-CUBE-AZRTOS-WL.2.0.0
2025-09-02 14:02:02,395 [WARN] PackLoader:240 - Cannot read IP mode file for STMicroelectronics.FP-SNS-MOTENV1.5.0.0
2025-09-02 14:02:02,401 [WARN] PackLoader:240 - Cannot read IP mode file for wolfSSL.I-CUBE-wolfMQTT.1.19.0
2025-09-02 14:02:02,409 [WARN] PackLoader:240 - Cannot read IP mode file for WES.I-CUBE-Cesium.1.3.0
2025-09-02 14:02:02,414 [WARN] PackLoader:240 - Cannot read IP mode file for STMicroelectronics.X-CUBE-BLE2.3.3.0
2025-09-02 14:02:02,423 [WARN] PackLoader:240 - Cannot read IP mode file for STMicroelectronics.X-CUBE-NFC9.1.0.0
2025-09-02 14:02:02,433 [WARN] PackLoader:240 - Cannot read IP mode file for STMicroelectronics.X-CUBE-BLE1.7.1.0
2025-09-02 14:02:02,448 [WARN] PackLoader:240 - Cannot read IP mode file for STMicroelectronics.X-CUBE-EEPRMA1.5.2.0
2025-09-02 14:02:02,620 [WARN] PackLoader:240 - Cannot read IP mode file for STMicroelectronics.X-CUBE-MEMS1.11.2.0
2025-09-02 14:02:02,791 [WARN] PackLoader:240 - Cannot read IP mode file for STMicroelectronics.X-CUBE-AZRTOS-G0.1.1.0
2025-09-02 14:02:02,799 [WARN] PackLoader:240 - Cannot read IP mode file for STMicroelectronics.X-CUBE-SAFEA1.1.2.2
2025-09-02 14:02:02,804 [WARN] PackLoader:240 - Cannot read IP mode file for STMicroelectronics.X-CUBE-NFC4.3.0.0
2025-09-02 14:02:02,807 [ERROR] Engine:466 - /home/ziad/.stm32cubemx/thirdparties/pdsc/EmbeddedOffice.I-CUBE-FS-RTOS.1.0.1.pdsc: PDSC version is not supported
2025-09-02 14:02:02,810 [WARN] PackLoader:240 - Cannot read IP mode file for STMicroelectronics.X-CUBE-WB05N.2.0.0
2025-09-02 14:02:02,814 [ERROR] Engine:466 - /home/ziad/.stm32cubemx/thirdparties/pdsc/STMicroelectronics.X-CUBE-TCPP.4.2.0.pdsc: PDSC version is not supported
2025-09-02 14:02:02,815 [ERROR] Engine:466 - /home/ziad/.stm32cubemx/thirdparties/pdsc/RealThread.X-CUBE-RT-Thread_Nano.4.1.1.pdsc: PDSC version is not supported
2025-09-02 14:02:02,818 [WARN] PackLoader:240 - Cannot read IP mode file for STMicroelectronics.FP-ATR-SIGFOX1.3.2.0
2025-09-02 14:02:02,819 [ERROR] Engine:466 - /home/ziad/.stm32cubemx/thirdparties/pdsc/quantropi.X-CUBE-qispace-sdk-base.1.9.3.pdsc: PDSC version is not supported
2025-09-02 14:02:02,823 [WARN] PackLoader:240 - Cannot read IP mode file for STMicroelectronics.X-CUBE-EEPRMA1.5.1.0
2025-09-02 14:02:02,828 [WARN] PackLoader:240 - Cannot read IP mode file for wolfSSL.I-CUBE-wolfSSL.5.7.6
2025-09-02 14:02:02,833 [WARN] PackLoader:240 - Cannot read IP mode file for ITTIA_DB.I-CUBE-ITTIADB.8.9.0
2025-09-02 14:02:02,835 [ERROR] Engine:466 - /home/ziad/.stm32cubemx/thirdparties/pdsc/STMicroelectronics.X-CUBE-ST67W61.1.0.0.pdsc: PDSC version is not supported
2025-09-02 14:02:02,837 [WARN] PackLoader:240 - Cannot read IP mode file for STMicroelectronics.X-CUBE-AI.10.2.0
2025-09-02 14:02:02,866 [WARN] PackLoader:240 - Cannot read IP mode file for SEGGER.I-CUBE-embOS.1.3.1
2025-09-02 14:02:02,916 [WARN] PackLoader:240 - Cannot read IP mode file for STMicroelectronics.X-CUBE-ALGOBUILD.1.4.0
2025-09-02 14:02:02,965 [WARN] PackLoader:240 - Cannot read IP mode file for STMicroelectronics.X-CUBE-MEMS1.11.3.0
2025-09-02 14:02:03,168 [WARN] PackLoader:240 - Cannot read IP mode file for STMicroelectronics.X-CUBE-PM33A1.1.0.0
2025-09-02 14:02:03,185 [WARN] PackLoader:240 - Cannot read IP mode file for STMicroelectronics.X-CUBE-AZRTOS-F4.1.1.0
2025-09-02 14:02:03,189 [ERROR] Engine:466 - /home/ziad/.stm32cubemx/thirdparties/pdsc/Avnet-IotConnect.X-CUBE-IoTC-DA16k-PMOD.1.0.0.pdsc: PDSC version is not supported
2025-09-02 14:02:03,192 [WARN] PackLoader:240 - Cannot read IP mode file for STMicroelectronics.X-CUBE-ISPU.2.1.0
2025-09-02 14:02:03,196 [WARN] PackLoader:240 - Cannot read IP mode file for STMicroelectronics.X-CUBE-NFC12.1.0.0
2025-09-02 14:02:03,214 [WARN] PackLoader:240 - Cannot read IP mode file for STMicroelectronics.X-CUBE-AZRTOS-L5.2.0.0
2025-09-02 14:02:03,221 [WARN] PackLoader:240 - Cannot read IP mode file for STMicroelectronics.X-CUBE-NFC6.3.1.0
2025-09-02 14:02:03,228 [ERROR] Engine:466 - /home/ziad/.stm32cubemx/thirdparties/pdsc/STMicroelectronics.X-CUBE-DPower.1.2.0.pdsc: PDSC version is not supported
2025-09-02 14:02:03,234 [WARN] PackLoader:240 - Cannot read IP mode file for STMicroelectronics.X-CUBE-FREERTOS.1.3.1
2025-09-02 14:02:03,240 [WARN] PackLoader:240 - Cannot read IP mode file for STMicroelectronics.X-CUBE-FREERTOS.1.3.0
2025-09-02 14:02:03,245 [WARN] PackLoader:240 - Cannot read IP mode file for STMicroelectronics.X-CUBE-NFC7.1.0.1
2025-09-02 14:02:03,249 [ERROR] Engine:466 - /home/ziad/.stm32cubemx/thirdparties/pdsc/STMicroelectronics.FP-SNS-STAIOTCFT.1.0.0.pdsc: PDSC version is not supported
2025-09-02 14:02:03,252 [ERROR] Engine:466 - /home/ziad/.stm32cubemx/thirdparties/pdsc/STMicroelectronics.X-CUBE-DPower.1.3.0.pdsc: PDSC version is not supported
2025-09-02 14:02:03,267 [WARN] ConditionMgr:438 - getConditionDescription Invalid condition id : LAN8742 Phy interface Condition cause : null
2025-09-02 14:02:03,268 [WARN] PackLoader:240 - Cannot read IP mode file for STMicroelectronics.X-CUBE-AZRTOS-L4.2.0.0
2025-09-02 14:02:03,270 [WARN] ConditionMgr:1039 - genDependencies : Invalid condition id : LAN8742 Phy interface Condition cause : null
2025-09-02 14:02:03,270 [WARN] ConditionMgr:1039 - genDependencies : Invalid condition id : LAN8742 Phy interface Condition cause : null
2025-09-02 14:02:03,271 [WARN] ConditionMgr:1039 - genDependencies : Invalid condition id : LAN8742 Phy interface Condition cause : null
2025-09-02 14:02:03,280 [WARN] PackLoader:240 - Cannot read IP mode file for STMicroelectronics.X-CUBE-SFXS2LP1.4.0.0
2025-09-02 14:02:03,300 [WARN] PackLoader:240 - Cannot read IP mode file for STMicroelectronics.X-CUBE-AZRTOS-H7.3.3.0
2025-09-02 14:02:03,306 [ERROR] Engine:466 - /home/ziad/.stm32cubemx/thirdparties/pdsc/STMicroelectronics.X-CUBE-BLEMGR.4.1.0.pdsc: PDSC version is not supported
2025-09-02 14:02:03,315 [WARN] ConditionMgr:438 - getConditionDescription Invalid condition id : UX DEVICE CLASS RTOS Condition cause : null
2025-09-02 14:02:03,315 [WARN] ConditionMgr:438 - getConditionDescription Invalid condition id : UX DEVICE CLASS RTOS Condition cause : null
2025-09-02 14:02:03,317 [WARN] PackLoader:240 - Cannot read IP mode file for STMicroelectronics.X-CUBE-AZRTOS-WB.2.0.0
2025-09-02 14:02:03,318 [WARN] ConditionMgr:1039 - genDependencies : Invalid condition id : UX DEVICE CLASS RTOS Condition cause : null
2025-09-02 14:02:03,318 [WARN] ConditionMgr:1039 - genDependencies : Invalid condition id : UX DEVICE CLASS RTOS Condition cause : null
2025-09-02 14:02:03,318 [WARN] ConditionMgr:1039 - genDependencies : Invalid condition id : UX DEVICE CLASS RTOS Condition cause : null
2025-09-02 14:02:03,319 [WARN] ConditionMgr:1039 - genDependencies : Invalid condition id : UX DEVICE CLASS RTOS Condition cause : null
2025-09-02 14:02:03,319 [WARN] ConditionMgr:1039 - genDependencies : Invalid condition id : UX DEVICE CLASS RTOS Condition cause : null
2025-09-02 14:02:03,324 [WARN] PackLoader:240 - Cannot read IP mode file for STMicroelectronics.X-CUBE-GNSS1.7.0.1
2025-09-02 14:02:03,329 [WARN] PackLoader:240 - Cannot read IP mode file for STMicroelectronics.X-CUBE-TOUCHGFX.4.25.0
2025-09-02 14:02:03,331 [ERROR] Engine:466 - /home/ziad/.stm32cubemx/thirdparties/pdsc/STMicroelectronics.FP-SNS-STBOX1.2.0.0.pdsc: PDSC version is not supported
2025-09-02 14:02:03,339 [WARN] PackLoader:240 - Cannot read IP mode file for STMicroelectronics.X-CUBE-SUBG2.5.0.0
2025-09-02 14:02:03,365 [WARN] PackLoader:240 - Cannot read IP mode file for STMicroelectronics.X-CUBE-AZRTOS-H7RS.1.1.0
2025-09-02 14:02:03,383 [WARN] PackLoader:240 - Cannot read IP mode file for Cesanta.I-CUBE-Mongoose.7.13.0
2025-09-02 14:02:03,406 [WARN] PackLoader:240 - Cannot read IP mode file for STMicroelectronics.X-CUBE-AZRTOS-G4.2.0.0
2025-09-02 14:02:03,413 [WARN] PackLoader:240 - Cannot read IP mode file for STMicroelectronics.X-CUBE-NFC7.2.0.0
2025-09-02 14:02:03,421 [ERROR] Engine:466 - /home/ziad/.stm32cubemx/thirdparties/pdsc/STMicroelectronics.X-CUBE-IPS.3.1.0.pdsc: PDSC version is not supported
2025-09-02 14:02:03,425 [WARN] PackLoader:240 - Cannot read IP mode file for STMicroelectronics.X-CUBE-ALS.1.0.2
2025-09-02 14:02:03,430 [WARN] PackLoader:240 - Cannot read IP mode file for STMicroelectronics.X-CUBE-TOUCHGFX.4.24.2
2025-09-02 14:02:03,433 [WARN] PackLoader:240 - Cannot read IP mode file for wolfSSL.I-CUBE-wolfTPM.3.4.0
2025-09-02 14:02:03,439 [WARN] PackLoader:240 - Cannot read IP mode file for portGmbH.I-Cube-SoM-uGOAL.1.1.0
2025-09-02 14:02:03,457 [WARN] PackLoader:240 - Cannot read IP mode file for STMicroelectronics.X-CUBE-AZRTOS-H7RS.1.0.0
2025-09-02 14:02:03,463 [ERROR] Engine:466 - /home/ziad/.stm32cubemx/thirdparties/pdsc/STMicroelectronics.X-CUBE-TOF1.3.4.2.pdsc: PDSC version is not supported
2025-09-02 14:02:03,468 [ERROR] Engine:466 - /home/ziad/.stm32cubemx/thirdparties/pdsc/STMicroelectronics.X-CUBE-TOF1.3.4.3.pdsc: PDSC version is not supported
2025-09-02 14:02:03,470 [WARN] PackLoader:240 - Cannot read IP mode file for wolfSSL.I-CUBE-wolfSSH.1.4.17
2025-09-02 14:02:03,470 [INFO] ThirdParty:978 - Integrity check success = true
2025-09-02 14:02:03,470 [INFO] IntegrityCheckThread:100 - exiting critical section [integrity check]
2025-09-02 14:02:03,470 [INFO] IntegrityCheckThread:103 - End integrity checks thread
2025-09-02 14:02:03,471 [INFO] ThirdParty:873 - entering critical section [close project]
2025-09-02 14:02:03,472 [INFO] ThirdParty:883 - exiting critical section [close project]
2025-09-02 14:02:03,476 [INFO] PinOutPanel:1499 - setPackage(No Configuration,No Configuration)
2025-09-02 14:02:03,482 [INFO] UtilMem:75 - Begin LoadConfig() Used Memory: 744958296 Bytes (955252736)
2025-09-02 14:02:03,483 [INFO] MicroXplorer:468 - Change Database Path : 
2025-09-02 14:02:03,483 [INFO] MicroXplorer:498 - Change Database Version : DB.6.0.80
2025-09-02 14:02:03,483 [INFO] OpenFileManager:308 - Change cursor
2025-09-02 14:02:03,521 [INFO] Mcu:1937 - Initializing MCU STM32F103C(8-B)Tx STM32F103C8Tx STM32F103C8T6
2025-09-02 14:02:04,994 [INFO] Context:659 - Trying to add GPIOservice into a context  which must be forbidden
2025-09-02 14:02:05,893 [INFO] RtosManager:555 - Registered RTOS mode: class=CMSIS, group=RTOS, mode=CMSIS_V1, owner=FREERTOS
2025-09-02 14:02:05,894 [INFO] RtosManager:555 - Registered RTOS mode: class=CMSIS, group=RTOS2, mode=CMSIS_V2, owner=FREERTOS
2025-09-02 14:02:05,894 [INFO] RtosManager:555 - Registered RTOS mode: class=RTOS, group=Core, mode=CMSIS_V1, owner=FREERTOS
2025-09-02 14:02:05,894 [INFO] RtosManager:555 - Registered RTOS mode: class=RTOS, group=Core, mode=CMSIS_V2, owner=FREERTOS
2025-09-02 14:02:05,894 [WARN] ModelIntegratedComponent:184 - Missing modes for component STMicroelectronics:FreeRTOS:0.0.1:STMicroelectronics:RTOS:FreeRTOS:Core:::10.2.0:
2025-09-02 14:02:05,912 [WARN] ModelIntegratedComponent:63 - No mode defined for component null
2025-09-02 14:02:05,912 [WARN] ModelIntegratedComponent:63 - No mode defined for component null
2025-09-02 14:02:05,912 [WARN] ModelIntegratedComponent:63 - No mode defined for component null
2025-09-02 14:02:05,912 [WARN] ModelIntegratedComponent:63 - No mode defined for component null
2025-09-02 14:02:05,912 [WARN] ModelIntegratedComponent:63 - No mode defined for component null
2025-09-02 14:02:05,912 [WARN] ModelIntegratedComponent:63 - No mode defined for component null
2025-09-02 14:02:05,912 [WARN] ModelIntegratedComponent:63 - No mode defined for component null
2025-09-02 14:02:05,913 [WARN] ModelIntegratedComponent:63 - No mode defined for component null
2025-09-02 14:02:05,913 [WARN] ModelIntegratedComponent:63 - No mode defined for component null
2025-09-02 14:02:05,913 [WARN] ModelIntegratedComponent:63 - No mode defined for component null
2025-09-02 14:02:05,913 [WARN] ModelIntegratedComponent:63 - No mode defined for component null
2025-09-02 14:02:05,913 [WARN] ModelIntegratedComponent:63 - No mode defined for component null
2025-09-02 14:02:05,913 [WARN] ModelIntegratedComponent:63 - No mode defined for component null
2025-09-02 14:02:05,913 [WARN] ModelIntegratedComponent:63 - No mode defined for component null
2025-09-02 14:02:05,913 [WARN] ModelIntegratedComponent:63 - No mode defined for component null
2025-09-02 14:02:05,913 [WARN] ModelIntegratedComponent:63 - No mode defined for component null
2025-09-02 14:02:05,913 [WARN] ModelIntegratedComponent:63 - No mode defined for component null
2025-09-02 14:02:05,913 [WARN] ModelIntegratedComponent:63 - No mode defined for component null
2025-09-02 14:02:05,913 [WARN] ModelIntegratedComponent:63 - No mode defined for component null
2025-09-02 14:02:05,913 [WARN] ModelIntegratedComponent:63 - No mode defined for component null
2025-09-02 14:02:05,913 [WARN] ModelIntegratedComponent:63 - No mode defined for component null
2025-09-02 14:02:05,913 [WARN] ModelIntegratedComponent:63 - No mode defined for component null
2025-09-02 14:02:05,913 [WARN] ModelIntegratedComponent:63 - No mode defined for component null
2025-09-02 14:02:05,913 [WARN] ModelIntegratedComponent:63 - No mode defined for component null
2025-09-02 14:02:05,914 [WARN] ModelIntegratedComponent:63 - No mode defined for component null
2025-09-02 14:02:05,914 [WARN] ModelIntegratedComponent:63 - No mode defined for component null
2025-09-02 14:02:05,914 [WARN] ModelIntegratedComponent:63 - No mode defined for component null
2025-09-02 14:02:05,914 [WARN] ModelIntegratedComponent:63 - No mode defined for component null
2025-09-02 14:02:05,914 [WARN] ModelIntegratedComponent:63 - No mode defined for component null
2025-09-02 14:02:05,914 [WARN] ModelIntegratedComponent:63 - No mode defined for component null
2025-09-02 14:02:05,914 [WARN] ModelIntegratedComponent:63 - No mode defined for component null
2025-09-02 14:02:05,914 [WARN] ModelIntegratedComponent:63 - No mode defined for component null
2025-09-02 14:02:05,914 [WARN] ModelIntegratedComponent:63 - No mode defined for component null
2025-09-02 14:02:06,614 [INFO] ThirdPartyModel:298 - Start build external matchings
2025-09-02 14:02:07,816 [INFO] ThirdPartyModel:316 - End build external matchings
2025-09-02 14:02:07,861 [INFO] ImportTextPane:194 - (OptionalMessage_ERROR) IP (RCC) : Invalid parameter (FamilyName)
2025-09-02 14:02:08,029 [INFO] UtilMem:75 - End LoadConfig() Used Memory: 736545280 Bytes (955252736)
2025-09-02 14:02:08,227 [INFO] ApiDb:581 - Connected to CubeFinder SQLite database (/home/ziad/.stmcufinder/plugins/mcufinder/mcu/cube-finder-db.db)
2025-09-02 14:02:08,339 [INFO] ApiDb:668 - CubeFinder database Data Model version=2.1
2025-09-02 14:02:08,339 [INFO] ApiDb:669 - CubeFinder database Configuration version=3.0.39
2025-09-02 14:02:08,340 [INFO] ApiDb:670 - CubeFinder database generation date=2025-07-24 (1753349077)
2025-09-02 14:02:08,340 [INFO] ApiDb:671 - CubeFinder database FW Pack versions=[FP-ATR-ASTRA1_V2.0.0, FP-SNS-FLIGHT1_V5.1.0, FP-SNS-MOTENV1_V5.0.0, FP-SNS-MOTENVWB1_V1.4.0, FP-SNS-SMARTAG2_V1.2.0, FP-SNS-STBOX1_V2.0.0, STM32Cube_FW_C0_V1.4.0, STM32Cube_FW_F4_V1.28.2, STM32Cube_FW_F7_V1.17.3, STM32Cube_FW_G0_V1.6.2, STM32Cube_FW_G4_V1.6.1, STM32Cube_FW_H5_V1.5.0, STM32Cube_FW_H7RS_V1.2.0, STM32Cube_FW_H7_V1.12.1, STM32Cube_FW_L0_V1.12.2, STM32Cube_FW_L4_V1.18.1, STM32Cube_FW_L5_V1.5.1, STM32Cube_FW_N6_V1.2.0, STM32Cube_FW_U0_V1.3.0, STM32Cube_FW_U3_V1.2.0, STM32Cube_FW_U5_V1.8.0, STM32Cube_FW_WB0_V1.3.0, STM32Cube_FW_WBA_V1.7.0, STM32Cube_FW_WB_V1.23.0, STM32Cube_FW_WL3_V1.2.0, STM32Cube_FW_WL_V1.3.1, X-CUBE-ALGOBUILD_V1.4.0, X-CUBE-ALS_V1.0.2, X-CUBE-AZRTOS-F4_V1.1.0, X-CUBE-AZRTOS-F7_V1.1.0, X-CUBE-AZRTOS-G0_V1.1.0, X-CUBE-AZRTOS-G4_V2.0.0, X-CUBE-AZRTOS-H7RS_V1.1.0, X-CUBE-AZRTOS-H7_V3.4.0, X-CUBE-AZRTOS-L4_V2.0.0, X-CUBE-AZRTOS-L5_V2.0.0, X-CUBE-AZRTOS-WB_V2.0.0, X-CUBE-AZRTOS-WL_V2.0.0, X-CUBE-BLE1_V7.1.0, X-CUBE-BLE2_V3.3.0, X-CUBE-BLEMGR_V4.1.0, X-CUBE-EEPRMA1_V5.2.0, X-CUBE-FREERTOS_V1.3.1, X-CUBE-GNSS1_V6.0.0, X-CUBE-MEMS1_V11.3.0, X-CUBE-NFC4_V3.0.0, X-CUBE-NFC7_V2.0.0, X-CUBE-SFXS2LP1_V4.0.0, X-CUBE-ST67W61_V1.0.0, X-CUBE-SUBG2_V5.0.0, X-CUBE-TOF1_V3.4.3]
2025-09-02 14:02:11,179 [INFO] ApiDb:240 - Found 297 in-development CPN: [B-G473E-ZEST1S, B-WB1M-WPAN1, B-WL5M-SUBG1, NUCLEO-C031C6, NUCLEO-H503RB, NUCLEO-H563ZI, NUCLEO-U545RE-Q, NUCLEO-U5A5ZJ-Q, NUCLEO-WBA52CG, STEVAL-PROTEUS1, STEVAL-STWINBX1, STM320518-EVAL, STM32C0116-DK, STM32C011D6Y3TR, STM32C011D6Y6TR, STM32C011F4P3, STM32C011F4P6, STM32C011F4U3, STM32C011F4U6TR, STM32C011F6P3, STM32C011F6P6, STM32C011F6U3, STM32C011F6U6TR, STM32C011J4M3, STM32C011J4M6, STM32C011J6M3, STM32C011J6M6, STM32C0316-DK, STM32C031C4T3, STM32C031C4T6, STM32C031C4U3, STM32C031C4U6, STM32C031C6T3, STM32C031C6T6, STM32C031C6U3, STM32C031C6U6, STM32C031F4P3, STM32C031F4P6, STM32C031F6P3, STM32C031F6P6, STM32C031G4U3, STM32C031G4U6, STM32C031G6U3, STM32C031G6U6, STM32C031K4T3, STM32C031K4T6, STM32C031K4U3, STM32C031K4U6, STM32C031K6T3, STM32C031K6T6, STM32C031K6U3, STM32C031K6U6, STM32G071K8TXN, STM32G071K8UXN, STM32G081GBU6N, STM32G081KBT6N, STM32G081KBUXN, STM32G0B1CCT6N, STM32G0B1KCT6, STM32G0B1NEY6TR, STM32G0B1RCT6N, STM32G0C1CCT6, STM32G0C1CCT6N, STM32G0C1CCU6N, STM32G0C1CET6N, STM32G0C1CEU6N, STM32G0C1KCT6, STM32G0C1NEY6TR, STM32G0C1RCI6N, STM32G0C1RCT6N, STM32G0C1REI6N, STM32G0C1RET6N, STM32G0C1VCI6, STM32G0C1VEI6, STM32G471CCT6, STM32G471CCU6, STM32G471CET3, STM32G471CET6, STM32G471CEU3, STM32G471CEU6, STM32G471MCT6, STM32G471MET3, STM32G471MET6, STM32G471MEY6TR, STM32G471QCT6, STM32G471QET3, STM32G471RCT6, STM32G471RET3, STM32G471RET6, STM32G471VCH6, STM32G471VCI6, STM32G471VCT6, STM32G471VEH3, STM32G471VEH6, STM32G471VEI3, STM32G471VEI6, STM32G471VET3, STM32G471VET6, STM32G474CCT6, STM32H503CBT6, STM32H503CBU6, STM32H503EBY6TR, STM32H503KBU6, STM32H503RBT6, STM32H562AGI6, STM32H562AII6, STM32H562IGK6, STM32H562IGT6, STM32H562IIK6, STM32H562IIT6, STM32H562RGT6, STM32H562RGV6, STM32H562RIT6, STM32H562RIV6, STM32H562VGT6, STM32H562VIT6, STM32H562ZGT6, STM32H562ZIT6, STM32H563AGI6, STM32H563AII3Q, STM32H563AII6, STM32H563IGK6, STM32H563IGT6, STM32H563IIK3Q, STM32H563IIK6, STM32H563IIT3Q, STM32H563IIT6, STM32H563MIY3QTR, STM32H563RGT6, STM32H563RGV6, STM32H563RIT6, STM32H563RIV6, STM32H563VGT6, STM32H563VIT3Q, STM32H563VIT6, STM32H563ZGT6, STM32H563ZIT3Q, STM32H563ZIT6, STM32H573AII3Q, STM32H573AII6, STM32H573I-DK, STM32H573IIK3Q, STM32H573IIK6, STM32H573IIT3Q, STM32H573IIT6, STM32H573MIY3QTR, STM32H573RIT6, STM32H573RIV6, STM32H573VIT3Q, STM32H573VIT6, STM32H573ZIT3Q, STM32H573ZIT6, STM32L4R5QGI6STR, STM32MP131AAE3, STM32MP131AAF3, STM32MP131AAG3, STM32MP131CAE3, STM32MP131CAF3, STM32MP131CAG3, STM32MP131DAE7, STM32MP131DAF7, STM32MP131DAG7, STM32MP131FAE7, STM32MP131FAF7, STM32MP131FAG7, STM32MP133AAE3, STM32MP133AAF3, STM32MP133AAG3, STM32MP133CAE3, STM32MP133CAF3, STM32MP133CAG3, STM32MP133DAE7, STM32MP133DAF7, STM32MP133DAG7, STM32MP133FAE7, STM32MP133FAF7, STM32MP133FAG7, STM32MP135AAE3, STM32MP135AAF3, STM32MP135AAG3, STM32MP135CAE3, STM32MP135CAF3, STM32MP135CAG3, STM32MP135DAE7, STM32MP135DAF7, STM32MP135DAG7, STM32MP135F-DK, STM32MP135FAE7, STM32MP135FAF7, STM32MP135FAF7T, STM32MP135FAF7U, STM32MP135FAG7, STM32U535CBT6, STM32U535CBT6Q, STM32U535CBU6, STM32U535CBU6Q, STM32U535CCT6, STM32U535CCT6Q, STM32U535CCU6, STM32U535CCU6Q, STM32U535CET6, STM32U535CET6Q, STM32U535CEU6, STM32U535CEU6Q, STM32U535JEY6QTR, STM32U535NCY6QTR, STM32U535NEY6QTR, STM32U535RBI6, STM32U535RBI6Q, STM32U535RBT6, STM32U535RBT6Q, STM32U535RCI6, STM32U535RCI6Q, STM32U535RCT6, STM32U535RCT6Q, STM32U535REI6, STM32U535REI6Q, STM32U535RET6, STM32U535RET6Q, STM32U535VCI6, STM32U535VCI6Q, STM32U535VCT6, STM32U535VCT6Q, STM32U535VEI6, STM32U535VEI6Q, STM32U535VET6, STM32U535VET6Q, STM32U545CET6, STM32U545CET6Q, STM32U545CEU6, STM32U545CEU6Q, STM32U545JEY6QTR, STM32U545NEY6QTR, STM32U545REI6, STM32U545REI6Q, STM32U545RET6, STM32U545RET6Q, STM32U545VEI6, STM32U545VEI6Q, STM32U545VET6, STM32U545VET6Q, STM32U595AIH6, STM32U595AIH6Q, STM32U595AJH6, STM32U595AJH6Q, STM32U595QII6, STM32U595QII6Q, STM32U595QJI6, STM32U595QJI6Q, STM32U595RIT6, STM32U595RIT6Q, STM32U595RJT6, STM32U595RJT6Q, STM32U595VIT6, STM32U595VIT6Q, STM32U595VJT6, STM32U595VJT6Q, STM32U595ZIT6, STM32U595ZIT6Q, STM32U595ZIY6QTR, STM32U595ZJT6, STM32U595ZJT6Q, STM32U595ZJY6QTR, STM32U599BJY6QTR, STM32U599NIH6Q, STM32U599NJH6Q, STM32U599VIT6Q, STM32U599VJT6, STM32U599VJT6Q, STM32U599ZIT6Q, STM32U599ZIY6QTR, STM32U599ZJT6Q, STM32U599ZJY6QTR, STM32U5A5AJH6, STM32U5A5AJH6Q, STM32U5A5QJI6, STM32U5A5QJI6Q, STM32U5A5RJT6, STM32U5A5RJT6Q, STM32U5A5VJT6, STM32U5A5VJT6Q, STM32U5A5ZJT6, STM32U5A5ZJT6Q, STM32U5A5ZJY6QTR, STM32U5A9BJY6QTR, STM32U5A9J-DK, STM32U5A9NJH6Q, STM32U5A9VJT6Q, STM32U5A9ZJT6Q, STM32U5A9ZJY6QTR, STM32WB1MMCH6, STM32WBA52CEU6, STM32WBA52CEU6T, STM32WBA52CGU6, STM32WBA52CGU6T, STM32WL5MOCH6, STM32WL5MOCH6TR]
2025-09-02 14:02:11,185 [INFO] DbMcus:216 - Found 4711 MCUs, 4711 are supported
2025-09-02 14:02:11,188 [INFO] ApiDb:423 - Load user favorites file /home/ziad/.stm32cubeide/favorites.mcus.txt: 2 item(s)
2025-09-02 14:02:11,189 [INFO] ApiDb:427 - User favorites MCUs=[STM32F103C8T6, STM32F405RGT6]
2025-09-02 14:02:11,189 [INFO] DbMcus:222 - Set 2 / 2 favorites MCUs
2025-09-02 14:02:11,964 [WARN] ThirdParty:833 - waiting for thirdparty lock release [change project]
2025-09-02 14:02:11,964 [INFO] ThirdParty:835 - entering critical section [change project]
2025-09-02 14:02:11,964 [INFO] ThirdParty:1030 - CMSIS Pack Vendor :STMicroelectronics X-CUBE-PM33A1 1.0.0
2025-09-02 14:02:11,965 [INFO] ThirdParty:1030 - CMSIS Pack Vendor :STMicroelectronics X-CUBE-AZRTOS-H7 3.3.0
2025-09-02 14:02:11,965 [INFO] ThirdParty:1030 - CMSIS Pack Vendor :STMicroelectronics X-CUBE-NFC9 1.0.0
2025-09-02 14:02:11,965 [INFO] ThirdParty:1030 - CMSIS Pack Vendor :STMicroelectronics USB_HOST 2.0.0
2025-09-02 14:02:11,965 [INFO] ThirdParty:1030 - CMSIS Pack Vendor :STMicroelectronics FP-SNS-MOTENVWB1 1.4.0
2025-09-02 14:02:11,965 [INFO] ThirdParty:1030 - CMSIS Pack Vendor :STMicroelectronics X-CUBE-AZRTOS-F4 1.1.0
2025-09-02 14:02:11,965 [INFO] ThirdParty:1030 - CMSIS Pack Vendor :STMicroelectronics LIBJPEG 8.0.0
2025-09-02 14:02:11,965 [INFO] ThirdParty:1030 - CMSIS Pack Vendor :STMicroelectronics FP-ATR-ASTRA1 2.0.2
2025-09-02 14:02:11,965 [INFO] ThirdParty:1030 - CMSIS Pack Vendor :STMicroelectronics FP-ATR-ASTRA1 2.0.1
2025-09-02 14:02:11,965 [INFO] ThirdParty:1030 - CMSIS Pack Vendor :STMicroelectronics X-CUBE-BLE1 7.1.0
2025-09-02 14:02:11,965 [INFO] ThirdParty:1030 - CMSIS Pack Vendor :STMicroelectronics X-CUBE-SMBUS 2.1.0
2025-09-02 14:02:11,966 [INFO] ThirdParty:1030 - CMSIS Pack Vendor :STMicroelectronics X-CUBE-WB05N 1.1.0
2025-09-02 14:02:11,966 [INFO] ThirdParty:1030 - CMSIS Pack Vendor :STMicroelectronics USB_DEVICE 3.0.0
2025-09-02 14:02:11,966 [INFO] ThirdParty:1030 - CMSIS Pack Vendor :STMicroelectronics X-CUBE-ISPU 2.1.0
2025-09-02 14:02:11,966 [INFO] ThirdParty:1030 - CMSIS Pack Vendor :STMicroelectronics X-CUBE-EEPRMA1 5.2.0
2025-09-02 14:02:11,966 [INFO] ThirdParty:1030 - CMSIS Pack Vendor :STMicroelectronics X-CUBE-AZRTOS-WB 2.0.0
2025-09-02 14:02:11,966 [INFO] ThirdParty:1030 - CMSIS Pack Vendor :STMicroelectronics X-CUBE-GNSS1 7.0.1
2025-09-02 14:02:11,966 [INFO] ThirdParty:1030 - CMSIS Pack Vendor :STMicroelectronics X-CUBE-NFC12 1.0.0
2025-09-02 14:02:11,966 [INFO] ThirdParty:1030 - CMSIS Pack Vendor :STMicroelectronics X-CUBE-AZRTOS-F7 1.1.0
2025-09-02 14:02:11,966 [INFO] ThirdParty:1030 - CMSIS Pack Vendor :STMicroelectronics X-CUBE-AZRTOS-L5 2.0.0
2025-09-02 14:02:11,966 [INFO] ThirdParty:1030 - CMSIS Pack Vendor :STMicroelectronics X-CUBE-TOUCHGFX 4.25.0
2025-09-02 14:02:11,966 [INFO] ThirdParty:1030 - CMSIS Pack Vendor :STMicroelectronics USB_DEVICE 2.0.0
2025-09-02 14:02:11,967 [INFO] ThirdParty:1030 - CMSIS Pack Vendor :STMicroelectronics X-CUBE-NFC6 3.1.0
2025-09-02 14:02:11,967 [INFO] ThirdParty:1030 - CMSIS Pack Vendor :STMicroelectronics X-CUBE-MEMS1 11.2.0
2025-09-02 14:02:11,967 [INFO] ThirdParty:1030 - CMSIS Pack Vendor :STMicroelectronics FreeRTOS 0.0.1
2025-09-02 14:02:11,967 [INFO] ThirdParty:1030 - CMSIS Pack Vendor :STMicroelectronics X-CUBE-AZRTOS-G0 1.1.0
2025-09-02 14:02:11,967 [INFO] ThirdParty:1030 - CMSIS Pack Vendor :STMicroelectronics X-CUBE-SAFEA1 1.2.2
2025-09-02 14:02:11,967 [INFO] ThirdParty:1030 - CMSIS Pack Vendor :STMicroelectronics X-CUBE-NFC4 3.0.0
2025-09-02 14:02:11,967 [INFO] ThirdParty:1030 - CMSIS Pack Vendor :STMicroelectronics X-CUBE-SUBG2 5.0.0
2025-09-02 14:02:11,967 [INFO] ThirdParty:1030 - CMSIS Pack Vendor :STMicroelectronics X-CUBE-AZRTOS-H7RS 1.1.0
2025-09-02 14:02:11,967 [INFO] ThirdParty:1030 - CMSIS Pack Vendor :STMicroelectronics STM32_WPAN 1.0.0
2025-09-02 14:02:11,967 [INFO] ThirdParty:1030 - CMSIS Pack Vendor :STMicroelectronics lwIP 2.0.3
2025-09-02 14:02:11,967 [INFO] ThirdParty:1030 - CMSIS Pack Vendor :STMicroelectronics FP-SNS-FLIGHT1 5.0.2
2025-09-02 14:02:11,967 [INFO] ThirdParty:1030 - CMSIS Pack Vendor :Cesanta I-CUBE-Mongoose 7.13.0
2025-09-02 14:02:11,967 [INFO] ThirdParty:1030 - CMSIS Pack Vendor :STMicroelectronics USB_HOST 1.0.0
2025-09-02 14:02:11,968 [INFO] ThirdParty:1030 - CMSIS Pack Vendor :STMicroelectronics X-CUBE-AZRTOS-G4 2.0.0
2025-09-02 14:02:11,968 [INFO] ThirdParty:1030 - CMSIS Pack Vendor :STMicroelectronics X-CUBE-WB05N 2.0.0
2025-09-02 14:02:11,968 [INFO] ThirdParty:1030 - CMSIS Pack Vendor :STMicroelectronics PDM2PCM 3.1.0
2025-09-02 14:02:11,968 [INFO] ThirdParty:1030 - CMSIS Pack Vendor :STMicroelectronics PDM2PCM 3.3.0
2025-09-02 14:02:11,968 [INFO] ThirdParty:1030 - CMSIS Pack Vendor :STMicroelectronics X-CUBE-AZRTOS-H7 3.4.0
2025-09-02 14:02:11,968 [INFO] ThirdParty:1030 - CMSIS Pack Vendor :STMicroelectronics X-CUBE-DISPLAY 3.0.0
2025-09-02 14:02:11,968 [INFO] ThirdParty:1030 - CMSIS Pack Vendor :STMicroelectronics X-CUBE-NFC7 2.0.0
2025-09-02 14:02:11,968 [INFO] ThirdParty:1030 - CMSIS Pack Vendor :STMicroelectronics X-CUBE-BLE1 7.0.0
2025-09-02 14:02:11,968 [INFO] ThirdParty:1030 - CMSIS Pack Vendor :STMicroelectronics FP-ATR-SIGFOX1 3.2.0
2025-09-02 14:02:11,968 [INFO] ThirdParty:1030 - CMSIS Pack Vendor :STMicroelectronics X-CUBE-NFC10 1.0.0
2025-09-02 14:02:11,968 [INFO] ThirdParty:1030 - CMSIS Pack Vendor :STMicroelectronics X-CUBE-EEPRMA1 5.1.0
2025-09-02 14:02:11,968 [INFO] ThirdParty:1030 - CMSIS Pack Vendor :STMicroelectronics X-CUBE-FREERTOS 1.3.1
2025-09-02 14:02:11,968 [INFO] ThirdParty:1030 - CMSIS Pack Vendor :STMicroelectronics HAL Drivers 0.0.0
2025-09-02 14:02:11,969 [INFO] ThirdParty:1030 - CMSIS Pack Vendor :STMicroelectronics MBEDTLS 2.16.2
2025-09-02 14:02:11,969 [INFO] ThirdParty:1030 - CMSIS Pack Vendor :STMicroelectronics X-CUBE-ALS 1.0.2
2025-09-02 14:02:11,969 [INFO] ThirdParty:1030 - CMSIS Pack Vendor :emotas I-CUBE-CANOPEN 1.3.0
2025-09-02 14:02:11,969 [INFO] ThirdParty:1030 - CMSIS Pack Vendor :STMicroelectronics X-CUBE-FREERTOS 1.3.0
2025-09-02 14:02:11,969 [INFO] ThirdParty:1030 - CMSIS Pack Vendor :STMicroelectronics X-CUBE-NFC7 1.0.1
2025-09-02 14:02:11,969 [INFO] ThirdParty:1030 - CMSIS Pack Vendor :STMicroelectronics MBEDTLS 2.14.1
2025-09-02 14:02:11,969 [INFO] ThirdParty:1030 - CMSIS Pack Vendor :wolfSSL I-CUBE-wolfSSL 5.7.6
2025-09-02 14:02:11,969 [INFO] ThirdParty:1030 - CMSIS Pack Vendor :ITTIA_DB I-CUBE-ITTIADB 8.9.0
2025-09-02 14:02:11,969 [INFO] ThirdParty:1030 - CMSIS Pack Vendor :STMicroelectronics X-CUBE-TOUCHGFX 4.24.2
2025-09-02 14:02:11,969 [INFO] ThirdParty:1030 - CMSIS Pack Vendor :wolfSSL I-CUBE-wolfTPM 3.4.0
2025-09-02 14:02:11,969 [INFO] ThirdParty:1030 - CMSIS Pack Vendor :portGmbH I-Cube-SoM-uGOAL 1.1.0
2025-09-02 14:02:11,969 [INFO] ThirdParty:1030 - CMSIS Pack Vendor :STMicroelectronics X-CUBE-AI 10.0.0
2025-09-02 14:02:11,969 [INFO] ThirdParty:1030 - CMSIS Pack Vendor :STMicroelectronics X-CUBE-AI 10.2.0
2025-09-02 14:02:11,969 [INFO] ThirdParty:1030 - CMSIS Pack Vendor :STMicroelectronics ThreadX 1.0.0
2025-09-02 14:02:11,970 [INFO] ThirdParty:1030 - CMSIS Pack Vendor :STMicroelectronics FP-SNS-SMARTAG2 1.2.0
2025-09-02 14:02:11,970 [INFO] ThirdParty:1030 - CMSIS Pack Vendor :STMicroelectronics X-CUBE-MEMS1 11.1.0
2025-09-02 14:02:11,970 [INFO] ThirdParty:1030 - CMSIS Pack Vendor :STMicroelectronics X-CUBE-AZRTOS-WL 2.0.0
2025-09-02 14:02:11,970 [INFO] ThirdParty:1030 - CMSIS Pack Vendor :SEGGER I-CUBE-embOS 1.3.1
2025-09-02 14:02:11,970 [INFO] ThirdParty:1030 - CMSIS Pack Vendor :STMicroelectronics X-CUBE-ALGOBUILD 1.4.0
2025-09-02 14:02:11,970 [INFO] ThirdParty:1030 - CMSIS Pack Vendor :STMicroelectronics X-CUBE-MEMS1 11.3.0
2025-09-02 14:02:11,970 [INFO] ThirdParty:1030 - CMSIS Pack Vendor :STMicroelectronics FP-SNS-MOTENV1 5.0.0
2025-09-02 14:02:11,970 [INFO] ThirdParty:1030 - CMSIS Pack Vendor :STMicroelectronics USB_DEVICE 1.0.0
2025-09-02 14:02:11,970 [INFO] ThirdParty:1030 - CMSIS Pack Vendor :STMicroelectronics X-CUBE-AZRTOS-H7RS 1.0.0
2025-09-02 14:02:11,970 [INFO] ThirdParty:1030 - CMSIS Pack Vendor :wolfSSL I-CUBE-wolfMQTT 1.19.0
2025-09-02 14:02:11,970 [INFO] ThirdParty:1030 - CMSIS Pack Vendor :STMicroelectronics X-CUBE-AZRTOS-L4 2.0.0
2025-09-02 14:02:11,970 [INFO] ThirdParty:1030 - CMSIS Pack Vendor :STMicroelectronics ThreadX 0.0.2
2025-09-02 14:02:11,970 [INFO] ThirdParty:1030 - CMSIS Pack Vendor :WES I-CUBE-Cesium 1.3.0
2025-09-02 14:02:11,970 [INFO] ThirdParty:1030 - CMSIS Pack Vendor :STMicroelectronics lwIP 2.1.2
2025-09-02 14:02:11,971 [INFO] ThirdParty:1030 - CMSIS Pack Vendor :STMicroelectronics X-CUBE-SFXS2LP1 4.0.0
2025-09-02 14:02:11,971 [INFO] ThirdParty:1030 - CMSIS Pack Vendor :STMicroelectronics X-CUBE-BLE2 3.3.0
2025-09-02 14:02:11,971 [INFO] ThirdParty:1030 - CMSIS Pack Vendor :STMicroelectronics PDM2PCM 3.2.0
2025-09-02 14:02:11,971 [INFO] ThirdParty:1030 - CMSIS Pack Vendor :wolfSSL I-CUBE-wolfSSH 1.4.17
2025-09-02 14:02:11,971 [INFO] ThirdParty:841 - exiting critical section [change project]
2025-09-02 14:02:12,486 [INFO] PinOutPanel:1499 - setPackage(No Configuration,No Configuration)
2025-09-02 14:02:12,487 [INFO] PinOutPanel:1499 - setPackage(STM32F103C8Tx,LQFP48)
2025-09-02 14:02:13,320 [INFO] UtilMem:75 - Before build in PCC Used Memory: 652627968 Bytes (955252736)
2025-09-02 14:02:14,830 [INFO] UtilMem:75 - After build in PCC Used Memory: 802064864 Bytes (955252736)
2025-09-02 14:02:14,996 [INFO] IPUIPlugin:80 - create IPUIPlugin
2025-09-02 14:02:14,997 [INFO] IPUIPlugin:80 - create IPUIPlugin
2025-09-02 14:02:15,003 [INFO] IPUIPlugin:80 - create IPUIPlugin
2025-09-02 14:02:15,004 [INFO] IPUIPlugin:80 - create IPUIPlugin
2025-09-02 14:02:15,004 [INFO] IPUIPlugin:80 - create IPUIPlugin
2025-09-02 14:02:15,004 [INFO] IPUIPlugin:80 - create IPUIPlugin
2025-09-02 14:02:15,004 [INFO] IPUIPlugin:80 - create IPUIPlugin
2025-09-02 14:02:15,005 [INFO] IPUIPlugin:80 - create IPUIPlugin
2025-09-02 14:02:15,005 [INFO] IPUIPlugin:80 - create IPUIPlugin
2025-09-02 14:02:15,005 [INFO] IPUIPlugin:80 - create IPUIPlugin
2025-09-02 14:02:15,007 [INFO] IPUIPlugin:80 - create IPUIPlugin
2025-09-02 14:02:15,008 [INFO] IPUIPlugin:80 - create IPUIPlugin
2025-09-02 14:02:15,008 [INFO] IPUIPlugin:80 - create IPUIPlugin
2025-09-02 14:02:15,011 [INFO] IPUIPlugin:80 - create IPUIPlugin
2025-09-02 14:02:15,012 [INFO] IPUIPlugin:80 - create IPUIPlugin
2025-09-02 14:02:15,012 [INFO] IPUIPlugin:80 - create IPUIPlugin
2025-09-02 14:02:15,012 [INFO] IPUIPlugin:80 - create IPUIPlugin
2025-09-02 14:02:15,013 [INFO] IPUIPlugin:80 - create IPUIPlugin
2025-09-02 14:02:15,013 [INFO] IPUIPlugin:80 - create IPUIPlugin
2025-09-02 14:02:15,014 [INFO] IPUIPlugin:80 - create IPUIPlugin
2025-09-02 14:02:15,014 [INFO] IPUIPlugin:80 - create IPUIPlugin
2025-09-02 14:02:15,014 [INFO] IPUIPlugin:80 - create IPUIPlugin
2025-09-02 14:02:15,015 [INFO] IPUIPlugin:80 - create IPUIPlugin
2025-09-02 14:02:15,015 [INFO] IPUIPlugin:80 - create IPUIPlugin
2025-09-02 14:02:15,015 [INFO] IPUIPlugin:80 - create IPUIPlugin
2025-09-02 14:02:15,016 [INFO] IPUIPlugin:80 - create IPUIPlugin
2025-09-02 14:02:15,017 [INFO] IPUIPlugin:80 - create IPUIPlugin
2025-09-02 14:02:15,298 [INFO] CADModel:165 - CPN selected for project levelSTM32F103C8T6
2025-09-02 14:02:15,299 [INFO] CADModel:114 - Register for checkConnection events
2025-09-02 14:02:15,372 [INFO] OpenFileManager:328 - Restore cursor
2025-09-02 14:04:34,368 [INFO] UtilMem:75 - End SaveConfig() Used Memory: 786651392 Bytes (955252736)
2025-09-02 14:04:37,239 [INFO] UtilMem:75 - End SaveConfig() Used Memory: 811317872 Bytes (955252736)
2025-09-02 14:04:41,961 [INFO] UtilMem:75 - End SaveConfig() Used Memory: 843800832 Bytes (955252736)
2025-09-02 14:04:42,928 [INFO] BlockDiagram:2759 - set Specific Code input for plugin: NVIC
2025-09-02 14:04:42,928 [INFO] BlockDiagram:2759 - set Specific Code input for plugin: TIM1_8F1
2025-09-02 14:04:42,928 [INFO] BlockDiagram:2759 - set Specific Code input for plugin: SYS
2025-09-02 14:04:42,930 [INFO] BlockDiagram:2759 - set Specific Code input for plugin: GPIO
2025-09-02 14:04:42,930 [INFO] BlockDiagram:2759 - set Specific Code input for plugin: RCC
2025-09-02 14:04:42,937 [INFO] CodeGenerator:793 - code generatio: config db path: /app/stm32cubeide/plugins/com.st.stm32cube.common.mx_6.8.0.202302231600//db/
2025-09-02 14:04:43,676 [INFO] CodeEngine:255 - oldGeneratedFile, /home/ziad/Ziad_WS/Cyber_Track_Software/UART_DRIVER/uart_module/MXTmpFiles/license.tmp_save
2025-09-02 14:04:44,489 [INFO] CodeEngine:279 - Generated code: /home/ziad/Ziad_WS/Cyber_Track_Software/UART_DRIVER/uart_module/MXTmpFiles/license.tmp
2025-09-02 14:04:44,625 [INFO] CodeEngine:255 - oldGeneratedFile, /home/ziad/Ziad_WS/Cyber_Track_Software/UART_DRIVER/uart_module/MXTmpFiles/gpio.tmp_save
2025-09-02 14:04:44,872 [INFO] CodeEngine:279 - Generated code: /home/ziad/Ziad_WS/Cyber_Track_Software/UART_DRIVER/uart_module/MXTmpFiles/gpio.tmp
2025-09-02 14:04:45,283 [INFO] CodeEngine:255 - oldGeneratedFile, /home/ziad/Ziad_WS/Cyber_Track_Software/UART_DRIVER/uart_module/Core/Src/stm32f1xx_it.c_save
2025-09-02 14:04:45,528 [INFO] CodeEngine:279 - Generated code: /home/ziad/Ziad_WS/Cyber_Track_Software/UART_DRIVER/uart_module/Core/Src/stm32f1xx_it.c
2025-09-02 14:04:45,531 [INFO] CodeEngine:255 - oldGeneratedFile, /home/ziad/Ziad_WS/Cyber_Track_Software/UART_DRIVER/uart_module/Core/Inc/stm32f1xx_it.h_save
2025-09-02 14:04:45,651 [INFO] CodeEngine:279 - Generated code: /home/ziad/Ziad_WS/Cyber_Track_Software/UART_DRIVER/uart_module/Core/Inc/stm32f1xx_it.h
2025-09-02 14:04:45,657 [INFO] CodeEngine:255 - oldGeneratedFile, /home/ziad/Ziad_WS/Cyber_Track_Software/UART_DRIVER/uart_module/Core/Src/stm32f1xx_hal_msp.c_save
2025-09-02 14:04:45,895 [INFO] CodeEngine:279 - Generated code: /home/ziad/Ziad_WS/Cyber_Track_Software/UART_DRIVER/uart_module/Core/Src/stm32f1xx_hal_msp.c
2025-09-02 14:04:45,898 [INFO] CodeEngine:255 - oldGeneratedFile, /home/ziad/Ziad_WS/Cyber_Track_Software/UART_DRIVER/uart_module/MXTmpFiles/system.tmp_save
2025-09-02 14:04:46,067 [INFO] CodeEngine:279 - Generated code: /home/ziad/Ziad_WS/Cyber_Track_Software/UART_DRIVER/uart_module/MXTmpFiles/system.tmp
2025-09-02 14:04:46,075 [INFO] CodeEngine:311 - oldGeneratedFile, /home/ziad/Ziad_WS/Cyber_Track_Software/UART_DRIVER/uart_module/Core/Inc/stm32f1xx_hal_conf.h_save
2025-09-02 14:04:46,228 [INFO] CodeEngine:335 - Generated code: /home/ziad/Ziad_WS/Cyber_Track_Software/UART_DRIVER/uart_module/Core/Inc/stm32f1xx_hal_conf.h
2025-09-02 14:04:46,278 [WARN] IPConfigManager:3431 - IP not found : TIM
2025-09-02 14:04:46,280 [WARN] CodeGenerator:3754 - IP not found : null
2025-09-02 14:04:46,284 [INFO] CodeEngine:255 - oldGeneratedFile, /home/ziad/Ziad_WS/Cyber_Track_Software/UART_DRIVER/uart_module/Core/Inc/main.h_save
2025-09-02 14:04:46,391 [INFO] CodeEngine:279 - Generated code: /home/ziad/Ziad_WS/Cyber_Track_Software/UART_DRIVER/uart_module/Core/Inc/main.h
2025-09-02 14:04:46,393 [INFO] CodeEngine:255 - oldGeneratedFile, /home/ziad/Ziad_WS/Cyber_Track_Software/UART_DRIVER/uart_module/Core/Src/main.c_save
2025-09-02 14:04:46,693 [INFO] CodeEngine:279 - Generated code: /home/ziad/Ziad_WS/Cyber_Track_Software/UART_DRIVER/uart_module/Core/Src/main.c
2025-09-02 14:04:48,089 [INFO] ProjectBuilder:2996 - Time for Copy HAL[1] : 99mS.
2025-09-02 14:04:48,112 [INFO] ProjectBuilder:4304 - Project Generator version: 3.19.2
2025-09-02 14:04:48,992 [INFO] ConfigFileManager:1483 - The Die is : DIE410
2025-09-02 14:04:49,017 [INFO] ApiDbMcu:507 - Load IP Config File for FATFS
2025-09-02 14:04:49,055 [INFO] ApiDbMcu:507 - Load IP Config File for FREERTOS
2025-09-02 14:04:49,095 [INFO] ApiDbMcu:507 - Load IP Config File for USB_DEVICE
2025-09-02 14:04:50,718 [INFO] LogOutputStream:77 - [STDOUT_REDIRECT] 
2025-09-02 14:04:53,408 [INFO] ProjectBuilder:4505 - Time for Generating toolchain IDE Files: 5295mS.
2025-09-02 14:04:53,414 [INFO] ProjectBuilder:2867 - Time for Copy CMSIS : 1mS.
2025-09-02 14:04:53,417 [INFO] ProjectBuilder:2867 - Time for Copy CMSIS : 0mS.
2025-09-02 14:09:41,849 [INFO] MainUpdater:2854 - connection check result : 10
2025-09-02 14:09:41,850 [INFO] MainUpdater:2854 - connection check result : 10
2025-09-02 14:09:42,004 [INFO] MicroXplorer:468 - Change Database Path : 
2025-09-02 14:09:42,004 [INFO] MicroXplorer:498 - Change Database Version : DB.6.0.80
2025-09-02 14:09:42,059 [WARN] ThirdParty:871 - waiting for thirdparty lock release [close project]
2025-09-02 14:09:42,059 [INFO] ThirdParty:873 - entering critical section [close project]
2025-09-02 14:09:42,059 [INFO] ThirdParty:883 - exiting critical section [close project]
2025-09-02 14:09:42,068 [INFO] PinOutPanel:1499 - setPackage(No Configuration,No Configuration)
2025-09-02 14:09:42,084 [INFO] UtilMem:75 - Begin LoadConfig() Used Memory: 391391936 Bytes (998244352)
2025-09-02 14:09:42,085 [INFO] MicroXplorer:468 - Change Database Path : 
2025-09-02 14:09:42,085 [INFO] MicroXplorer:498 - Change Database Version : DB.6.0.80
2025-09-02 14:09:42,085 [INFO] OpenFileManager:308 - Change cursor
2025-09-02 14:09:42,123 [INFO] RulesReader:64 - Compatibility file has been processed (293 Rules)
2025-09-02 14:09:42,140 [INFO] Mcu:1937 - Initializing MCU STM32F103C(8-B)Tx STM32F103C8Tx STM32F103C8T6
2025-09-02 14:09:42,999 [INFO] Context:659 - Trying to add GPIOservice into a context  which must be forbidden
2025-09-02 14:09:43,492 [INFO] RtosManager:555 - Registered RTOS mode: class=CMSIS, group=RTOS, mode=CMSIS_V1, owner=FREERTOS
2025-09-02 14:09:43,492 [INFO] RtosManager:555 - Registered RTOS mode: class=CMSIS, group=RTOS2, mode=CMSIS_V2, owner=FREERTOS
2025-09-02 14:09:43,492 [INFO] RtosManager:555 - Registered RTOS mode: class=RTOS, group=Core, mode=CMSIS_V1, owner=FREERTOS
2025-09-02 14:09:43,492 [INFO] RtosManager:555 - Registered RTOS mode: class=RTOS, group=Core, mode=CMSIS_V2, owner=FREERTOS
2025-09-02 14:09:43,493 [WARN] ModelIntegratedComponent:184 - Missing modes for component STMicroelectronics:FreeRTOS:0.0.1:STMicroelectronics:RTOS:FreeRTOS:Core:::10.2.0:
2025-09-02 14:09:43,506 [WARN] ModelIntegratedComponent:63 - No mode defined for component null
2025-09-02 14:09:43,506 [WARN] ModelIntegratedComponent:63 - No mode defined for component null
2025-09-02 14:09:43,506 [WARN] ModelIntegratedComponent:63 - No mode defined for component null
2025-09-02 14:09:43,506 [WARN] ModelIntegratedComponent:63 - No mode defined for component null
2025-09-02 14:09:43,506 [WARN] ModelIntegratedComponent:63 - No mode defined for component null
2025-09-02 14:09:43,506 [WARN] ModelIntegratedComponent:63 - No mode defined for component null
2025-09-02 14:09:43,506 [WARN] ModelIntegratedComponent:63 - No mode defined for component null
2025-09-02 14:09:43,506 [WARN] ModelIntegratedComponent:63 - No mode defined for component null
2025-09-02 14:09:43,506 [WARN] ModelIntegratedComponent:63 - No mode defined for component null
2025-09-02 14:09:43,506 [WARN] ModelIntegratedComponent:63 - No mode defined for component null
2025-09-02 14:09:43,507 [WARN] ModelIntegratedComponent:63 - No mode defined for component null
2025-09-02 14:09:43,507 [WARN] ModelIntegratedComponent:63 - No mode defined for component null
2025-09-02 14:09:43,507 [WARN] ModelIntegratedComponent:63 - No mode defined for component null
2025-09-02 14:09:43,507 [WARN] ModelIntegratedComponent:63 - No mode defined for component null
2025-09-02 14:09:43,507 [WARN] ModelIntegratedComponent:63 - No mode defined for component null
2025-09-02 14:09:43,507 [WARN] ModelIntegratedComponent:63 - No mode defined for component null
2025-09-02 14:09:43,507 [WARN] ModelIntegratedComponent:63 - No mode defined for component null
2025-09-02 14:09:43,507 [WARN] ModelIntegratedComponent:63 - No mode defined for component null
2025-09-02 14:09:43,507 [WARN] ModelIntegratedComponent:63 - No mode defined for component null
2025-09-02 14:09:43,507 [WARN] ModelIntegratedComponent:63 - No mode defined for component null
2025-09-02 14:09:43,507 [WARN] ModelIntegratedComponent:63 - No mode defined for component null
2025-09-02 14:09:43,507 [WARN] ModelIntegratedComponent:63 - No mode defined for component null
2025-09-02 14:09:43,507 [WARN] ModelIntegratedComponent:63 - No mode defined for component null
2025-09-02 14:09:43,507 [WARN] ModelIntegratedComponent:63 - No mode defined for component null
2025-09-02 14:09:43,507 [WARN] ModelIntegratedComponent:63 - No mode defined for component null
2025-09-02 14:09:43,508 [WARN] ModelIntegratedComponent:63 - No mode defined for component null
2025-09-02 14:09:43,508 [WARN] ModelIntegratedComponent:63 - No mode defined for component null
2025-09-02 14:09:43,508 [WARN] ModelIntegratedComponent:63 - No mode defined for component null
2025-09-02 14:09:43,508 [WARN] ModelIntegratedComponent:63 - No mode defined for component null
2025-09-02 14:09:43,508 [WARN] ModelIntegratedComponent:63 - No mode defined for component null
2025-09-02 14:09:43,508 [WARN] ModelIntegratedComponent:63 - No mode defined for component null
2025-09-02 14:09:43,508 [WARN] ModelIntegratedComponent:63 - No mode defined for component null
2025-09-02 14:09:43,508 [WARN] ModelIntegratedComponent:63 - No mode defined for component null
2025-09-02 14:09:43,864 [INFO] ThirdPartyModel:298 - Start build external matchings
2025-09-02 14:09:44,882 [INFO] ThirdPartyModel:316 - End build external matchings
2025-09-02 14:09:44,912 [INFO] ImportTextPane:194 - (OptionalMessage_ERROR) IP (RCC) : Invalid parameter (FamilyName)
2025-09-02 14:09:45,041 [INFO] UtilMem:75 - End LoadConfig() Used Memory: 443864616 Bytes (998244352)
2025-09-02 14:09:45,056 [WARN] ThirdParty:833 - waiting for thirdparty lock release [change project]
2025-09-02 14:09:45,057 [INFO] ThirdParty:835 - entering critical section [change project]
2025-09-02 14:09:45,057 [INFO] ThirdParty:1030 - CMSIS Pack Vendor :STMicroelectronics X-CUBE-PM33A1 1.0.0
2025-09-02 14:09:45,057 [INFO] ThirdParty:1030 - CMSIS Pack Vendor :STMicroelectronics X-CUBE-AZRTOS-H7 3.3.0
2025-09-02 14:09:45,057 [INFO] ThirdParty:1030 - CMSIS Pack Vendor :STMicroelectronics X-CUBE-NFC9 1.0.0
2025-09-02 14:09:45,058 [INFO] ThirdParty:1030 - CMSIS Pack Vendor :STMicroelectronics USB_HOST 2.0.0
2025-09-02 14:09:45,058 [INFO] ThirdParty:1030 - CMSIS Pack Vendor :STMicroelectronics FP-SNS-MOTENVWB1 1.4.0
2025-09-02 14:09:45,060 [INFO] ThirdParty:1030 - CMSIS Pack Vendor :STMicroelectronics X-CUBE-AZRTOS-F4 1.1.0
2025-09-02 14:09:45,060 [INFO] ThirdParty:1030 - CMSIS Pack Vendor :STMicroelectronics LIBJPEG 8.0.0
2025-09-02 14:09:45,060 [INFO] ThirdParty:1030 - CMSIS Pack Vendor :STMicroelectronics FP-ATR-ASTRA1 2.0.2
2025-09-02 14:09:45,060 [INFO] ThirdParty:1030 - CMSIS Pack Vendor :STMicroelectronics FP-ATR-ASTRA1 2.0.1
2025-09-02 14:09:45,060 [INFO] ThirdParty:1030 - CMSIS Pack Vendor :STMicroelectronics X-CUBE-BLE1 7.1.0
2025-09-02 14:09:45,061 [INFO] ThirdParty:1030 - CMSIS Pack Vendor :STMicroelectronics X-CUBE-SMBUS 2.1.0
2025-09-02 14:09:45,061 [INFO] ThirdParty:1030 - CMSIS Pack Vendor :STMicroelectronics X-CUBE-WB05N 1.1.0
2025-09-02 14:09:45,061 [INFO] ThirdParty:1030 - CMSIS Pack Vendor :STMicroelectronics USB_DEVICE 3.0.0
2025-09-02 14:09:45,061 [INFO] ThirdParty:1030 - CMSIS Pack Vendor :STMicroelectronics X-CUBE-ISPU 2.1.0
2025-09-02 14:09:45,061 [INFO] ThirdParty:1030 - CMSIS Pack Vendor :STMicroelectronics X-CUBE-EEPRMA1 5.2.0
2025-09-02 14:09:45,061 [INFO] ThirdParty:1030 - CMSIS Pack Vendor :STMicroelectronics X-CUBE-AZRTOS-WB 2.0.0
2025-09-02 14:09:45,061 [INFO] ThirdParty:1030 - CMSIS Pack Vendor :STMicroelectronics X-CUBE-GNSS1 7.0.1
2025-09-02 14:09:45,061 [INFO] ThirdParty:1030 - CMSIS Pack Vendor :STMicroelectronics X-CUBE-NFC12 1.0.0
2025-09-02 14:09:45,061 [INFO] ThirdParty:1030 - CMSIS Pack Vendor :STMicroelectronics X-CUBE-AZRTOS-F7 1.1.0
2025-09-02 14:09:45,061 [INFO] ThirdParty:1030 - CMSIS Pack Vendor :STMicroelectronics X-CUBE-AZRTOS-L5 2.0.0
2025-09-02 14:09:45,061 [INFO] ThirdParty:1030 - CMSIS Pack Vendor :STMicroelectronics X-CUBE-TOUCHGFX 4.25.0
2025-09-02 14:09:45,062 [INFO] ThirdParty:1030 - CMSIS Pack Vendor :STMicroelectronics USB_DEVICE 2.0.0
2025-09-02 14:09:45,062 [INFO] ThirdParty:1030 - CMSIS Pack Vendor :STMicroelectronics X-CUBE-NFC6 3.1.0
2025-09-02 14:09:45,062 [INFO] ThirdParty:1030 - CMSIS Pack Vendor :STMicroelectronics X-CUBE-MEMS1 11.2.0
2025-09-02 14:09:45,062 [INFO] ThirdParty:1030 - CMSIS Pack Vendor :STMicroelectronics FreeRTOS 0.0.1
2025-09-02 14:09:45,062 [INFO] ThirdParty:1030 - CMSIS Pack Vendor :STMicroelectronics X-CUBE-AZRTOS-G0 1.1.0
2025-09-02 14:09:45,062 [INFO] ThirdParty:1030 - CMSIS Pack Vendor :STMicroelectronics X-CUBE-SAFEA1 1.2.2
2025-09-02 14:09:45,062 [INFO] ThirdParty:1030 - CMSIS Pack Vendor :STMicroelectronics X-CUBE-NFC4 3.0.0
2025-09-02 14:09:45,062 [INFO] ThirdParty:1030 - CMSIS Pack Vendor :STMicroelectronics X-CUBE-SUBG2 5.0.0
2025-09-02 14:09:45,062 [INFO] ThirdParty:1030 - CMSIS Pack Vendor :STMicroelectronics X-CUBE-AZRTOS-H7RS 1.1.0
2025-09-02 14:09:45,062 [INFO] ThirdParty:1030 - CMSIS Pack Vendor :STMicroelectronics STM32_WPAN 1.0.0
2025-09-02 14:09:45,062 [INFO] ThirdParty:1030 - CMSIS Pack Vendor :STMicroelectronics lwIP 2.0.3
2025-09-02 14:09:45,062 [INFO] ThirdParty:1030 - CMSIS Pack Vendor :STMicroelectronics FP-SNS-FLIGHT1 5.0.2
2025-09-02 14:09:45,062 [INFO] ThirdParty:1030 - CMSIS Pack Vendor :Cesanta I-CUBE-Mongoose 7.13.0
2025-09-02 14:09:45,062 [INFO] ThirdParty:1030 - CMSIS Pack Vendor :STMicroelectronics USB_HOST 1.0.0
2025-09-02 14:09:45,062 [INFO] ThirdParty:1030 - CMSIS Pack Vendor :STMicroelectronics X-CUBE-AZRTOS-G4 2.0.0
2025-09-02 14:09:45,063 [INFO] ThirdParty:1030 - CMSIS Pack Vendor :STMicroelectronics X-CUBE-WB05N 2.0.0
2025-09-02 14:09:45,063 [INFO] ThirdParty:1030 - CMSIS Pack Vendor :STMicroelectronics PDM2PCM 3.1.0
2025-09-02 14:09:45,063 [INFO] ThirdParty:1030 - CMSIS Pack Vendor :STMicroelectronics PDM2PCM 3.3.0
2025-09-02 14:09:45,063 [INFO] ThirdParty:1030 - CMSIS Pack Vendor :STMicroelectronics X-CUBE-AZRTOS-H7 3.4.0
2025-09-02 14:09:45,063 [INFO] ThirdParty:1030 - CMSIS Pack Vendor :STMicroelectronics X-CUBE-DISPLAY 3.0.0
2025-09-02 14:09:45,063 [INFO] ThirdParty:1030 - CMSIS Pack Vendor :STMicroelectronics X-CUBE-NFC7 2.0.0
2025-09-02 14:09:45,063 [INFO] ThirdParty:1030 - CMSIS Pack Vendor :STMicroelectronics X-CUBE-BLE1 7.0.0
2025-09-02 14:09:45,063 [INFO] ThirdParty:1030 - CMSIS Pack Vendor :STMicroelectronics FP-ATR-SIGFOX1 3.2.0
2025-09-02 14:09:45,063 [INFO] ThirdParty:1030 - CMSIS Pack Vendor :STMicroelectronics X-CUBE-NFC10 1.0.0
2025-09-02 14:09:45,063 [INFO] ThirdParty:1030 - CMSIS Pack Vendor :STMicroelectronics X-CUBE-EEPRMA1 5.1.0
2025-09-02 14:09:45,063 [INFO] ThirdParty:1030 - CMSIS Pack Vendor :STMicroelectronics X-CUBE-FREERTOS 1.3.1
2025-09-02 14:09:45,063 [INFO] ThirdParty:1030 - CMSIS Pack Vendor :STMicroelectronics HAL Drivers 0.0.0
2025-09-02 14:09:45,063 [INFO] ThirdParty:1030 - CMSIS Pack Vendor :STMicroelectronics MBEDTLS 2.16.2
2025-09-02 14:09:45,063 [INFO] ThirdParty:1030 - CMSIS Pack Vendor :STMicroelectronics X-CUBE-ALS 1.0.2
2025-09-02 14:09:45,063 [INFO] ThirdParty:1030 - CMSIS Pack Vendor :emotas I-CUBE-CANOPEN 1.3.0
2025-09-02 14:09:45,063 [INFO] ThirdParty:1030 - CMSIS Pack Vendor :STMicroelectronics X-CUBE-FREERTOS 1.3.0
2025-09-02 14:09:45,063 [INFO] ThirdParty:1030 - CMSIS Pack Vendor :STMicroelectronics X-CUBE-NFC7 1.0.1
2025-09-02 14:09:45,064 [INFO] ThirdParty:1030 - CMSIS Pack Vendor :STMicroelectronics MBEDTLS 2.14.1
2025-09-02 14:09:45,064 [INFO] ThirdParty:1030 - CMSIS Pack Vendor :wolfSSL I-CUBE-wolfSSL 5.7.6
2025-09-02 14:09:45,064 [INFO] ThirdParty:1030 - CMSIS Pack Vendor :ITTIA_DB I-CUBE-ITTIADB 8.9.0
2025-09-02 14:09:45,064 [INFO] ThirdParty:1030 - CMSIS Pack Vendor :STMicroelectronics X-CUBE-TOUCHGFX 4.24.2
2025-09-02 14:09:45,064 [INFO] ThirdParty:1030 - CMSIS Pack Vendor :wolfSSL I-CUBE-wolfTPM 3.4.0
2025-09-02 14:09:45,064 [INFO] ThirdParty:1030 - CMSIS Pack Vendor :portGmbH I-Cube-SoM-uGOAL 1.1.0
2025-09-02 14:09:45,064 [INFO] ThirdParty:1030 - CMSIS Pack Vendor :STMicroelectronics X-CUBE-AI 10.0.0
2025-09-02 14:09:45,064 [INFO] ThirdParty:1030 - CMSIS Pack Vendor :STMicroelectronics X-CUBE-AI 10.2.0
2025-09-02 14:09:45,064 [INFO] ThirdParty:1030 - CMSIS Pack Vendor :STMicroelectronics ThreadX 1.0.0
2025-09-02 14:09:45,064 [INFO] ThirdParty:1030 - CMSIS Pack Vendor :STMicroelectronics FP-SNS-SMARTAG2 1.2.0
2025-09-02 14:09:45,064 [INFO] ThirdParty:1030 - CMSIS Pack Vendor :STMicroelectronics X-CUBE-MEMS1 11.1.0
2025-09-02 14:09:45,064 [INFO] ThirdParty:1030 - CMSIS Pack Vendor :STMicroelectronics X-CUBE-AZRTOS-WL 2.0.0
2025-09-02 14:09:45,064 [INFO] ThirdParty:1030 - CMSIS Pack Vendor :SEGGER I-CUBE-embOS 1.3.1
2025-09-02 14:09:45,064 [INFO] ThirdParty:1030 - CMSIS Pack Vendor :STMicroelectronics X-CUBE-ALGOBUILD 1.4.0
2025-09-02 14:09:45,065 [INFO] ThirdParty:1030 - CMSIS Pack Vendor :STMicroelectronics X-CUBE-MEMS1 11.3.0
2025-09-02 14:09:45,065 [INFO] ThirdParty:1030 - CMSIS Pack Vendor :STMicroelectronics FP-SNS-MOTENV1 5.0.0
2025-09-02 14:09:45,065 [INFO] ThirdParty:1030 - CMSIS Pack Vendor :STMicroelectronics USB_DEVICE 1.0.0
2025-09-02 14:09:45,065 [INFO] ThirdParty:1030 - CMSIS Pack Vendor :STMicroelectronics X-CUBE-AZRTOS-H7RS 1.0.0
2025-09-02 14:09:45,065 [INFO] ThirdParty:1030 - CMSIS Pack Vendor :wolfSSL I-CUBE-wolfMQTT 1.19.0
2025-09-02 14:09:45,065 [INFO] ThirdParty:1030 - CMSIS Pack Vendor :STMicroelectronics X-CUBE-AZRTOS-L4 2.0.0
2025-09-02 14:09:45,065 [INFO] ThirdParty:1030 - CMSIS Pack Vendor :STMicroelectronics ThreadX 0.0.2
2025-09-02 14:09:45,066 [INFO] ThirdParty:1030 - CMSIS Pack Vendor :WES I-CUBE-Cesium 1.3.0
2025-09-02 14:09:45,066 [INFO] ThirdParty:1030 - CMSIS Pack Vendor :STMicroelectronics lwIP 2.1.2
2025-09-02 14:09:45,066 [INFO] ThirdParty:1030 - CMSIS Pack Vendor :STMicroelectronics X-CUBE-SFXS2LP1 4.0.0
2025-09-02 14:09:45,066 [INFO] ThirdParty:1030 - CMSIS Pack Vendor :STMicroelectronics X-CUBE-BLE2 3.3.0
2025-09-02 14:09:45,066 [INFO] ThirdParty:1030 - CMSIS Pack Vendor :STMicroelectronics PDM2PCM 3.2.0
2025-09-02 14:09:45,066 [INFO] ThirdParty:1030 - CMSIS Pack Vendor :wolfSSL I-CUBE-wolfSSH 1.4.17
2025-09-02 14:09:45,066 [INFO] ThirdParty:841 - exiting critical section [change project]
2025-09-02 14:09:45,479 [INFO] PinOutPanel:1499 - setPackage(No Configuration,No Configuration)
2025-09-02 14:09:45,482 [INFO] PinOutPanel:1499 - setPackage(STM32F103C8Tx,LQFP48)
2025-09-02 14:09:45,713 [INFO] UtilMem:75 - Before build in PCC Used Memory: 527202936 Bytes (998244352)
2025-09-02 14:09:45,989 [INFO] UtilMem:75 - After build in PCC Used Memory: 570711072 Bytes (998244352)
2025-09-02 14:09:46,008 [INFO] IPUIPlugin:80 - create IPUIPlugin
2025-09-02 14:09:46,008 [INFO] IPUIPlugin:80 - create IPUIPlugin
2025-09-02 14:09:46,008 [INFO] IPUIPlugin:80 - create IPUIPlugin
2025-09-02 14:09:46,008 [INFO] IPUIPlugin:80 - create IPUIPlugin
2025-09-02 14:09:46,008 [INFO] IPUIPlugin:80 - create IPUIPlugin
2025-09-02 14:09:46,008 [INFO] IPUIPlugin:80 - create IPUIPlugin
2025-09-02 14:09:46,009 [INFO] IPUIPlugin:80 - create IPUIPlugin
2025-09-02 14:09:46,009 [INFO] IPUIPlugin:80 - create IPUIPlugin
2025-09-02 14:09:46,009 [INFO] IPUIPlugin:80 - create IPUIPlugin
2025-09-02 14:09:46,009 [INFO] IPUIPlugin:80 - create IPUIPlugin
2025-09-02 14:09:46,009 [INFO] IPUIPlugin:80 - create IPUIPlugin
2025-09-02 14:09:46,009 [INFO] IPUIPlugin:80 - create IPUIPlugin
2025-09-02 14:09:46,009 [INFO] IPUIPlugin:80 - create IPUIPlugin
2025-09-02 14:09:46,009 [INFO] IPUIPlugin:80 - create IPUIPlugin
2025-09-02 14:09:46,009 [INFO] IPUIPlugin:80 - create IPUIPlugin
2025-09-02 14:09:46,010 [INFO] IPUIPlugin:80 - create IPUIPlugin
2025-09-02 14:09:46,010 [INFO] IPUIPlugin:80 - create IPUIPlugin
2025-09-02 14:09:46,010 [INFO] IPUIPlugin:80 - create IPUIPlugin
2025-09-02 14:09:46,010 [INFO] IPUIPlugin:80 - create IPUIPlugin
2025-09-02 14:09:46,010 [INFO] IPUIPlugin:80 - create IPUIPlugin
2025-09-02 14:09:46,010 [INFO] IPUIPlugin:80 - create IPUIPlugin
2025-09-02 14:09:46,010 [INFO] IPUIPlugin:80 - create IPUIPlugin
2025-09-02 14:09:46,011 [INFO] IPUIPlugin:80 - create IPUIPlugin
2025-09-02 14:09:46,011 [INFO] IPUIPlugin:80 - create IPUIPlugin
2025-09-02 14:09:46,011 [INFO] IPUIPlugin:80 - create IPUIPlugin
2025-09-02 14:09:46,012 [INFO] IPUIPlugin:80 - create IPUIPlugin
2025-09-02 14:09:46,012 [INFO] IPUIPlugin:80 - create IPUIPlugin
2025-09-02 14:09:46,062 [INFO] CADModel:165 - CPN selected for project levelSTM32F103C8T6
2025-09-02 14:09:46,062 [INFO] CADModel:114 - Register for checkConnection events
2025-09-02 14:09:46,102 [INFO] OpenFileManager:328 - Restore cursor
2025-09-02 14:12:01,999 [INFO] UtilMem:75 - End SaveConfig() Used Memory: 392912376 Bytes (998244352)
2025-09-02 14:12:02,123 [INFO] UtilMem:75 - End SaveConfig() Used Memory: 405568048 Bytes (998244352)
2025-09-02 14:12:02,640 [INFO] UtilMem:75 - End SaveConfig() Used Memory: 473130488 Bytes (998244352)
2025-09-02 14:12:03,093 [INFO] BlockDiagram:2759 - set Specific Code input for plugin: NVIC
2025-09-02 14:12:03,093 [INFO] BlockDiagram:2759 - set Specific Code input for plugin: TIM1_8F1
2025-09-02 14:12:03,093 [INFO] BlockDiagram:2759 - set Specific Code input for plugin: SYS
2025-09-02 14:12:03,094 [INFO] BlockDiagram:2759 - set Specific Code input for plugin: GPIO
2025-09-02 14:12:03,095 [INFO] BlockDiagram:2759 - set Specific Code input for plugin: RCC
2025-09-02 14:12:03,096 [INFO] CodeGenerator:793 - code generatio: config db path: /app/stm32cubeide/plugins/com.st.stm32cube.common.mx_6.8.0.202302231600//db/
2025-09-02 14:12:04,293 [INFO] CodeEngine:255 - oldGeneratedFile, /home/ziad/Ziad_WS/Cyber_Track_Software/UART_DRIVER/uart_module/MXTmpFiles/license.tmp_save
2025-09-02 14:12:04,471 [INFO] CodeEngine:279 - Generated code: /home/ziad/Ziad_WS/Cyber_Track_Software/UART_DRIVER/uart_module/MXTmpFiles/license.tmp
2025-09-02 14:12:04,629 [INFO] CodeEngine:255 - oldGeneratedFile, /home/ziad/Ziad_WS/Cyber_Track_Software/UART_DRIVER/uart_module/MXTmpFiles/gpio.tmp_save
2025-09-02 14:12:04,783 [INFO] CodeEngine:279 - Generated code: /home/ziad/Ziad_WS/Cyber_Track_Software/UART_DRIVER/uart_module/MXTmpFiles/gpio.tmp
2025-09-02 14:12:05,014 [INFO] CodeEngine:255 - oldGeneratedFile, /home/ziad/Ziad_WS/Cyber_Track_Software/UART_DRIVER/uart_module/Core/Src/stm32f1xx_it.c_save
2025-09-02 14:12:05,117 [INFO] CodeEngine:279 - Generated code: /home/ziad/Ziad_WS/Cyber_Track_Software/UART_DRIVER/uart_module/Core/Src/stm32f1xx_it.c
2025-09-02 14:12:05,120 [INFO] CodeEngine:255 - oldGeneratedFile, /home/ziad/Ziad_WS/Cyber_Track_Software/UART_DRIVER/uart_module/Core/Inc/stm32f1xx_it.h_save
2025-09-02 14:12:05,202 [INFO] CodeEngine:279 - Generated code: /home/ziad/Ziad_WS/Cyber_Track_Software/UART_DRIVER/uart_module/Core/Inc/stm32f1xx_it.h
2025-09-02 14:12:05,221 [INFO] CodeEngine:255 - oldGeneratedFile, /home/ziad/Ziad_WS/Cyber_Track_Software/UART_DRIVER/uart_module/Core/Src/stm32f1xx_hal_msp.c_save
2025-09-02 14:12:05,348 [INFO] CodeEngine:279 - Generated code: /home/ziad/Ziad_WS/Cyber_Track_Software/UART_DRIVER/uart_module/Core/Src/stm32f1xx_hal_msp.c
2025-09-02 14:12:05,350 [INFO] CodeEngine:255 - oldGeneratedFile, /home/ziad/Ziad_WS/Cyber_Track_Software/UART_DRIVER/uart_module/MXTmpFiles/system.tmp_save
2025-09-02 14:12:05,466 [INFO] CodeEngine:279 - Generated code: /home/ziad/Ziad_WS/Cyber_Track_Software/UART_DRIVER/uart_module/MXTmpFiles/system.tmp
2025-09-02 14:12:05,468 [INFO] CodeEngine:311 - oldGeneratedFile, /home/ziad/Ziad_WS/Cyber_Track_Software/UART_DRIVER/uart_module/Core/Inc/stm32f1xx_hal_conf.h_save
2025-09-02 14:12:05,585 [INFO] CodeEngine:335 - Generated code: /home/ziad/Ziad_WS/Cyber_Track_Software/UART_DRIVER/uart_module/Core/Inc/stm32f1xx_hal_conf.h
2025-09-02 14:12:05,616 [WARN] IPConfigManager:3431 - IP not found : TIM
2025-09-02 14:12:05,617 [WARN] CodeGenerator:3754 - IP not found : null
2025-09-02 14:12:05,620 [INFO] CodeEngine:255 - oldGeneratedFile, /home/ziad/Ziad_WS/Cyber_Track_Software/UART_DRIVER/uart_module/Core/Inc/main.h_save
2025-09-02 14:12:05,754 [INFO] CodeEngine:279 - Generated code: /home/ziad/Ziad_WS/Cyber_Track_Software/UART_DRIVER/uart_module/Core/Inc/main.h
2025-09-02 14:12:05,756 [INFO] CodeEngine:255 - oldGeneratedFile, /home/ziad/Ziad_WS/Cyber_Track_Software/UART_DRIVER/uart_module/Core/Src/main.c_save
2025-09-02 14:12:05,927 [INFO] CodeEngine:279 - Generated code: /home/ziad/Ziad_WS/Cyber_Track_Software/UART_DRIVER/uart_module/Core/Src/main.c
2025-09-02 14:12:06,593 [INFO] ProjectBuilder:2996 - Time for Copy HAL[1] : 68mS.
2025-09-02 14:12:06,596 [INFO] ProjectBuilder:4304 - Project Generator version: 3.19.2
2025-09-02 14:12:06,966 [INFO] ConfigFileManager:1483 - The Die is : DIE410
2025-09-02 14:12:06,977 [INFO] ApiDbMcu:507 - Load IP Config File for FATFS
2025-09-02 14:12:07,015 [INFO] ApiDbMcu:507 - Load IP Config File for FREERTOS
2025-09-02 14:12:07,056 [INFO] ApiDbMcu:507 - Load IP Config File for USB_DEVICE
2025-09-02 14:12:10,141 [INFO] ProjectBuilder:4505 - Time for Generating toolchain IDE Files: 3545mS.
2025-09-02 14:12:10,141 [INFO] ProjectBuilder:2867 - Time for Copy CMSIS : 0mS.
2025-09-02 14:12:10,142 [INFO] ProjectBuilder:2867 - Time for Copy CMSIS : 0mS.
2025-09-02 14:20:39,083 [INFO] Activator:176 - 


2025-09-02 14:20:39,085 [INFO] Activator:177 - !SESSION log4j initialized
2025-09-02 14:20:43,674 [INFO] LogOutputStream:77 - [STDOUT_REDIRECT] 
2025-09-02 14:20:44,385 [ERROR] ConfigurationRetriever:142 - IOException on connection: sw-center.st.com
2025-09-02 14:20:44,386 [ERROR] ConfigurationRetriever:142 - IOException on connection: sw-center.st.com
2025-09-02 14:20:44,387 [ERROR] ConfigurationRetriever:142 - IOException on connection: sw-center.st.com
2025-09-02 14:21:04,920 [ERROR] LogOutputStream:75 - [STDERR_REDIRECT] SLF4J: Failed to load class "org.slf4j.impl.StaticLoggerBinder".
2025-09-02 14:21:04,920 [ERROR] LogOutputStream:75 - [STDERR_REDIRECT] SLF4J: Defaulting to no-operation (NOP) logger implementation
2025-09-02 14:21:04,921 [ERROR] LogOutputStream:75 - [STDERR_REDIRECT] SLF4J: See http://www.slf4j.org/codes.html#StaticLoggerBinder for further details.
2025-09-02 14:24:36,084 [ERROR] ConfigurationRetriever:142 - IOException on connection: sw-center.st.com
2025-09-02 14:24:36,088 [ERROR] ConfigurationRetriever:142 - IOException on connection: sw-center.st.com
2025-09-02 14:24:36,093 [ERROR] ConfigurationRetriever:142 - IOException on connection: sw-center.st.com
2025-09-02 14:48:17,795 [ERROR] ConfigurationRetriever:142 - IOException on connection: sw-center.st.com
2025-09-02 14:48:17,798 [ERROR] ConfigurationRetriever:142 - IOException on connection: sw-center.st.com
2025-09-02 14:48:17,800 [ERROR] ConfigurationRetriever:142 - IOException on connection: sw-center.st.com
2025-09-02 23:32:50,285 [INFO] Activator:176 - 


2025-09-02 23:32:50,290 [INFO] Activator:177 - !SESSION log4j initialized
2025-09-02 23:32:59,182 [INFO] LogOutputStream:77 - [STDOUT_REDIRECT] 
2025-09-02 23:33:20,175 [ERROR] LogOutputStream:75 - [STDERR_REDIRECT] SLF4J: Failed to load class "org.slf4j.impl.StaticLoggerBinder".
2025-09-02 23:33:20,176 [ERROR] LogOutputStream:75 - [STDERR_REDIRECT] SLF4J: Defaulting to no-operation (NOP) logger implementation
2025-09-02 23:33:20,176 [ERROR] LogOutputStream:75 - [STDERR_REDIRECT] SLF4J: See http://www.slf4j.org/codes.html#StaticLoggerBinder for further details.
